#
# A fatal error has been detected by the Java Runtime Environment:
#
#  EXCEPTION_ACCESS_VIOLATION (0xc0000005) at pc=0x000007fee8f66f31, pid=4276, tid=4528
#
# JRE version: OpenJDK Runtime Environment Temurin-17.0.3+7 (17.0.3+7) (build 17.0.3+7)
# Java VM: OpenJDK 64-Bit Server VM Temurin-17.0.3+7 (17.0.3+7, mixed mode, emulated-client, tiered, compressed oops, compressed class ptrs, g1 gc, windows-amd64)
# Problematic frame:
# V  [jvm.dll+0x306f31]
#
# No core dump will be written. Minidumps are not enabled by default on client versions of Windows
#
# If you would like to submit a bug report, please visit:
#   https://github.com/adoptium/adoptium-support/issues
#

---------------  S U M M A R Y ------------

Command Line: -Dcom.sun.management.jmxremote -Dcom.sun.management.jmxremote.port=49834 -Dcom.sun.management.jmxremote.authenticate=false -Dcom.sun.management.jmxremote.ssl=false -Djava.rmi.server.hostname=localhost -Dspring.jmx.enabled=true -Dmanagement.endpoints.jmx.exposure.include=* -Dspring.application.admin.enabled=true -XX:TieredStopAtLevel=1 -Dspring.boot.project.name=spring -Dfile.encoding=UTF-8 -XX:+ShowCodeDetailsInExceptionMessages com.carlosborges.Application --spring.output.ansi.enabled=always

Host: Pentium(R) Dual-Core CPU       T4500  @ 2.30GHz, 2 cores, 1G,  Windows 7 , 64 bit Build 7601 (6.1.7601.25740)
Time: Sat Apr 27 20:00:35 2024 Hora oficial do Brasil elapsed time: 3.206311 seconds (0d 0h 0m 3s)

---------------  T H R E A D  ---------------

Current thread (0x000000004e8428c0):  GCTaskThread "GC Thread#1" [stack: 0x000000004e4a0000,0x000000004e5a0000] [id=4528]

Stack: [0x000000004e4a0000,0x000000004e5a0000],  sp=0x000000004e59dfa0,  free space=1015k
Native frames: (J=compiled Java code, j=interpreted, Vv=VM code, C=native code)
V  [jvm.dll+0x306f31]
V  [jvm.dll+0x303d0e]
V  [jvm.dll+0x317014]
V  [jvm.dll+0x664cb9]
V  [jvm.dll+0x2c8793]
V  [jvm.dll+0x2c7fd1]
V  [jvm.dll+0x2c7f65]
V  [jvm.dll+0x7e48d6]
V  [jvm.dll+0x7e4769]
V  [jvm.dll+0x7e4d10]
V  [jvm.dll+0x31792c]
V  [jvm.dll+0x3177c5]
V  [jvm.dll+0x2de824]
V  [jvm.dll+0x2e027b]
V  [jvm.dll+0x85de5b]
V  [jvm.dll+0x85dea6]
V  [jvm.dll+0x7e0cfa]
V  [jvm.dll+0x674d85]
C  [ucrtbase.DLL+0x1c1ae]
C  [kernel32.dll+0x155dd]
C  [ntdll.dll+0x5295d]

JavaThread 0x000000000042dfa0 (nid = 208) was being processed
Java frames: (J=compiled Java code, j=interpreted, Vv=VM code)
J 329  java.lang.Object.clone()Ljava/lang/Object; java.base@17.0.3 (0 bytes) @ 0x0000000005b6ad5b [0x0000000005b6ad20+0x000000000000003b]
J 551 c1 java.lang.reflect.Method.getParameterTypes()[Ljava/lang/Class; java.base@17.0.3 (11 bytes) @ 0x0000000005bb25e4 [0x0000000005bb25a0+0x0000000000000044]
j  java.lang.reflect.Method.toShortSignature()Ljava/lang/String;+35 java.base@17.0.3
j  java.lang.reflect.ProxyGenerator.addProxyMethod(Ljava/lang/reflect/Method;Ljava/lang/Class;)V+12 java.base@17.0.3
j  java.lang.reflect.ProxyGenerator.generateClassFile()[B+117 java.base@17.0.3
j  java.lang.reflect.ProxyGenerator.generateProxyClass(Ljava/lang/ClassLoader;Ljava/lang/String;Ljava/util/List;I)[B+15 java.base@17.0.3
j  java.lang.reflect.Proxy$ProxyBuilder.defineProxyClass(Ljava/lang/Module;Ljava/util/List;)Ljava/lang/Class;+381 java.base@17.0.3
j  java.lang.reflect.Proxy$ProxyBuilder.build()Ljava/lang/reflect/Constructor;+8 java.base@17.0.3
j  java.lang.reflect.Proxy.lambda$getProxyConstructor$0(Ljava/lang/ClassLoader;Ljdk/internal/loader/AbstractClassLoaderValue$Sub;)Ljava/lang/reflect/Constructor;+15 java.base@17.0.3
j  java.lang.reflect.Proxy$$Lambda$20+0x000000000ccbbc30.apply(Ljava/lang/Object;Ljava/lang/Object;)Ljava/lang/Object;+8 java.base@17.0.3
j  jdk.internal.loader.AbstractClassLoaderValue$Memoizer.get()Ljava/lang/Object;+75 java.base@17.0.3
j  jdk.internal.loader.AbstractClassLoaderValue.computeIfAbsent(Ljava/lang/ClassLoader;Ljava/util/function/BiFunction;)Ljava/lang/Object;+63 java.base@17.0.3
j  java.lang.reflect.Proxy.getProxyConstructor(Ljava/lang/Class;Ljava/lang/ClassLoader;[Ljava/lang/Class;)Ljava/lang/reflect/Constructor;+40 java.base@17.0.3
j  java.lang.reflect.Proxy.newProxyInstance(Ljava/lang/ClassLoader;[Ljava/lang/Class;Ljava/lang/reflect/InvocationHandler;)Ljava/lang/Object;+22 java.base@17.0.3
j  sun.reflect.annotation.AnnotationParser$1.run()Ljava/lang/annotation/Annotation;+33 java.base@17.0.3
j  sun.reflect.annotation.AnnotationParser$1.run()Ljava/lang/Object;+1 java.base@17.0.3
J 809 c1 java.security.AccessController.doPrivileged(Ljava/security/PrivilegedAction;)Ljava/lang/Object; java.base@17.0.3 (9 bytes) @ 0x0000000005c1527c [0x0000000005c15240+0x000000000000003c]
j  sun.reflect.annotation.AnnotationParser.annotationForMap(Ljava/lang/Class;Ljava/util/Map;)Ljava/lang/annotation/Annotation;+9 java.base@17.0.3
j  sun.reflect.annotation.AnnotationParser.parseAnnotation2(Ljava/nio/ByteBuffer;Ljdk/internal/reflect/ConstantPool;Ljava/lang/Class;Z[Ljava/lang/Class;)Ljava/lang/annotation/Annotation;+267 java.base@17.0.3
j  sun.reflect.annotation.AnnotationParser.parseAnnotations2([BLjdk/internal/reflect/ConstantPool;Ljava/lang/Class;[Ljava/lang/Class;)Ljava/util/Map;+41 java.base@17.0.3
j  sun.reflect.annotation.AnnotationParser.parseAnnotations([BLjdk/internal/reflect/ConstantPool;Ljava/lang/Class;)Ljava/util/Map;+12 java.base@17.0.3
j  java.lang.Class.createAnnotationData(I)Ljava/lang/Class$AnnotationData;+9 java.base@17.0.3
j  java.lang.Class.annotationData()Ljava/lang/Class$AnnotationData;+26 java.base@17.0.3
j  java.lang.Class.getDeclaredAnnotations()[Ljava/lang/annotation/Annotation;+1 java.base@17.0.3
j  org.springframework.core.annotation.AnnotationsScanner.getDeclaredAnnotations(Ljava/lang/reflect/AnnotatedElement;Z)[Ljava/lang/annotation/Annotation;+25
j  org.springframework.core.annotation.AnnotationsScanner.isKnownEmpty(Ljava/lang/reflect/AnnotatedElement;Lorg/springframework/core/annotation/MergedAnnotations$SearchStrategy;Ljava/util/function/Predicate;)Z+48
j  org.springframework.core.annotation.TypeMappedAnnotations.from(Ljava/lang/reflect/AnnotatedElement;Lorg/springframework/core/annotation/MergedAnnotations$SearchStrategy;Ljava/util/function/Predicate;Lorg/springframework/core/annotation/RepeatableContainers;Lorg/springframework/core/annotation/AnnotationFilter;)Lorg/springframework/core/annotation/MergedAnnotations;+3
j  org.springframework.core.annotation.MergedAnnotations.from(Ljava/lang/reflect/AnnotatedElement;Lorg/springframework/core/annotation/MergedAnnotations$SearchStrategy;Ljava/util/function/Predicate;Lorg/springframework/core/annotation/RepeatableContainers;Lorg/springframework/core/annotation/AnnotationFilter;)Lorg/springframework/core/annotation/MergedAnnotations;+37
j  org.springframework.core.annotation.MergedAnnotations.from(Ljava/lang/reflect/AnnotatedElement;Lorg/springframework/core/annotation/MergedAnnotations$SearchStrategy;Lorg/springframework/core/annotation/RepeatableContainers;Lorg/springframework/core/annotation/AnnotationFilter;)Lorg/springframework/core/annotation/MergedAnnotations;+7
j  org.springframework.core.annotation.MergedAnnotations.from(Ljava/lang/reflect/AnnotatedElement;Lorg/springframework/core/annotation/MergedAnnotations$SearchStrategy;Lorg/springframework/core/annotation/RepeatableContainers;)Lorg/springframework/core/annotation/MergedAnnotations;+6
j  org.springframework.core.type.StandardAnnotationMetadata.<init>(Ljava/lang/Class;Z)V+13
j  org.springframework.core.type.StandardAnnotationMetadata.from(Ljava/lang/Class;)Lorg/springframework/core/type/AnnotationMetadata;+6
j  org.springframework.core.type.AnnotationMetadata.introspect(Ljava/lang/Class;)Lorg/springframework/core/type/AnnotationMetadata;+1
j  org.springframework.beans.factory.annotation.AnnotatedGenericBeanDefinition.<init>(Ljava/lang/Class;)V+11
j  org.springframework.context.annotation.AnnotatedBeanDefinitionReader.doRegisterBean(Ljava/lang/Class;Ljava/lang/String;[Ljava/lang/Class;Ljava/util/function/Supplier;[Lorg/springframework/beans/factory/config/BeanDefinitionCustomizer;)V+5
j  org.springframework.context.annotation.AnnotatedBeanDefinitionReader.registerBean(Ljava/lang/Class;)V+6
j  org.springframework.context.annotation.AnnotatedBeanDefinitionReader.register([Ljava/lang/Class;)V+23
j  org.springframework.boot.BeanDefinitionLoader.load(Ljava/lang/Class;)V+63
j  org.springframework.boot.BeanDefinitionLoader.load(Ljava/lang/Object;)V+20
j  org.springframework.boot.BeanDefinitionLoader.load()V+23
j  org.springframework.boot.SpringApplication.load(Lorg/springframework/context/ApplicationContext;[Ljava/lang/Object;)V+85
j  org.springframework.boot.SpringApplication.prepareContext(Lorg/springframework/boot/DefaultBootstrapContext;Lorg/springframework/context/ConfigurableApplicationContext;Lorg/springframework/core/env/ConfigurableEnvironment;Lorg/springframework/boot/SpringApplicationRunListeners;Lorg/springframework/boot/ApplicationArguments;Lorg/springframework/boot/Banner;)V+238
j  org.springframework.boot.SpringApplication.run([Ljava/lang/String;)Lorg/springframework/context/ConfigurableApplicationContext;+104
j  org.springframework.boot.SpringApplication.run([Ljava/lang/Class;[Ljava/lang/String;)Lorg/springframework/context/ConfigurableApplicationContext;+9
j  org.springframework.boot.SpringApplication.run(Ljava/lang/Class;[Ljava/lang/String;)Lorg/springframework/context/ConfigurableApplicationContext;+9
j  com.carlosborges.Application.main([Ljava/lang/String;)V+3
v  ~StubRoutines::call_stub

siginfo: EXCEPTION_ACCESS_VIOLATION (0xc0000005), reading address 0x0000000000000040


Register to memory mapping:

RIP=0x000007fee8f66f31 jvm.dll
RAX=0x00000000004452f0 points into unknown readable memory: 0x0000000000000000 | 00 00 00 00 00 00 00 00
RBX=0x00000000e0ef79d5 is pointing into object: [Ljava.lang.Object; 
{0x00000000e0ef79b8} - klass: 'java/lang/Object'[]
 - length: 5
RCX=0x0 is NULL
RDX=0x0 is NULL
RSP=0x000000004e59dfa0 points into unknown readable memory: 0x00000000e2a30100 | 00 01 a3 e2 00 00 00 00
RBP=0x00000000000006e9 is an unknown value
RSI=0x00000000e0ef79d4 is pointing into object: [Ljava.lang.Object; 
{0x00000000e0ef79b8} - klass: 'java/lang/Object'[]
 - length: 5
RDI=0x000000004e173ea0 points into unknown readable memory: 0x000007fee95b6c48 | 48 6c 5b e9 fe 07 00 00
R8 =0x00000000e0ef79b8 is an oop: [Ljava.lang.Object; 
{0x00000000e0ef79b8} - klass: 'java/lang/Object'[]
 - length: 5
R9 =0x0000000000000010 is an unknown value
R10=0x0000000000000040 is an unknown value
R11=0x0000000000000001 is an unknown value
R12=0x00000000000000ee is an unknown value
R13=0x000000004e59e1d8 points into unknown readable memory: 0x000000004f710000 | 00 00 71 4f 00 00 00 00
R14=0x0000000000000040 is an unknown value
R15=0x0 is NULL


Registers:
RAX=0x00000000004452f0, RBX=0x00000000e0ef79d5, RCX=0x0000000000000000, RDX=0x0000000000000000
RSP=0x000000004e59dfa0, RBP=0x00000000000006e9, RSI=0x00000000e0ef79d4, RDI=0x000000004e173ea0
R8 =0x00000000e0ef79b8, R9 =0x0000000000000010, R10=0x0000000000000040, R11=0x0000000000000001
R12=0x00000000000000ee, R13=0x000000004e59e1d8, R14=0x0000000000000040, R15=0x0000000000000000
RIP=0x000007fee8f66f31, EFLAGS=0x0000000000010246

Top of Stack: (sp=0x000000004e59dfa0)
0x000000004e59dfa0:   00000000e2a30100 0000000000000100
0x000000004e59dfb0:   0000000000440001 0000000000000011
0x000000004e59dfc0:   000000004e59e028 0000000000223005
0x000000004e59dfd0:   0000000000000001 000000004e59ded0
0x000000004e59dfe0:   000000000c930001 000000000000000a
0x000000004e59dff0:   000000004e59e188 00000000e2ed3d58
0x000000004e59e000:   0000000001daf598 0000000000000008
0x000000004e59e010:   000000004e173ea0 000007fee8f63d0e
0x000000004e59e020:   000000000042f3a0 000000000000000a
0x000000004e59e030:   000000004e590000 000000004e59e1d8
0x000000004e59e040:   0000000000674c6f 0000000000000000
0x000000004e59e050:   0000000001daf598 0000000051015768
0x000000004e59e060:   0000000051015768 000007fee8f77014
0x000000004e59e070:   0000000051010000 0000000000000001
0x000000004e59e080:   0000000001da0001 0000000000000001
0x000000004e59e090:   0000000000000007 000007fee92c4cb9 

Instructions: (pc=0x000007fee8f66f31)
0x000007fee8f66e31:   1b fd ff ff 66 66 66 0f 1f 84 00 00 00 00 00 48
0x000007fee8f66e41:   8b 77 10 8b ae 80 00 00 00 8b cd 8b 86 00 01 00
0x000007fee8f66e51:   00 2b c8 81 e1 ff ff 01 00 41 3b ce 0f 86 06 03
0x000007fee8f66e61:   00 00 ff cd 81 e5 ff ff 01 00 89 ae 80 00 00 00
0x000007fee8f66e71:   e8 3a 03 36 00 8b 86 00 01 00 00 8b cd 48 8b 9e
0x000007fee8f66e81:   80 01 00 00 2b c8 81 e1 ff ff 01 00 8b d5 81 f9
0x000007fee8f66e91:   ff ff 01 00 48 8b 1c eb 41 0f 44 cf 85 c9 75 41
0x000007fee8f66ea1:   48 8b 86 00 01 00 00 48 8b c8 48 89 44 24 28 48
0x000007fee8f66eb1:   c1 e9 20 ff c1 89 6c 24 20 89 4c 24 24 3b e8 0f
0x000007fee8f66ec1:   85 91 02 00 00 48 c1 e1 20 48 0b ca f0 48 0f b1
0x000007fee8f66ed1:   8e 00 01 00 00 0f 85 7b 02 00 00 8b 86 00 01 00
0x000007fee8f66ee1:   00 f6 c3 01 0f 84 3c 01 00 00 8b 0d e7 83 7f 00
0x000007fee8f66ef1:   48 8d 73 ff 48 8b 47 08 44 8b 16 49 d3 e2 4c 03
0x000007fee8f66f01:   15 ca 83 7f 00 8b 88 90 05 00 00 49 8b d2 48 8b
0x000007fee8f66f11:   80 80 05 00 00 48 d3 ea 0f b7 0c 50 66 89 8c 24
0x000007fee8f66f21:   90 00 00 00 66 c1 e9 08 84 c9 0f 88 0f ff ff ff
0x000007fee8f66f31:   4d 8b 02 41 0f b6 c0 24 03 3c 03 75 1e 44 38 3d
0x000007fee8f66f41:   ab 43 86 00 74 0f 41 0f b6 c0 24 07 3c 05 75 05
0x000007fee8f66f51:   4d 8b c7 eb 1f 49 83 e0 fc eb 19 0f b7 94 24 90
0x000007fee8f66f61:   00 00 00 4d 8b c8 4d 8b c2 48 8b cf e8 1e ef ff
0x000007fee8f66f71:   ff 4c 8b c0 8b 0d 5d 83 7f 00 49 8b d0 48 2b 15
0x000007fee8f66f81:   4b 83 7f 00 48 d3 ea 89 16 49 8b d0 8b 0d dd 4b
0x000007fee8f66f91:   86 00 48 33 d6 48 d3 ea 48 85 d2 0f 84 9e fe ff
0x000007fee8f66fa1:   ff 48 8b 47 08 48 8b d6 8b 88 c0 01 00 00 48 8b
0x000007fee8f66fb1:   80 b0 01 00 00 48 d3 ea 48 8b 0c d0 8b 81 94 00
0x000007fee8f66fc1:   00 00 d1 e8 a8 01 0f 85 73 fe ff ff 48 8b 47 08
0x000007fee8f66fd1:   8b 88 90 05 00 00 48 8b 80 80 05 00 00 49 d3 e8
0x000007fee8f66fe1:   46 38 3c 40 0f 84 55 fe ff ff 48 8b 47 60 48 c1
0x000007fee8f66ff1:   ee 09 48 8b 58 40 48 8b 48 38 48 03 de 48 2b d9
0x000007fee8f67001:   48 39 9f b0 01 00 00 0f 84 32 fe ff ff 48 8d 14
0x000007fee8f67011:   0b 48 8d 4f 18 e8 c5 40 00 00 48 89 9f b0 01 00
0x000007fee8f67021:   00 e9 19 fe ff ff f6 c3 03 0f 85 16 01 00 00 48 


Stack slot to memory mapping:
stack at sp + 0 slots: 0x00000000e2a30100 is pointing into object: [B 
{0x00000000e2a2fc98} - klass: {type array byte}
 - length: 3072
stack at sp + 1 slots: 0x0000000000000100 is an unknown value
stack at sp + 2 slots: 0x0000000000440001 points into unknown readable memory: 00 00 00 00 00 00 00
stack at sp + 3 slots: 0x0000000000000011 is an unknown value
stack at sp + 4 slots: 0x000000004e59e028 points into unknown readable memory: 0x000000000000000a | 0a 00 00 00 00 00 00 00
stack at sp + 5 slots: 0x0000000000223005 points into unknown readable memory: 00 00 00
stack at sp + 6 slots: 0x0000000000000001 is an unknown value
stack at sp + 7 slots: 0x000000004e59ded0 points into unknown readable memory: 0x00000000c0000005 | 05 00 00 c0 00 00 00 00


---------------  P R O C E S S  ---------------

Threads class SMR info:
_java_thread_list=0x000000004efc2ea0, length=16, elements={
0x000000000042dfa0, 0x000000000c8bf150, 0x000000000c89f390, 0x000000000c8aaf00,
0x000000000c8ab920, 0x000000000c8cdf40, 0x000000000c8ac730, 0x000000000c901d20,
0x000000000c904620, 0x00000000004b4a50, 0x000000004e0ebfe0, 0x000000004e13c780,
0x000000004eae7da0, 0x000000004ea32f00, 0x000000004eb13bf0, 0x000000004efa69a0
}

Java Threads: ( => current thread )
  0x000000000042dfa0 JavaThread "main" [_thread_blocked, id=208, stack(0x0000000001cb0000,0x0000000001db0000)]
  0x000000000c8bf150 JavaThread "Reference Handler" daemon [_thread_blocked, id=2896, stack(0x000000004d630000,0x000000004d730000)]
  0x000000000c89f390 JavaThread "Finalizer" daemon [_thread_blocked, id=5084, stack(0x000000000cb00000,0x000000000cc00000)]
  0x000000000c8aaf00 JavaThread "Signal Dispatcher" daemon [_thread_blocked, id=3436, stack(0x000000004d8f0000,0x000000004d9f0000)]
  0x000000000c8ab920 JavaThread "Attach Listener" daemon [_thread_blocked, id=4348, stack(0x000000004d7d0000,0x000000004d8d0000)]
  0x000000000c8cdf40 JavaThread "Service Thread" daemon [_thread_blocked, id=1364, stack(0x000000004daa0000,0x000000004dba0000)]
  0x000000000c8ac730 JavaThread "Monitor Deflation Thread" daemon [_thread_blocked, id=1600, stack(0x000000004dca0000,0x000000004dda0000)]
  0x000000000c901d20 JavaThread "C1 CompilerThread0" daemon [_thread_blocked, id=748, stack(0x000000004ddc0000,0x000000004dec0000)]
  0x000000000c904620 JavaThread "Sweeper thread" daemon [_thread_blocked, id=4080, stack(0x000000004df90000,0x000000004e090000)]
  0x00000000004b4a50 JavaThread "Common-Cleaner" daemon [_thread_blocked, id=212, stack(0x000000004dba0000,0x000000004dca0000)]
  0x000000004e0ebfe0 JavaThread "C1 CompilerThread1" daemon [_thread_blocked, id=4144, stack(0x000000004e5d0000,0x000000004e6d0000)]
  0x000000004e13c780 JavaThread "Notification Thread" daemon [_thread_blocked, id=4600, stack(0x000000004e720000,0x000000004e820000)]
  0x000000004eae7da0 JavaThread "RMI TCP Accept-0" daemon [_thread_in_native, id=2444, stack(0x000000004fee0000,0x000000004ffe0000)]
  0x000000004ea32f00 JavaThread "RMI TCP Accept-49834" daemon [_thread_in_native, id=4448, stack(0x0000000050100000,0x0000000050200000)]
  0x000000004eb13bf0 JavaThread "RMI TCP Accept-0" daemon [_thread_in_native, id=3768, stack(0x000000004fd60000,0x000000004fe60000)]
  0x000000004efa69a0 JavaThread "background-preinit" [_thread_blocked, id=4884, stack(0x00000000502c0000,0x00000000503c0000)]

Other Threads:
  0x000000000c657ac0 VMThread "VM Thread" [stack: 0x000000004d470000,0x000000004d570000] [id=4308]
  0x000000004eaf09b0 WatcherThread [stack: 0x00000000503c0000,0x00000000504c0000] [id=2928]
  0x00000000004607c0 GCTaskThread "GC Thread#0" [stack: 0x0000000009ed0000,0x0000000009fd0000] [id=5004]
=>0x000000004e8428c0 GCTaskThread "GC Thread#1" [stack: 0x000000004e4a0000,0x000000004e5a0000] [id=4528]
  0x0000000000465fd0 ConcurrentGCThread "G1 Main Marker" [stack: 0x0000000009d80000,0x0000000009e80000] [id=4544]
  0x00000000004668f0 ConcurrentGCThread "G1 Conc#0" [stack: 0x000000000a080000,0x000000000a180000] [id=1460]
  0x00000000004a2880 ConcurrentGCThread "G1 Refine#0" [stack: 0x000000000c460000,0x000000000c560000] [id=4008]
  0x00000000004a31b0 ConcurrentGCThread "G1 Service" [stack: 0x000000000c710000,0x000000000c810000] [id=4016]

Threads with active compile tasks:

VM state: at safepoint (normal execution)

VM Mutex/Monitor currently owned by a thread:  ([mutex/lock_event])
[0x00000000004271e0] Threads_lock - owner thread: 0x000000000c657ac0
[0x0000000000427810] Heap_lock - owner thread: 0x000000004efa69a0

Heap address: 0x00000000e0800000, size: 504 MB, Compressed Oops mode: 32-bit

CDS archive(s) not mapped
Compressed class space mapped at: 0x000000000cc00000-0x000000004cc00000, reserved size: 1073741824
Narrow klass base: 0x0000000000000000, Narrow klass shift: 0, Narrow klass range: 0x4cc00000

GC Precious Log:
 CPUs: 2 total, 2 available
 Memory: 2013M
 Large Page Support: Disabled
 NUMA Support: Disabled
 Compressed Oops: Enabled (32-bit)
 Heap Region Size: 1M
 Heap Min Capacity: 8M
 Heap Initial Capacity: 32M
 Heap Max Capacity: 504M
 Pre-touch: Disabled
 Parallel Workers: 2
 Concurrent Workers: 1
 Concurrent Refinement Workers: 2
 Periodic GC: Disabled

Heap:
 garbage-first heap   total 39936K, used 17466K [0x00000000e0800000, 0x0000000100000000)
  region size 1024K, 11 young (11264K), 2 survivors (2048K)
 Metaspace       used 21272K, committed 21504K, reserved 1073152K
  class space    used 2508K, committed 2624K, reserved 1048576K

Heap Regions: E=young(eden), S=young(survivor), O=old, HS=humongous(starts), HC=humongous(continues), CS=collection set, F=free, OA=open archive, CA=closed archive, TAMS=top-at-mark-start (previous, next)
|   0|0x00000000e0800000, 0x00000000e0900000, 0x00000000e0900000|100%|HS|  |TAMS 0x00000000e0800000, 0x00000000e0900000| Complete 
|   1|0x00000000e0900000, 0x00000000e0a00000, 0x00000000e0a00000|100%| O|  |TAMS 0x00000000e0900000, 0x00000000e0a00000| Untracked 
|   2|0x00000000e0a00000, 0x00000000e0b00000, 0x00000000e0b00000|100%| O|  |TAMS 0x00000000e0a00000, 0x00000000e0b00000| Untracked 
|   3|0x00000000e0b00000, 0x00000000e0c00000, 0x00000000e0c00000|100%| O|  |TAMS 0x00000000e0b00000, 0x00000000e0c00000| Untracked 
|   4|0x00000000e0c00000, 0x00000000e0d00000, 0x00000000e0d00000|100%| O|  |TAMS 0x00000000e0c00000, 0x00000000e0d00000| Untracked 
|   5|0x00000000e0d00000, 0x00000000e0e00000, 0x00000000e0e00000|100%| O|  |TAMS 0x00000000e0d00000, 0x00000000e0e00000| Untracked 
|   6|0x00000000e0e00000, 0x00000000e0f00000, 0x00000000e0f00000|100%| O|  |TAMS 0x00000000e0e00000, 0x00000000e0ef5a00| Untracked 
|   7|0x00000000e0f00000, 0x00000000e0fc1ca0, 0x00000000e1000000| 75%| O|  |TAMS 0x00000000e0f00000, 0x00000000e0f00000| Untracked 
|   8|0x00000000e1000000, 0x00000000e1000000, 0x00000000e1100000|  0%| F|  |TAMS 0x00000000e1000000, 0x00000000e1000000| Untracked 
|   9|0x00000000e1100000, 0x00000000e1100000, 0x00000000e1200000|  0%| F|  |TAMS 0x00000000e1100000, 0x00000000e1100000| Untracked 
|  10|0x00000000e1200000, 0x00000000e1200000, 0x00000000e1300000|  0%| F|  |TAMS 0x00000000e1200000, 0x00000000e1200000| Untracked 
|  11|0x00000000e1300000, 0x00000000e1300000, 0x00000000e1400000|  0%| F|  |TAMS 0x00000000e1300000, 0x00000000e1300000| Untracked 
|  12|0x00000000e1400000, 0x00000000e1400000, 0x00000000e1500000|  0%| F|  |TAMS 0x00000000e1400000, 0x00000000e1400000| Untracked 
|  13|0x00000000e1500000, 0x00000000e1500000, 0x00000000e1600000|  0%| F|  |TAMS 0x00000000e1500000, 0x00000000e1500000| Untracked 
|  14|0x00000000e1600000, 0x00000000e1600000, 0x00000000e1700000|  0%| F|  |TAMS 0x00000000e1600000, 0x00000000e1600000| Untracked 
|  15|0x00000000e1700000, 0x00000000e1700000, 0x00000000e1800000|  0%| F|  |TAMS 0x00000000e1700000, 0x00000000e1700000| Untracked 
|  16|0x00000000e1800000, 0x00000000e18c2c90, 0x00000000e1900000| 76%| E|CS|TAMS 0x00000000e1800000, 0x00000000e18c2c90| Complete 
|  17|0x00000000e1900000, 0x00000000e1a00000, 0x00000000e1a00000|100%| E|CS|TAMS 0x00000000e1900000, 0x00000000e1a00000| Complete 
|  18|0x00000000e1a00000, 0x00000000e1a00000, 0x00000000e1b00000|  0%| F|  |TAMS 0x00000000e1a00000, 0x00000000e1a00000| Untracked 
|  19|0x00000000e1b00000, 0x00000000e1b00000, 0x00000000e1c00000|  0%| F|  |TAMS 0x00000000e1b00000, 0x00000000e1b00000| Untracked 
|  20|0x00000000e1c00000, 0x00000000e1c00000, 0x00000000e1d00000|  0%| F|  |TAMS 0x00000000e1c00000, 0x00000000e1c00000| Untracked 
|  21|0x00000000e1d00000, 0x00000000e1d00000, 0x00000000e1e00000|  0%| F|  |TAMS 0x00000000e1d00000, 0x00000000e1d00000| Untracked 
|  22|0x00000000e1e00000, 0x00000000e1e00000, 0x00000000e1f00000|  0%| F|  |TAMS 0x00000000e1e00000, 0x00000000e1e00000| Untracked 
|  23|0x00000000e1f00000, 0x00000000e1f00000, 0x00000000e2000000|  0%| F|  |TAMS 0x00000000e1f00000, 0x00000000e1f00000| Untracked 
|  24|0x00000000e2000000, 0x00000000e2000000, 0x00000000e2100000|  0%| F|  |TAMS 0x00000000e2000000, 0x00000000e2000000| Untracked 
|  25|0x00000000e2100000, 0x00000000e2100000, 0x00000000e2200000|  0%| F|  |TAMS 0x00000000e2100000, 0x00000000e2100000| Untracked 
|  26|0x00000000e2200000, 0x00000000e2200000, 0x00000000e2300000|  0%| F|  |TAMS 0x00000000e2200000, 0x00000000e2200000| Untracked 
|  27|0x00000000e2300000, 0x00000000e2300000, 0x00000000e2400000|  0%| F|  |TAMS 0x00000000e2300000, 0x00000000e2300000| Untracked 
|  28|0x00000000e2400000, 0x00000000e2477748, 0x00000000e2500000| 46%| S|  |TAMS 0x00000000e2400000, 0x00000000e2400000| Complete 
|  29|0x00000000e2500000, 0x00000000e2600000, 0x00000000e2600000|100%| S|  |TAMS 0x00000000e2500000, 0x00000000e2500000| Complete 
|  30|0x00000000e2600000, 0x00000000e2656270, 0x00000000e2700000| 33%| E|CS|TAMS 0x00000000e2600000, 0x00000000e2656270| Complete 
|  31|0x00000000e2700000, 0x00000000e2800000, 0x00000000e2800000|100%| E|CS|TAMS 0x00000000e2700000, 0x00000000e2800000| Complete 
|  32|0x00000000e2800000, 0x00000000e2900000, 0x00000000e2900000|100%| E|CS|TAMS 0x00000000e2800000, 0x00000000e2900000| Complete 
|  33|0x00000000e2900000, 0x00000000e2a00000, 0x00000000e2a00000|100%| E|CS|TAMS 0x00000000e2900000, 0x00000000e2a00000| Complete 
|  34|0x00000000e2a00000, 0x00000000e2b00000, 0x00000000e2b00000|100%| E|CS|TAMS 0x00000000e2a00000, 0x00000000e2b00000| Complete 
|  35|0x00000000e2b00000, 0x00000000e2c00000, 0x00000000e2c00000|100%| E|CS|TAMS 0x00000000e2b00000, 0x00000000e2c00000| Complete 
|  36|0x00000000e2c00000, 0x00000000e2d00000, 0x00000000e2d00000|100%| E|CS|TAMS 0x00000000e2c00000, 0x00000000e2d00000| Complete 
|  37|0x00000000e2d00000, 0x00000000e2e00000, 0x00000000e2e00000|100%| E|CS|TAMS 0x00000000e2d00000, 0x00000000e2e00000| Complete 
|  38|0x00000000e2e00000, 0x00000000e2f00000, 0x00000000e2f00000|100%| E|CS|TAMS 0x00000000e2e00000, 0x00000000e2f00000| Complete 

Card table byte_map: [0x0000000008b80000,0x0000000008c80000] _byte_map_base: 0x000000000847c000

Marking Bits (Prev, Next): (CMBitMap*) 0x0000000000460be0, (CMBitMap*) 0x0000000000460c20
 Prev Bits: [0x0000000008d80000, 0x0000000009560000)
 Next Bits: [0x0000000009560000, 0x0000000009d40000)

Polling page: 0x0000000000320000

Metaspace:

Usage:
  Non-class:     18.32 MB used.
      Class:      2.45 MB used.
       Both:     20.77 MB used.

Virtual space:
  Non-class space:       24.00 MB reserved,      18.44 MB ( 77%) committed,  3 nodes.
      Class space:        1.00 GB reserved,       2.56 MB ( <1%) committed,  1 nodes.
             Both:        1.02 GB reserved,      21.00 MB (  2%) committed. 

Chunk freelists:
   Non-Class:  928.00 KB
       Class:  1.33 MB
        Both:  2.23 MB

MaxMetaspaceSize: unlimited
CompressedClassSpaceSize: 1.00 GB
Initial GC threshold: 21.00 MB
Current GC threshold: 21.00 MB
CDS: off
MetaspaceReclaimPolicy: balanced
 - commit_granule_bytes: 65536.
 - commit_granule_words: 8192.
 - virtual_space_node_default_size: 1048576.
 - enlarge_chunks_in_place: 1.
 - new_chunks_are_fully_committed: 0.
 - uncommit_free_chunks: 1.
 - use_allocation_guard: 0.
 - handle_deallocations: 1.


Internal statistics:

num_allocs_failed_limit: 3.
num_arena_births: 228.
num_arena_deaths: 0.
num_vsnodes_births: 4.
num_vsnodes_deaths: 0.
num_space_committed: 336.
num_space_uncommitted: 0.
num_chunks_returned_to_freelist: 3.
num_chunks_taken_from_freelist: 608.
num_chunk_merges: 0.
num_chunk_splits: 388.
num_chunks_enlarged: 276.
num_purges: 0.
num_inconsistent_stats: 0.

CodeCache: size=49152Kb used=4389Kb max_used=4389Kb free=44762Kb
 bounds [0x0000000005970000, 0x0000000005dc0000, 0x0000000008970000]
 total_blobs=2330 nmethods=1851 adapters=406
 compilation: enabled
              stopped_count=0, restarted_count=0
 full_count=0

Compilation events (20 events):
Event: 2.994 Thread 0x000000000c901d20 1842       1       java.util.Collections::emptyMap (4 bytes)
Event: 2.995 Thread 0x000000000c901d20 nmethod 1842 0x0000000005db6990 code [0x0000000005db6b20, 0x0000000005db6bd8]
Event: 3.015 Thread 0x000000000c901d20 1843       1       java.util.Arrays::asList (9 bytes)
Event: 3.015 Thread 0x000000004e0ebfe0 1844       1       sun.reflect.generics.reflectiveObjects.ParameterizedTypeImpl::getRawType (5 bytes)
Event: 3.015 Thread 0x000000004e0ebfe0 nmethod 1844 0x0000000005db6c90 code [0x0000000005db6e20, 0x0000000005db6ef8]
Event: 3.016 Thread 0x000000000c901d20 nmethod 1843 0x0000000005db6f90 code [0x0000000005db7140, 0x0000000005db7328]
Event: 3.016 Thread 0x000000000c901d20 1845       1       java.util.Arrays$ArrayList::<init> (16 bytes)
Event: 3.016 Thread 0x000000004e0ebfe0 1846       1       java.lang.Class::getTypeParameters (19 bytes)
Event: 3.016 Thread 0x000000000c901d20 nmethod 1845 0x0000000005db7410 code [0x0000000005db75a0, 0x0000000005db7768]
Event: 3.016 Thread 0x000000004e0ebfe0 nmethod 1846 0x0000000005db7810 code [0x0000000005db79e0, 0x0000000005db7c88]
Event: 3.016 Thread 0x000000004e0ebfe0 1847       1       jdk.internal.org.objectweb.asm.FieldWriter::computeFieldInfoSize (86 bytes)
Event: 3.017 Thread 0x000000004e0ebfe0 nmethod 1847 0x0000000005db7d90 code [0x0000000005db7f60, 0x0000000005db8138]
Event: 3.017 Thread 0x000000004e0ebfe0 1848       1       jdk.internal.org.objectweb.asm.FieldWriter::putFieldInfo (269 bytes)
Event: 3.018 Thread 0x000000004e0ebfe0 nmethod 1848 0x0000000005db8290 code [0x0000000005db84c0, 0x0000000005db88c8]
Event: 3.018 Thread 0x000000004e0ebfe0 1849       1       sun.reflect.generics.repository.GenericDeclRepository::getTypeParameters (27 bytes)
Event: 3.019 Thread 0x000000004e0ebfe0 nmethod 1849 0x0000000005db8c10 code [0x0000000005db8dc0, 0x0000000005db8f98]
Event: 3.019 Thread 0x000000004e0ebfe0 1850       1       sun.reflect.generics.reflectiveObjects.TypeVariableImpl::hashCode (16 bytes)
Event: 3.019 Thread 0x000000004e0ebfe0 nmethod 1850 0x0000000005db9090 code [0x0000000005db9240, 0x0000000005db9378]
Event: 3.020 Thread 0x000000000c901d20 1851       1       java.nio.HeapByteBuffer::ix (7 bytes)
Event: 3.020 Thread 0x000000000c901d20 nmethod 1851 0x0000000005db9490 code [0x0000000005db9620, 0x0000000005db96f8]

GC Heap History (11 events):
Event: 0.526 GC heap before
{Heap before GC invocations=0 (full 0):
 garbage-first heap   total 32768K, used 6144K [0x00000000e0800000, 0x0000000100000000)
  region size 1024K, 6 young (6144K), 0 survivors (0K)
 Metaspace       used 6373K, committed 6528K, reserved 1056768K
  class space    used 547K, committed 576K, reserved 1048576K
}
Event: 0.534 GC heap after
{Heap after GC invocations=1 (full 0):
 garbage-first heap   total 32768K, used 4722K [0x00000000e0800000, 0x0000000100000000)
  region size 1024K, 1 young (1024K), 1 survivors (1024K)
 Metaspace       used 6373K, committed 6528K, reserved 1056768K
  class space    used 547K, committed 576K, reserved 1048576K
}
Event: 0.941 GC heap before
{Heap before GC invocations=1 (full 0):
 garbage-first heap   total 32768K, used 7794K [0x00000000e0800000, 0x0000000100000000)
  region size 1024K, 4 young (4096K), 1 survivors (1024K)
 Metaspace       used 10430K, committed 10624K, reserved 1064960K
  class space    used 1023K, committed 1088K, reserved 1048576K
}
Event: 0.947 GC heap after
{Heap after GC invocations=2 (full 0):
 garbage-first heap   total 32768K, used 5979K [0x00000000e0800000, 0x0000000100000000)
  region size 1024K, 1 young (1024K), 1 survivors (1024K)
 Metaspace       used 10430K, committed 10624K, reserved 1064960K
  class space    used 1023K, committed 1088K, reserved 1048576K
}
Event: 1.611 GC heap before
{Heap before GC invocations=2 (full 0):
 garbage-first heap   total 32768K, used 13147K [0x00000000e0800000, 0x0000000100000000)
  region size 1024K, 8 young (8192K), 1 survivors (1024K)
 Metaspace       used 14544K, committed 14720K, reserved 1064960K
  class space    used 1493K, committed 1600K, reserved 1048576K
}
Event: 1.619 GC heap after
{Heap after GC invocations=3 (full 0):
 garbage-first heap   total 32768K, used 7136K [0x00000000e0800000, 0x0000000100000000)
  region size 1024K, 1 young (1024K), 1 survivors (1024K)
 Metaspace       used 14544K, committed 14720K, reserved 1064960K
  class space    used 1493K, committed 1600K, reserved 1048576K
}
Event: 2.159 GC heap before
{Heap before GC invocations=3 (full 0):
 garbage-first heap   total 32768K, used 16352K [0x00000000e0800000, 0x0000000100000000)
  region size 1024K, 11 young (11264K), 1 survivors (1024K)
 Metaspace       used 17096K, committed 17344K, reserved 1064960K
  class space    used 1858K, committed 1984K, reserved 1048576K
}
Event: 2.165 GC heap after
{Heap after GC invocations=4 (full 0):
 garbage-first heap   total 32768K, used 8054K [0x00000000e0800000, 0x0000000100000000)
  region size 1024K, 2 young (2048K), 2 survivors (2048K)
 Metaspace       used 17096K, committed 17344K, reserved 1064960K
  class space    used 1858K, committed 1984K, reserved 1048576K
}
Event: 2.749 GC heap before
{Heap before GC invocations=4 (full 0):
 garbage-first heap   total 32768K, used 20342K [0x00000000e0800000, 0x0000000100000000)
  region size 1024K, 14 young (14336K), 2 survivors (2048K)
 Metaspace       used 19616K, committed 19968K, reserved 1073152K
  class space    used 2258K, committed 2432K, reserved 1048576K
}
Event: 2.759 GC heap after
{Heap after GC invocations=5 (full 0):
 garbage-first heap   total 39936K, used 8929K [0x00000000e0800000, 0x0000000100000000)
  region size 1024K, 2 young (2048K), 2 survivors (2048K)
 Metaspace       used 19616K, committed 19968K, reserved 1073152K
  class space    used 2258K, committed 2432K, reserved 1048576K
}
Event: 3.020 GC heap before
{Heap before GC invocations=5 (full 0):
 garbage-first heap   total 39936K, used 16097K [0x00000000e0800000, 0x0000000100000000)
  region size 1024K, 11 young (11264K), 2 survivors (2048K)
 Metaspace       used 21272K, committed 21504K, reserved 1073152K
  class space    used 2508K, committed 2624K, reserved 1048576K
}

Deoptimization events (4 events):
Event: 1.719 Thread 0x000000000042dfa0 DEOPT PACKING pc=0x0000000005be7275 sp=0x0000000001dadba0
Event: 1.719 Thread 0x000000000042dfa0 DEOPT UNPACKING pc=0x00000000059c2b24 sp=0x0000000001dacff8 mode 3
Event: 2.880 Thread 0x000000004efa69a0 DEOPT PACKING pc=0x0000000005dace6d sp=0x00000000503beb00
Event: 2.880 Thread 0x000000004efa69a0 DEOPT UNPACKING pc=0x00000000059c2b24 sp=0x00000000503be060 mode 3

Classes unloaded (0 events):
No events

Classes redefined (0 events):
No events

Internal exceptions (20 events):
Event: 2.248 Thread 0x000000000042dfa0 Exception <a 'java/lang/NoSuchMethodError'{0x00000000e26b75d8}: 'java.lang.Object java.lang.invoke.DirectMethodHandle$Holder.invokeSpecial(java.lang.Object, java.lang.Object, java.lang.Object, java.lang.Object, java.lang.Object, java.lang.Object, int)'> (0x00000000e26b75d8) 
thrown [e:\jenkins\tmp\workspace\build\src\src\hotspot\share\interpreter\linkResolver.cpp, line 766]
Event: 2.250 Thread 0x000000000042dfa0 Exception <a 'java/lang/NoSuchMethodError'{0x00000000e26c1b88}: 'java.lang.Object java.lang.invoke.DirectMethodHandle$Holder.newInvokeSpecial(java.lang.Object, java.lang.Object, java.lang.Object, java.lang.Object, java.lang.Object, java.lang.Object, int)'> (0x00000000e26c1b88) 
thrown [e:\jenkins\tmp\workspace\build\src\src\hotspot\share\interpreter\linkResolver.cpp, line 766]
Event: 2.251 Thread 0x000000000042dfa0 Exception <a 'java/lang/NoSuchMethodError'{0x00000000e26c6bc8}: 'java.lang.Object java.lang.invoke.DirectMethodHandle$Holder.invokeSpecial(java.lang.Object, java.lang.Object, java.lang.Object, java.lang.Object, java.lang.Object, java.lang.Object, java.lang.Object, int)'> (0x00000000e26c6bc8) 
thrown [e:\jenkins\tmp\workspace\build\src\src\hotspot\share\interpreter\linkResolver.cpp, line 766]
Event: 2.379 Thread 0x000000000042dfa0 Exception <a 'java/lang/NoSuchMethodError'{0x00000000e230a0c0}: 'java.lang.Object java.lang.invoke.DirectMethodHandle$Holder.invokeSpecial(java.lang.Object, java.lang.Object, java.lang.Object, int, java.lang.Object)'> (0x00000000e230a0c0) 
thrown [e:\jenkins\tmp\workspace\build\src\src\hotspot\share\interpreter\linkResolver.cpp, line 766]
Event: 2.380 Thread 0x000000000042dfa0 Exception <a 'java/lang/NoSuchMethodError'{0x00000000e2312720}: 'java.lang.Object java.lang.invoke.DirectMethodHandle$Holder.newInvokeSpecial(java.lang.Object, java.lang.Object, java.lang.Object, int, java.lang.Object)'> (0x00000000e2312720) 
thrown [e:\jenkins\tmp\workspace\build\src\src\hotspot\share\interpreter\linkResolver.cpp, line 766]
Event: 2.384 Thread 0x000000000042dfa0 Exception <a 'java/lang/NoSuchMethodError'{0x00000000e2328958}: 'java.lang.Object java.lang.invoke.DirectMethodHandle$Holder.newInvokeSpecial(java.lang.Object, int, java.lang.Object)'> (0x00000000e2328958) 
thrown [e:\jenkins\tmp\workspace\build\src\src\hotspot\share\interpreter\linkResolver.cpp, line 766]
Event: 2.385 Thread 0x000000000042dfa0 Exception <a 'java/lang/NoSuchMethodError'{0x00000000e232c928}: 'int java.lang.invoke.DirectMethodHandle$Holder.invokeSpecialIFC(java.lang.Object, java.lang.Object, java.lang.Object, java.lang.Object)'> (0x00000000e232c928) 
thrown [e:\jenkins\tmp\workspace\build\src\src\hotspot\share\interpreter\linkResolver.cpp, line 766]
Event: 2.476 Thread 0x000000000042dfa0 Exception <a 'java/lang/NoSuchMethodError'{0x00000000e22f44e0}: 'void java.lang.invoke.DirectMethodHandle$Holder.invokeInterface(java.lang.Object, java.lang.Object, java.lang.Object)'> (0x00000000e22f44e0) 
thrown [e:\jenkins\tmp\workspace\build\src\src\hotspot\share\interpreter\linkResolver.cpp, line 766]
Event: 2.517 Thread 0x000000000042dfa0 Exception <a 'java/lang/NoSuchMethodError'{0x00000000e218ad78}: 'java.lang.Object java.lang.invoke.DirectMethodHandle$Holder.invokeVirtual(java.lang.Object, java.lang.Object, java.lang.Object)'> (0x00000000e218ad78) 
thrown [e:\jenkins\tmp\workspace\build\src\src\hotspot\share\interpreter\linkResolver.cpp, line 766]
Event: 2.530 Thread 0x000000000042dfa0 Exception <a 'java/lang/NoSuchMethodError'{0x00000000e21c2690}: 'void java.lang.invoke.DirectMethodHandle$Holder.invokeStatic(java.lang.Object, java.lang.Object, int)'> (0x00000000e21c2690) 
thrown [e:\jenkins\tmp\workspace\build\src\src\hotspot\share\interpreter\linkResolver.cpp, line 766]
Event: 2.537 Thread 0x000000000042dfa0 Exception <a 'java/lang/NoSuchMethodError'{0x00000000e21d8de8}: 'void java.lang.invoke.DirectMethodHandle$Holder.invokeStaticInit(java.lang.Object, java.lang.Object, java.lang.Object)'> (0x00000000e21d8de8) 
thrown [e:\jenkins\tmp\workspace\build\src\src\hotspot\share\interpreter\linkResolver.cpp, line 766]
Event: 2.549 Thread 0x000000000042dfa0 Exception <a 'java/lang/NoSuchMethodError'{0x00000000e2025da8}: 'java.lang.Object java.lang.invoke.DirectMethodHandle$Holder.invokeStatic(java.lang.Object, java.lang.Object, long, java.lang.Object)'> (0x00000000e2025da8) 
thrown [e:\jenkins\tmp\workspace\build\src\src\hotspot\share\interpreter\linkResolver.cpp, line 766]
Event: 2.550 Thread 0x000000000042dfa0 Exception <a 'java/lang/NoSuchMethodError'{0x00000000e2029840}: 'java.lang.Object java.lang.invoke.DirectMethodHandle$Holder.invokeStaticInit(java.lang.Object, java.lang.Object, long, java.lang.Object)'> (0x00000000e2029840) 
thrown [e:\jenkins\tmp\workspace\build\src\src\hotspot\share\interpreter\linkResolver.cpp, line 766]
Event: 2.551 Thread 0x000000000042dfa0 Exception <a 'java/lang/NoSuchMethodError'{0x00000000e202fe50}: 'java.lang.Object java.lang.invoke.DirectMethodHandle$Holder.newInvokeSpecial(java.lang.Object, java.lang.Object, long)'> (0x00000000e202fe50) 
thrown [e:\jenkins\tmp\workspace\build\src\src\hotspot\share\interpreter\linkResolver.cpp, line 766]
Event: 2.551 Thread 0x000000000042dfa0 Exception <a 'java/lang/NoSuchMethodError'{0x00000000e20339c0}: 'java.lang.Object java.lang.invoke.Invokers$Holder.linkToTargetMethod(java.lang.Object, long, java.lang.Object)'> (0x00000000e20339c0) 
thrown [e:\jenkins\tmp\workspace\build\src\src\hotspot\share\interpreter\linkResolver.cpp, line 766]
Event: 2.573 Thread 0x000000000042dfa0 Exception <a 'java/lang/NoSuchMethodError'{0x00000000e208bc18}: 'void java.lang.invoke.DirectMethodHandle$Holder.invokeSpecial(java.lang.Object, java.lang.Object, java.lang.Object, java.lang.Object, java.lang.Object)'> (0x00000000e208bc18) 
thrown [e:\jenkins\tmp\workspace\build\src\src\hotspot\share\interpreter\linkResolver.cpp, line 766]
Event: 2.575 Thread 0x000000000042dfa0 Exception <a 'java/lang/NoSuchMethodError'{0x00000000e2094230}: 'void java.lang.invoke.DirectMethodHandle$Holder.invokeVirtual(java.lang.Object, java.lang.Object, java.lang.Object, java.lang.Object)'> (0x00000000e2094230) 
thrown [e:\jenkins\tmp\workspace\build\src\src\hotspot\share\interpreter\linkResolver.cpp, line 766]
Event: 2.653 Thread 0x000000000042dfa0 Exception <a 'java/lang/NoSuchMethodError'{0x00000000e1e050f0}: 'void java.lang.invoke.DirectMethodHandle$Holder.invokeSpecial(java.lang.Object, java.lang.Object, java.lang.Object)'> (0x00000000e1e050f0) 
thrown [e:\jenkins\tmp\workspace\build\src\src\hotspot\share\interpreter\linkResolver.cpp, line 766]
Event: 2.669 Thread 0x000000000042dfa0 Exception <a 'java/lang/IncompatibleClassChangeError'{0x00000000e1e369d8}: Found class java.lang.Object, but interface was expected> (0x00000000e1e369d8) 
thrown [e:\jenkins\tmp\workspace\build\src\src\hotspot\share\interpreter\linkResolver.cpp, line 833]
Event: 2.879 Thread 0x000000004efa69a0 Implicit null exception at 0x0000000005dac7a3 to 0x0000000005dace68

VM Operations (20 events):
Event: 0.947 Executing VM operation: G1CollectForAllocation done
Event: 1.139 Executing VM operation: HandshakeAllThreads
Event: 1.139 Executing VM operation: HandshakeAllThreads done
Event: 1.336 Executing VM operation: HandshakeAllThreads
Event: 1.336 Executing VM operation: HandshakeAllThreads done
Event: 1.346 Executing VM operation: HandshakeAllThreads
Event: 1.347 Executing VM operation: HandshakeAllThreads done
Event: 1.611 Executing VM operation: G1CollectForAllocation
Event: 1.619 Executing VM operation: G1CollectForAllocation done
Event: 1.925 Executing VM operation: HandshakeAllThreads
Event: 1.925 Executing VM operation: HandshakeAllThreads done
Event: 2.158 Executing VM operation: G1CollectForAllocation
Event: 2.166 Executing VM operation: G1CollectForAllocation done
Event: 2.343 Executing VM operation: HandshakeAllThreads
Event: 2.343 Executing VM operation: HandshakeAllThreads done
Event: 2.648 Executing VM operation: HandshakeAllThreads
Event: 2.648 Executing VM operation: HandshakeAllThreads done
Event: 2.749 Executing VM operation: G1CollectForAllocation
Event: 2.760 Executing VM operation: G1CollectForAllocation done
Event: 3.020 Executing VM operation: CollectForMetadataAllocation

Events (20 events):
Event: 2.905 loading class java/time/LocalTime$1 done
Event: 2.906 loading class java/math/RoundingMode
Event: 2.907 loading class java/math/RoundingMode done
Event: 2.938 loading class java/util/OptionalDouble
Event: 2.938 loading class java/util/OptionalDouble done
Event: 2.940 loading class java/util/OptionalLong
Event: 2.940 loading class java/util/OptionalLong done
Event: 2.961 loading class java/lang/reflect/MalformedParameterizedTypeException
Event: 2.961 loading class java/lang/reflect/MalformedParameterizedTypeException done
Event: 2.991 loading class org/xml/sax/ErrorHandler
Event: 2.991 loading class org/xml/sax/ErrorHandler done
Event: 2.992 loading class org/xml/sax/SAXParseException
Event: 2.992 loading class org/xml/sax/SAXParseException done
Event: 2.992 loading class javax/xml/parsers/ParserConfigurationException
Event: 2.992 loading class javax/xml/parsers/ParserConfigurationException done
Event: 2.993 loading class org/xml/sax/EntityResolver
Event: 2.993 loading class org/xml/sax/EntityResolver done
Event: 3.003 loading class java/io/CharConversionException
Event: 3.003 loading class java/io/CharConversionException done
Event: 3.020 loading class java/time/chrono/HijrahDate


Dynamic libraries:
0x000000013f990000 - 0x000000013f99e000 	C:\eclipse\plugins\org.eclipse.justj.openjdk.hotspot.jre.full.win32.x86_64_17.0.3.v20220515-1416\jre\bin\javaw.exe
0x0000000077680000 - 0x000000007781f000 	C:\Windows\SYSTEM32\ntdll.dll
0x0000000077460000 - 0x0000000077580000 	C:\Windows\system32\kernel32.dll
0x000007fefd3e0000 - 0x000007fefd447000 	C:\Windows\system32\KERNELBASE.dll
0x000007fef4c20000 - 0x000007fef4c38000 	C:\eclipse\plugins\org.eclipse.justj.openjdk.hotspot.jre.full.win32.x86_64_17.0.3.v20220515-1416\jre\bin\jli.dll
0x000007fefbb60000 - 0x000007fefbd55000 	C:\Windows\WinSxS\amd64_microsoft.windows.common-controls_6595b64144ccf1df_6.0.7601.24483_none_e372d88f30fbb845\COMCTL32.dll
0x000007feff100000 - 0x000007feff19f000 	C:\Windows\system32\msvcrt.dll
0x000007feff720000 - 0x000007feff788000 	C:\Windows\system32\GDI32.dll
0x0000000077580000 - 0x000000007767b000 	C:\Windows\system32\USER32.dll
0x000007feff8e0000 - 0x000007feff8ee000 	C:\Windows\system32\LPK.dll
0x000007fefe940000 - 0x000007fefea0b000 	C:\Windows\system32\USP10.dll
0x000007feff050000 - 0x000007feff0c1000 	C:\Windows\system32\SHLWAPI.dll
0x000007feeb050000 - 0x000007feeb069000 	C:\eclipse\plugins\org.eclipse.justj.openjdk.hotspot.jre.full.win32.x86_64_17.0.3.v20220515-1416\jre\bin\VCRUNTIME140.dll
0x000007fef2080000 - 0x000007fef2084000 	C:\eclipse\plugins\org.eclipse.justj.openjdk.hotspot.jre.full.win32.x86_64_17.0.3.v20220515-1416\jre\bin\api-ms-win-crt-runtime-l1-1-0.dll
0x000007fed8cc0000 - 0x000007fed8dba000 	C:\eclipse\plugins\org.eclipse.justj.openjdk.hotspot.jre.full.win32.x86_64_17.0.3.v20220515-1416\jre\bin\ucrtbase.DLL
0x000007fef7170000 - 0x000007fef7173000 	C:\eclipse\plugins\org.eclipse.justj.openjdk.hotspot.jre.full.win32.x86_64_17.0.3.v20220515-1416\jre\bin\api-ms-win-core-localization-l1-2-0.dll
0x000007feec2d0000 - 0x000007feec2d3000 	C:\eclipse\plugins\org.eclipse.justj.openjdk.hotspot.jre.full.win32.x86_64_17.0.3.v20220515-1416\jre\bin\api-ms-win-core-processthreads-l1-1-1.dll
0x000007feeafd0000 - 0x000007feeafd3000 	C:\eclipse\plugins\org.eclipse.justj.openjdk.hotspot.jre.full.win32.x86_64_17.0.3.v20220515-1416\jre\bin\api-ms-win-core-file-l1-2-0.dll
0x000007feeac20000 - 0x000007feeac23000 	C:\eclipse\plugins\org.eclipse.justj.openjdk.hotspot.jre.full.win32.x86_64_17.0.3.v20220515-1416\jre\bin\api-ms-win-core-timezone-l1-1-0.dll
0x000007feeac10000 - 0x000007feeac13000 	C:\eclipse\plugins\org.eclipse.justj.openjdk.hotspot.jre.full.win32.x86_64_17.0.3.v20220515-1416\jre\bin\api-ms-win-core-file-l2-1-0.dll
0x000007feeac00000 - 0x000007feeac03000 	C:\eclipse\plugins\org.eclipse.justj.openjdk.hotspot.jre.full.win32.x86_64_17.0.3.v20220515-1416\jre\bin\api-ms-win-core-synch-l1-2-0.dll
0x000007feeabf0000 - 0x000007feeabf3000 	C:\eclipse\plugins\org.eclipse.justj.openjdk.hotspot.jre.full.win32.x86_64_17.0.3.v20220515-1416\jre\bin\api-ms-win-crt-heap-l1-1-0.dll
0x000007feeabe0000 - 0x000007feeabe4000 	C:\eclipse\plugins\org.eclipse.justj.openjdk.hotspot.jre.full.win32.x86_64_17.0.3.v20220515-1416\jre\bin\api-ms-win-crt-string-l1-1-0.dll
0x000007feeabd0000 - 0x000007feeabd4000 	C:\eclipse\plugins\org.eclipse.justj.openjdk.hotspot.jre.full.win32.x86_64_17.0.3.v20220515-1416\jre\bin\api-ms-win-crt-stdio-l1-1-0.dll
0x000007feeabc0000 - 0x000007feeabc4000 	C:\eclipse\plugins\org.eclipse.justj.openjdk.hotspot.jre.full.win32.x86_64_17.0.3.v20220515-1416\jre\bin\api-ms-win-crt-convert-l1-1-0.dll
0x000007feeabb0000 - 0x000007feeabb3000 	C:\eclipse\plugins\org.eclipse.justj.openjdk.hotspot.jre.full.win32.x86_64_17.0.3.v20220515-1416\jre\bin\api-ms-win-crt-environment-l1-1-0.dll
0x000007feea690000 - 0x000007feea693000 	C:\eclipse\plugins\org.eclipse.justj.openjdk.hotspot.jre.full.win32.x86_64_17.0.3.v20220515-1416\jre\bin\api-ms-win-crt-filesystem-l1-1-0.dll
0x000007feea680000 - 0x000007feea685000 	C:\eclipse\plugins\org.eclipse.justj.openjdk.hotspot.jre.full.win32.x86_64_17.0.3.v20220515-1416\jre\bin\api-ms-win-crt-math-l1-1-0.dll
0x000007fed9a90000 - 0x000007fed9a93000 	C:\eclipse\plugins\org.eclipse.justj.openjdk.hotspot.jre.full.win32.x86_64_17.0.3.v20220515-1416\jre\bin\api-ms-win-crt-locale-l1-1-0.dll
0x000007feff0d0000 - 0x000007feff0fe000 	C:\Windows\system32\IMM32.DLL
0x000007fefe810000 - 0x000007fefe91b000 	C:\Windows\system32\MSCTF.dll
0x000007fed9a80000 - 0x000007fed9a8c000 	C:\eclipse\plugins\org.eclipse.justj.openjdk.hotspot.jre.full.win32.x86_64_17.0.3.v20220515-1416\jre\bin\vcruntime140_1.dll
0x000007fed8e20000 - 0x000007fed8eb1000 	C:\eclipse\plugins\org.eclipse.justj.openjdk.hotspot.jre.full.win32.x86_64_17.0.3.v20220515-1416\jre\bin\msvcp140.dll
0x000007fed9a70000 - 0x000007fed9a73000 	C:\eclipse\plugins\org.eclipse.justj.openjdk.hotspot.jre.full.win32.x86_64_17.0.3.v20220515-1416\jre\bin\api-ms-win-crt-time-l1-1-0.dll
0x000007fed9a60000 - 0x000007fed9a63000 	C:\eclipse\plugins\org.eclipse.justj.openjdk.hotspot.jre.full.win32.x86_64_17.0.3.v20220515-1416\jre\bin\api-ms-win-crt-utility-l1-1-0.dll
0x000007fee8c60000 - 0x000007fee98a8000 	C:\eclipse\plugins\org.eclipse.justj.openjdk.hotspot.jre.full.win32.x86_64_17.0.3.v20220515-1416\jre\bin\server\jvm.dll
0x000007feff1a0000 - 0x000007feff27b000 	C:\Windows\system32\ADVAPI32.dll
0x000007feff8c0000 - 0x000007feff8df000 	C:\Windows\SYSTEM32\sechost.dll
0x000007feff790000 - 0x000007feff8ba000 	C:\Windows\system32\RPCRT4.dll
0x000007feec2c0000 - 0x000007feec2c9000 	C:\Windows\system32\WSOCK32.dll
0x000007feff280000 - 0x000007feff2cd000 	C:\Windows\system32\WS2_32.dll
0x000007fefd630000 - 0x000007fefd638000 	C:\Windows\system32\NSI.dll
0x000007fef9530000 - 0x000007fef956b000 	C:\Windows\system32\WINMM.dll
0x000007fefc220000 - 0x000007fefc22c000 	C:\Windows\system32\VERSION.dll
0x0000000077830000 - 0x0000000077837000 	C:\Windows\system32\PSAPI.DLL
0x000007feec270000 - 0x000007feec27a000 	C:\eclipse\plugins\org.eclipse.justj.openjdk.hotspot.jre.full.win32.x86_64_17.0.3.v20220515-1416\jre\bin\jimage.dll
0x000007fef6f70000 - 0x000007fef7095000 	C:\Windows\system32\DBGHELP.DLL
0x000007feeafa0000 - 0x000007feeafc5000 	C:\eclipse\plugins\org.eclipse.justj.openjdk.hotspot.jre.full.win32.x86_64_17.0.3.v20220515-1416\jre\bin\java.dll
0x000007feec250000 - 0x000007feec268000 	C:\eclipse\plugins\org.eclipse.justj.openjdk.hotspot.jre.full.win32.x86_64_17.0.3.v20220515-1416\jre\bin\zip.dll
0x000007fefda80000 - 0x000007fefe80b000 	C:\Windows\system32\SHELL32.dll
0x000007fefd880000 - 0x000007fefda80000 	C:\Windows\system32\ole32.dll
0x000007fefd150000 - 0x000007fefd15f000 	C:\Windows\system32\profapi.dll
0x000007feec210000 - 0x000007feec229000 	C:\eclipse\plugins\org.eclipse.justj.openjdk.hotspot.jre.full.win32.x86_64_17.0.3.v20220515-1416\jre\bin\net.dll
0x000007fef98d0000 - 0x000007fef9941000 	C:\Windows\system32\WINHTTP.dll
0x000007fef9860000 - 0x000007fef98c5000 	C:\Windows\system32\webio.dll
0x000007fefc8a0000 - 0x000007fefc8f5000 	C:\Windows\system32\mswsock.dll
0x000007fefc890000 - 0x000007fefc897000 	C:\Windows\System32\wship6.dll
0x000007feeaf50000 - 0x000007feeaf65000 	C:\eclipse\plugins\org.eclipse.justj.openjdk.hotspot.jre.full.win32.x86_64_17.0.3.v20220515-1416\jre\bin\nio.dll
0x000007fed9a50000 - 0x000007fed9a59000 	C:\eclipse\plugins\org.eclipse.justj.openjdk.hotspot.jre.full.win32.x86_64_17.0.3.v20220515-1416\jre\bin\management.dll
0x000007fed9a40000 - 0x000007fed9a4b000 	C:\eclipse\plugins\org.eclipse.justj.openjdk.hotspot.jre.full.win32.x86_64_17.0.3.v20220515-1416\jre\bin\management_ext.dll
0x000007fefb2d0000 - 0x000007fefb2e5000 	C:\Windows\system32\NLAapi.dll
0x000007fefa4e0000 - 0x000007fefa4f5000 	C:\Windows\system32\napinsp.dll
0x000007fefa480000 - 0x000007fefa499000 	C:\Windows\system32\pnrpnsp.dll
0x000007fefc710000 - 0x000007fefc76b000 	C:\Windows\system32\DNSAPI.dll
0x000007fefa470000 - 0x000007fefa47b000 	C:\Windows\System32\winrnr.dll
0x000007fefc2f0000 - 0x000007fefc2f7000 	C:\Windows\System32\wshtcpip.dll
0x000007fefae10000 - 0x000007fefae37000 	C:\Windows\system32\IPHLPAPI.DLL
0x000007fefae00000 - 0x000007fefae0b000 	C:\Windows\system32\WINNSI.DLL
0x000007fef9740000 - 0x000007fef9748000 	C:\Windows\system32\rasadhlp.dll
0x000007fefad50000 - 0x000007fefada3000 	C:\Windows\System32\fwpuclnt.dll
0x000007fefc900000 - 0x000007fefc918000 	C:\Windows\system32\CRYPTSP.dll
0x000007fefc5e0000 - 0x000007fefc627000 	C:\Windows\system32\rsaenh.dll
0x000007fefd560000 - 0x000007fefd57f000 	C:\Windows\system32\USERENV.dll
0x000007fefcfb0000 - 0x000007fefcfbf000 	C:\Windows\system32\CRYPTBASE.dll
0x000007fefac50000 - 0x000007fefac68000 	C:\Windows\system32\dhcpcsvc.DLL
0x000007fefac30000 - 0x000007fefac41000 	C:\Windows\system32\dhcpcsvc6.DLL

dbghelp: loaded successfully - version: 4.0.5 - missing functions: none
symbol engine: initialized successfully - sym options: 0x614 - pdb path: .;C:\eclipse\plugins\org.eclipse.justj.openjdk.hotspot.jre.full.win32.x86_64_17.0.3.v20220515-1416\jre\bin;C:\Windows\SYSTEM32;C:\Windows\WinSxS\amd64_microsoft.windows.common-controls_6595b64144ccf1df_6.0.7601.24483_none_e372d88f30fbb845;C:\eclipse\plugins\org.eclipse.justj.openjdk.hotspot.jre.full.win32.x86_64_17.0.3.v20220515-1416\jre\bin\server

VM Arguments:
jvm_args: -Dcom.sun.management.jmxremote -Dcom.sun.management.jmxremote.port=49834 -Dcom.sun.management.jmxremote.authenticate=false -Dcom.sun.management.jmxremote.ssl=false -Djava.rmi.server.hostname=localhost -Dspring.jmx.enabled=true -Dmanagement.endpoints.jmx.exposure.include=* -Dspring.application.admin.enabled=true -XX:TieredStopAtLevel=1 -Dspring.boot.project.name=spring -Dfile.encoding=UTF-8 -XX:+ShowCodeDetailsInExceptionMessages 
java_command: com.carlosborges.Application --spring.output.ansi.enabled=always
java_class_path (initial): C:\Projetos\Eclipse-spring\spring\target\classes;C:\Users\Carlos Borges\.m2\repository\org\springframework\boot\spring-boot-starter-data-jpa\3.2.5\spring-boot-starter-data-jpa-3.2.5.jar;C:\Users\Carlos Borges\.m2\repository\org\springframework\boot\spring-boot-starter-aop\3.2.5\spring-boot-starter-aop-3.2.5.jar;C:\Users\Carlos Borges\.m2\repository\org\springframework\spring-aop\6.1.6\spring-aop-6.1.6.jar;C:\Users\Carlos Borges\.m2\repository\org\aspectj\aspectjweaver\1.9.22\aspectjweaver-1.9.22.jar;C:\Users\Carlos Borges\.m2\repository\org\springframework\boot\spring-boot-starter-jdbc\3.2.5\spring-boot-starter-jdbc-3.2.5.jar;C:\Users\Carlos Borges\.m2\repository\com\zaxxer\HikariCP\5.0.1\HikariCP-5.0.1.jar;C:\Users\Carlos Borges\.m2\repository\org\springframework\spring-jdbc\6.1.6\spring-jdbc-6.1.6.jar;C:\Users\Carlos Borges\.m2\repository\org\hibernate\orm\hibernate-core\6.4.4.Final\hibernate-core-6.4.4.Final.jar;C:\Users\Carlos Borges\.m2\repository\jakarta\persistence\jakarta.persistence-api\3.1.0\jakarta.persistence-api-3.1.0.jar;C:\Users\Carlos Borges\.m2\repository\jakarta\transaction\jakarta.transaction-api\2.0.1\jakarta.transaction-api-2.0.1.jar;C:\Users\Carlos Borges\.m2\repository\org\jboss\logging\jboss-logging\3.5.3.Final\jboss-logging-3.5.3.Final.jar;C:\Users\Carlos Borges\.m2\repository\org\hibernate\common\hibernate-commons-annotations\6.0.6.Final\hibernate-commons-annotations-6.0.6.Final.jar;C:\Users\Carlos Borges\.m2\repository\io\smallrye\jandex\3.1.2\jandex-3.1.2.jar;C:\Users\Carlos Borges\.m2\repository\com\fasterxml\classmate\1.6.0\classmate-1.6.0.jar;C:\Users\Carlos Borges\.m2\repository\net\bytebuddy\byte-buddy\1.14.13\byte-buddy-1.14.13.jar;C:\Users\Carlos Borges\.m2\repository\org\glassfish\jaxb\jaxb-runtime\4.0.5\jaxb-runtime-4.0.5.jar;C:\Users\Carlos Borges\.m2\repository\org\glassfish\jaxb\jaxb-core\4.0.5\jaxb-core-4.0.5.jar;C:\Users\Carlos Borges\.m2\repository\org\eclipse\angus\angus-activation\2.0.2\angus-
Launcher Type: SUN_STANDARD

[Global flags]
     intx CICompilerCount                          = 2                                         {product} {ergonomic}
     uint ConcGCThreads                            = 1                                         {product} {ergonomic}
     uint G1ConcRefinementThreads                  = 2                                         {product} {ergonomic}
   size_t G1HeapRegionSize                         = 1048576                                   {product} {ergonomic}
    uintx GCDrainStackTargetSize                   = 64                                        {product} {ergonomic}
   size_t InitialHeapSize                          = 33554432                                  {product} {ergonomic}
     bool ManagementServer                         = true                                      {product} {command line}
   size_t MarkStackSize                            = 4194304                                   {product} {ergonomic}
   size_t MaxHeapSize                              = 528482304                                 {product} {ergonomic}
   size_t MaxNewSize                               = 316669952                                 {product} {ergonomic}
   size_t MinHeapDeltaBytes                        = 1048576                                   {product} {ergonomic}
   size_t MinHeapSize                              = 8388608                                   {product} {ergonomic}
    uintx NonProfiledCodeHeapSize                  = 0                                      {pd product} {ergonomic}
     bool ProfileInterpreter                       = false                                  {pd product} {command line}
    uintx ProfiledCodeHeapSize                     = 0                                      {pd product} {ergonomic}
     bool ShowCodeDetailsInExceptionMessages       = true                                   {manageable} {command line}
   size_t SoftMaxHeapSize                          = 528482304                              {manageable} {ergonomic}
     intx TieredStopAtLevel                        = 1                                         {product} {command line}
     bool UseCompressedClassPointers               = true                           {product lp64_product} {ergonomic}
     bool UseCompressedOops                        = true                           {product lp64_product} {ergonomic}
     bool UseG1GC                                  = true                                      {product} {ergonomic}
     bool UseLargePagesIndividualAllocation        = false                                  {pd product} {ergonomic}

Logging:
Log output configuration:
 #0: stdout all=warning uptime,level,tags
 #1: stderr all=off uptime,level,tags

Environment Variables:
JAVA_HOME=C:\Program Files\Java\zulu17.36.13-ca-jdk17.0.4-win_x64
PATH=C:/eclipse//plugins/org.eclipse.justj.openjdk.hotspot.jre.full.win32.x86_64_17.0.3.v20220515-1416/jre/bin/server;C:/eclipse//plugins/org.eclipse.justj.openjdk.hotspot.jre.full.win32.x86_64_17.0.3.v20220515-1416/jre/bin;C:\Program Files\Common Files\Oracle\Java\javapath;C:\Windows\system32;C:\Windows;C:\Windows\System32\Wbem;C:\Windows\System32\WindowsPowerShell\v1.0\;C:\Program Files\Java\zulu17.36.13-ca-jdk17.0.4-win_x64\bin;C:\Program Files\nodejs\;C:\Program Files\dotnet\;C:\Program Files\MongoDB\Server\3.6\bin;C:\Program Files\Git\cmd;C:\Program Files\MySQL\MySQL Shell 8.0\bin\;C:\Users\Carlos Borges\AppData\Local\Programs\Microsoft VS Code\bin;C:\Program Files\heroku\bin;C:\Users\Carlos Borges\AppData\Roaming\npm;C:\Program Files\JetBrains\IntelliJ IDEA 2023.1\bin;;C:\eclipse;
USERNAME=Carlos Borges
OS=Windows_NT
PROCESSOR_IDENTIFIER=Intel64 Family 6 Model 23 Stepping 10, GenuineIntel



---------------  S Y S T E M  ---------------

OS:
 Windows 7 , 64 bit Build 7601 (6.1.7601.25740)
OS uptime: 0 days 1:11 hours

CPU: total 2 (initial active 2) (2 cores per cpu, 1 threads per core) family 6 model 23 stepping 10 microcode 0x0, cx8, cmov, fxsr, mmx, sse, sse2, sse3, ssse3, tsc, clflush

Memory: 4k page, system-wide physical 2013M (255M free)
TotalPageFile size 5553M (AvailPageFile size 904M)
current process WorkingSet (physical memory assigned to process): 94M, peak: 94M
current process commit charge ("private bytes"): 128M, peak: 128M

vm_info: OpenJDK 64-Bit Server VM (17.0.3+7) for windows-amd64 JRE (17.0.3+7), built on Apr 19 2022 16:55:35 by "" with MS VC++ 16.7 (VS2019)

END.
