#
# A fatal error has been detected by the Java Runtime Environment:
#
#  EXCEPTION_ACCESS_VIOLATION (0xc0000005) at pc=0x000007fef3f22970, pid=3944, tid=3168
#
# JRE version: OpenJDK Runtime Environment Temurin-17.0.3+7 (17.0.3+7) (build 17.0.3+7)
# Java VM: OpenJDK 64-Bit Server VM Temurin-17.0.3+7 (17.0.3+7, mixed mode, emulated-client, tiered, compressed oops, compressed class ptrs, g1 gc, windows-amd64)
# Problematic frame:
# V  [jvm.dll+0x2a2970]
#
# No core dump will be written. Minidumps are not enabled by default on client versions of Windows
#
# If you would like to submit a bug report, please visit:
#   https://github.com/adoptium/adoptium-support/issues
#

---------------  S U M M A R Y ------------

Command Line: -Dcom.sun.management.jmxremote -Dcom.sun.management.jmxremote.port=49163 -Dcom.sun.management.jmxremote.authenticate=false -Dcom.sun.management.jmxremote.ssl=false -Djava.rmi.server.hostname=localhost -Dspring.jmx.enabled=true -Dmanagement.endpoints.jmx.exposure.include=* -Dspring.application.admin.enabled=true -XX:TieredStopAtLevel=1 -Dspring.boot.project.name=springboot -Dfile.encoding=UTF-8 -XX:+ShowCodeDetailsInExceptionMessages com.carlosborges.SpringbootApplication --spring.output.ansi.enabled=always

Host: Pentium(R) Dual-Core CPU       T4500  @ 2.30GHz, 2 cores, 1G,  Windows 7 , 64 bit Build 7601 (6.1.7601.25740)
Time: Tue Apr 16 17:07:20 2024 Hora oficial do Brasil elapsed time: 80.038418 seconds (0d 0h 1m 20s)

---------------  T H R E A D  ---------------

Current thread (0x000000000039b7a0):  JavaThread "main" [_thread_in_vm, id=3168, stack(0x0000000001f70000,0x0000000002070000)]

Stack: [0x0000000001f70000,0x0000000002070000],  sp=0x000000000206a940,  free space=1002k
Native frames: (J=compiled Java code, j=interpreted, Vv=VM code, C=native code)
V  [jvm.dll+0x2a2970]
V  [jvm.dll+0x7abea3]
V  [jvm.dll+0x7ac538]
V  [jvm.dll+0x23d79e]
V  [jvm.dll+0x23d9ef]
V  [jvm.dll+0x559143]
V  [jvm.dll+0x55b5c4]
V  [jvm.dll+0x38296e]
V  [jvm.dll+0x382412]
C  0x0000000005937505

Java frames: (J=compiled Java code, j=interpreted, Vv=VM code)
j  org.springframework.boot.jdbc.DataSourceBuilder.driverClassName(Ljava/lang/String;)Lorg/springframework/boot/jdbc/DataSourceBuilder;+1
j  org.springframework.boot.autoconfigure.jdbc.DataSourceConfiguration.createDataSource(Lorg/springframework/boot/autoconfigure/jdbc/JdbcConnectionDetails;Ljava/lang/Class;Ljava/lang/ClassLoader;)Ljava/lang/Object;+14
j  org.springframework.boot.autoconfigure.jdbc.DataSourceConfiguration$Hikari.dataSource(Lorg/springframework/boot/autoconfigure/jdbc/DataSourceProperties;Lorg/springframework/boot/autoconfigure/jdbc/JdbcConnectionDetails;)Lcom/zaxxer/hikari/HikariDataSource;+7
v  ~StubRoutines::call_stub
j  jdk.internal.reflect.NativeMethodAccessorImpl.invoke0(Ljava/lang/reflect/Method;Ljava/lang/Object;[Ljava/lang/Object;)Ljava/lang/Object;+0 java.base@17.0.3
j  jdk.internal.reflect.NativeMethodAccessorImpl.invoke(Ljava/lang/Object;[Ljava/lang/Object;)Ljava/lang/Object;+133 java.base@17.0.3
j  jdk.internal.reflect.DelegatingMethodAccessorImpl.invoke(Ljava/lang/Object;[Ljava/lang/Object;)Ljava/lang/Object;+6 java.base@17.0.3
j  java.lang.reflect.Method.invoke(Ljava/lang/Object;[Ljava/lang/Object;)Ljava/lang/Object;+59 java.base@17.0.3
j  org.springframework.beans.factory.support.SimpleInstantiationStrategy.instantiate(Lorg/springframework/beans/factory/support/RootBeanDefinition;Ljava/lang/String;Lorg/springframework/beans/factory/BeanFactory;Ljava/lang/Object;Ljava/lang/reflect/Method;[Ljava/lang/Object;)Ljava/lang/Object;+30
j  org.springframework.beans.factory.support.ConstructorResolver.instantiate(Ljava/lang/String;Lorg/springframework/beans/factory/support/RootBeanDefinition;Ljava/lang/Object;Ljava/lang/reflect/Method;[Ljava/lang/Object;)Ljava/lang/Object;+18
j  org.springframework.beans.factory.support.ConstructorResolver.instantiateUsingFactoryMethod(Ljava/lang/String;Lorg/springframework/beans/factory/support/RootBeanDefinition;[Ljava/lang/Object;)Lorg/springframework/beans/BeanWrapper;+1438
j  org.springframework.beans.factory.support.AbstractAutowireCapableBeanFactory.instantiateUsingFactoryMethod(Ljava/lang/String;Lorg/springframework/beans/factory/support/RootBeanDefinition;[Ljava/lang/Object;)Lorg/springframework/beans/BeanWrapper;+11
j  org.springframework.beans.factory.support.AbstractAutowireCapableBeanFactory.createBeanInstance(Ljava/lang/String;Lorg/springframework/beans/factory/support/RootBeanDefinition;[Ljava/lang/Object;)Lorg/springframework/beans/BeanWrapper;+89
j  org.springframework.beans.factory.support.AbstractAutowireCapableBeanFactory.doCreateBean(Ljava/lang/String;Lorg/springframework/beans/factory/support/RootBeanDefinition;[Ljava/lang/Object;)Ljava/lang/Object;+34
j  org.springframework.beans.factory.support.AbstractAutowireCapableBeanFactory.createBean(Ljava/lang/String;Lorg/springframework/beans/factory/support/RootBeanDefinition;[Ljava/lang/Object;)Ljava/lang/Object;+153
j  org.springframework.beans.factory.support.AbstractBeanFactory.lambda$doGetBean$0(Ljava/lang/String;Lorg/springframework/beans/factory/support/RootBeanDefinition;[Ljava/lang/Object;)Ljava/lang/Object;+4
j  org.springframework.beans.factory.support.AbstractBeanFactory$$Lambda$346+0x000000000ced3648.getObject()Ljava/lang/Object;+16
j  org.springframework.beans.factory.support.DefaultSingletonBeanRegistry.getSingleton(Ljava/lang/String;Lorg/springframework/beans/factory/ObjectFactory;)Ljava/lang/Object;+114
J 2460 c1 org.springframework.beans.factory.support.AbstractBeanFactory.doGetBean(Ljava/lang/String;Ljava/lang/Class;[Ljava/lang/Object;Z)Ljava/lang/Object; (740 bytes) @ 0x0000000005e6359c [0x0000000005e63000+0x000000000000059c]
j  org.springframework.beans.factory.support.AbstractBeanFactory.getBean(Ljava/lang/String;)Ljava/lang/Object;+5
j  org.springframework.beans.factory.config.DependencyDescriptor.resolveCandidate(Ljava/lang/String;Ljava/lang/Class;Lorg/springframework/beans/factory/BeanFactory;)Ljava/lang/Object;+2
j  org.springframework.beans.factory.support.DefaultListableBeanFactory.addCandidateEntry(Ljava/util/Map;Ljava/lang/String;Lorg/springframework/beans/factory/config/DependencyDescriptor;Ljava/lang/Class;)V+72
j  org.springframework.beans.factory.support.DefaultListableBeanFactory.findAutowireCandidates(Ljava/lang/String;Ljava/lang/Class;Lorg/springframework/beans/factory/config/DependencyDescriptor;)Ljava/util/Map;+179
j  org.springframework.beans.factory.support.DefaultListableBeanFactory.resolveMultipleBeans(Lorg/springframework/beans/factory/config/DependencyDescriptor;Ljava/lang/String;Ljava/util/Set;Lorg/springframework/beans/TypeConverter;)Ljava/lang/Object;+24
j  org.springframework.beans.factory.support.DefaultListableBeanFactory.doResolveDependency(Lorg/springframework/beans/factory/config/DependencyDescriptor;Ljava/lang/String;Ljava/util/Set;Lorg/springframework/beans/TypeConverter;)Ljava/lang/Object;+211
j  org.springframework.beans.factory.support.DefaultListableBeanFactory$DependencyObjectProvider.resolveStream(Z)Ljava/util/stream/Stream;+24
j  org.springframework.beans.factory.support.DefaultListableBeanFactory$DependencyObjectProvider.orderedStream()Ljava/util/stream/Stream;+2
j  org.springframework.boot.autoconfigure.h2.H2ConsoleAutoConfiguration.logDataSources(Lorg/springframework/beans/factory/ObjectProvider;Ljava/lang/String;)V+1
j  org.springframework.boot.autoconfigure.h2.H2ConsoleAutoConfiguration.lambda$h2Console$0(Lorg/springframework/beans/factory/ObjectProvider;Ljava/lang/String;)V+3
j  org.springframework.boot.autoconfigure.h2.H2ConsoleAutoConfiguration$$Lambda$768+0x000000000d0a4000.run()V+12
j  org.springframework.boot.autoconfigure.h2.H2ConsoleAutoConfiguration.withThreadContextClassLoader(Ljava/lang/ClassLoader;Ljava/lang/Runnable;)V+15
j  org.springframework.boot.autoconfigure.h2.H2ConsoleAutoConfiguration.h2Console(Lorg/springframework/boot/autoconfigure/h2/H2ConsoleProperties;Lorg/springframework/beans/factory/ObjectProvider;)Lorg/springframework/boot/web/servlet/ServletRegistrationBean;+91
v  ~StubRoutines::call_stub
j  jdk.internal.reflect.NativeMethodAccessorImpl.invoke0(Ljava/lang/reflect/Method;Ljava/lang/Object;[Ljava/lang/Object;)Ljava/lang/Object;+0 java.base@17.0.3
j  jdk.internal.reflect.NativeMethodAccessorImpl.invoke(Ljava/lang/Object;[Ljava/lang/Object;)Ljava/lang/Object;+133 java.base@17.0.3
j  jdk.internal.reflect.DelegatingMethodAccessorImpl.invoke(Ljava/lang/Object;[Ljava/lang/Object;)Ljava/lang/Object;+6 java.base@17.0.3
j  java.lang.reflect.Method.invoke(Ljava/lang/Object;[Ljava/lang/Object;)Ljava/lang/Object;+59 java.base@17.0.3
j  org.springframework.beans.factory.support.SimpleInstantiationStrategy.instantiate(Lorg/springframework/beans/factory/support/RootBeanDefinition;Ljava/lang/String;Lorg/springframework/beans/factory/BeanFactory;Ljava/lang/Object;Ljava/lang/reflect/Method;[Ljava/lang/Object;)Ljava/lang/Object;+30
j  org.springframework.beans.factory.support.ConstructorResolver.instantiate(Ljava/lang/String;Lorg/springframework/beans/factory/support/RootBeanDefinition;Ljava/lang/Object;Ljava/lang/reflect/Method;[Ljava/lang/Object;)Ljava/lang/Object;+18
j  org.springframework.beans.factory.support.ConstructorResolver.instantiateUsingFactoryMethod(Ljava/lang/String;Lorg/springframework/beans/factory/support/RootBeanDefinition;[Ljava/lang/Object;)Lorg/springframework/beans/BeanWrapper;+1438
j  org.springframework.beans.factory.support.AbstractAutowireCapableBeanFactory.instantiateUsingFactoryMethod(Ljava/lang/String;Lorg/springframework/beans/factory/support/RootBeanDefinition;[Ljava/lang/Object;)Lorg/springframework/beans/BeanWrapper;+11
j  org.springframework.beans.factory.support.AbstractAutowireCapableBeanFactory.createBeanInstance(Ljava/lang/String;Lorg/springframework/beans/factory/support/RootBeanDefinition;[Ljava/lang/Object;)Lorg/springframework/beans/BeanWrapper;+89
j  org.springframework.beans.factory.support.AbstractAutowireCapableBeanFactory.doCreateBean(Ljava/lang/String;Lorg/springframework/beans/factory/support/RootBeanDefinition;[Ljava/lang/Object;)Ljava/lang/Object;+34
j  org.springframework.beans.factory.support.AbstractAutowireCapableBeanFactory.createBean(Ljava/lang/String;Lorg/springframework/beans/factory/support/RootBeanDefinition;[Ljava/lang/Object;)Ljava/lang/Object;+153
j  org.springframework.beans.factory.support.AbstractBeanFactory.lambda$doGetBean$0(Ljava/lang/String;Lorg/springframework/beans/factory/support/RootBeanDefinition;[Ljava/lang/Object;)Ljava/lang/Object;+4
j  org.springframework.beans.factory.support.AbstractBeanFactory$$Lambda$346+0x000000000ced3648.getObject()Ljava/lang/Object;+16
j  org.springframework.beans.factory.support.DefaultSingletonBeanRegistry.getSingleton(Ljava/lang/String;Lorg/springframework/beans/factory/ObjectFactory;)Ljava/lang/Object;+114
J 2460 c1 org.springframework.beans.factory.support.AbstractBeanFactory.doGetBean(Ljava/lang/String;Ljava/lang/Class;[Ljava/lang/Object;Z)Ljava/lang/Object; (740 bytes) @ 0x0000000005e6359c [0x0000000005e63000+0x000000000000059c]
J 2527 c1 org.springframework.beans.factory.support.AbstractBeanFactory.getBean(Ljava/lang/String;Ljava/lang/Class;)Ljava/lang/Object; (9 bytes) @ 0x0000000005e822e4 [0x0000000005e822a0+0x0000000000000044]
j  org.springframework.boot.web.servlet.ServletContextInitializerBeans.getOrderedBeansOfType(Lorg/springframework/beans/factory/ListableBeanFactory;Ljava/lang/Class;Ljava/util/Set;)Ljava/util/List;+69
j  org.springframework.boot.web.servlet.ServletContextInitializerBeans.getOrderedBeansOfType(Lorg/springframework/beans/factory/ListableBeanFactory;Ljava/lang/Class;)Ljava/util/List;+6
j  org.springframework.boot.web.servlet.ServletContextInitializerBeans.addServletContextInitializerBeans(Lorg/springframework/beans/factory/ListableBeanFactory;)V+32
j  org.springframework.boot.web.servlet.ServletContextInitializerBeans.<init>(Lorg/springframework/beans/factory/ListableBeanFactory;[Ljava/lang/Class;)V+49
j  org.springframework.boot.web.servlet.context.ServletWebServerApplicationContext.getServletContextInitializerBeans()Ljava/util/Collection;+12
j  org.springframework.boot.web.servlet.context.ServletWebServerApplicationContext.selfInitialize(Ljakarta/servlet/ServletContext;)V+19
j  org.springframework.boot.web.servlet.context.ServletWebServerApplicationContext$$Lambda$740+0x000000000d057a08.onStartup(Ljakarta/servlet/ServletContext;)V+5
j  org.springframework.boot.web.embedded.tomcat.TomcatStarter.onStartup(Ljava/util/Set;Ljakarta/servlet/ServletContext;)V+28
j  org.apache.catalina.core.StandardContext.startInternal()V+1048
j  org.apache.catalina.util.LifecycleBase.start()V+210
j  org.apache.catalina.core.ContainerBase$StartChild.call()Ljava/lang/Void;+4
j  org.apache.catalina.core.ContainerBase$StartChild.call()Ljava/lang/Object;+1
j  java.util.concurrent.FutureTask.run()V+39 java.base@17.0.3
j  org.apache.tomcat.util.threads.InlineExecutorService.execute(Ljava/lang/Runnable;)V+38
j  java.util.concurrent.AbstractExecutorService.submit(Ljava/util/concurrent/Callable;)Ljava/util/concurrent/Future;+20 java.base@17.0.3
j  org.apache.catalina.core.ContainerBase.startInternal()V+116
j  org.apache.catalina.core.StandardHost.startInternal()V+177
j  org.apache.catalina.util.LifecycleBase.start()V+210
j  org.apache.catalina.core.ContainerBase$StartChild.call()Ljava/lang/Void;+4
j  org.apache.catalina.core.ContainerBase$StartChild.call()Ljava/lang/Object;+1
j  java.util.concurrent.FutureTask.run()V+39 java.base@17.0.3
j  org.apache.tomcat.util.threads.InlineExecutorService.execute(Ljava/lang/Runnable;)V+38
j  java.util.concurrent.AbstractExecutorService.submit(Ljava/util/concurrent/Callable;)Ljava/util/concurrent/Future;+20 java.base@17.0.3
j  org.apache.catalina.core.ContainerBase.startInternal()V+116
j  org.apache.catalina.core.StandardEngine.startInternal()V+38
j  org.apache.catalina.util.LifecycleBase.start()V+210
j  org.apache.catalina.core.StandardService.startInternal()V+63
j  org.apache.catalina.util.LifecycleBase.start()V+210
j  org.apache.catalina.core.StandardServer.startInternal()V+94
j  org.apache.catalina.util.LifecycleBase.start()V+210
j  org.apache.catalina.startup.Tomcat.start()V+9
j  org.springframework.boot.web.embedded.tomcat.TomcatWebServer.initialize()V+55
j  org.springframework.boot.web.embedded.tomcat.TomcatWebServer.<init>(Lorg/apache/catalina/startup/Tomcat;ZLorg/springframework/boot/web/server/Shutdown;)V+66
j  org.springframework.boot.web.embedded.tomcat.TomcatServletWebServerFactory.getTomcatWebServer(Lorg/apache/catalina/startup/Tomcat;)Lorg/springframework/boot/web/embedded/tomcat/TomcatWebServer;+21
j  org.springframework.boot.web.embedded.tomcat.TomcatServletWebServerFactory.getWebServer([Lorg/springframework/boot/web/servlet/ServletContextInitializer;)Lorg/springframework/boot/web/server/WebServer;+212
j  org.springframework.boot.web.servlet.context.ServletWebServerApplicationContext.createWebServer()V+67
j  org.springframework.boot.web.servlet.context.ServletWebServerApplicationContext.onRefresh()V+5
j  org.springframework.context.support.AbstractApplicationContext.refresh()V+85
j  org.springframework.boot.web.servlet.context.ServletWebServerApplicationContext.refresh()V+1
j  org.springframework.boot.SpringApplication.refresh(Lorg/springframework/context/ConfigurableApplicationContext;)V+1
j  org.springframework.boot.SpringApplication.refreshContext(Lorg/springframework/context/ConfigurableApplicationContext;)V+16
j  org.springframework.boot.SpringApplication.run([Ljava/lang/String;)Lorg/springframework/context/ConfigurableApplicationContext;+110
j  org.springframework.boot.SpringApplication.run([Ljava/lang/Class;[Ljava/lang/String;)Lorg/springframework/context/ConfigurableApplicationContext;+9
j  org.springframework.boot.SpringApplication.run(Ljava/lang/Class;[Ljava/lang/String;)Lorg/springframework/context/ConfigurableApplicationContext;+9
j  com.carlosborges.SpringbootApplication.main([Ljava/lang/String;)V+3
v  ~StubRoutines::call_stub

siginfo: EXCEPTION_ACCESS_VIOLATION (0xc0000005), reading address 0x000000400cf5dee0


Register to memory mapping:

RIP=0x000007fef3f22970 jvm.dll
RAX=0x000000400cf5dec8 is an unknown value
RBX=0x0000000000360fa8 points into unknown readable memory: 0x00000000e0dadc90 | 90 dc da e0 00 00 00 00
RCX=0x000000000c9dacb0 points into unknown readable memory: 0x6176616a000003f1 | f1 03 00 00 6a 61 76 61
RDX=0x0000000000000101 is an unknown value
RSP=0x000000000206a940 is pointing into the stack for thread: 0x000000000039b7a0
RBP=0x0000000000000001 is an unknown value
RSI=0x00000000e0bafba0 is an oop: jdk.internal.loader.ClassLoaders$AppClassLoader 
{0x00000000e0bafba0} - klass: 'jdk/internal/loader/ClassLoaders$AppClassLoader'
 - ---- fields (total size 13 words):
 - private 'defaultAssertionStatus' 'Z' @12  false
 - private final 'parent' 'Ljava/lang/ClassLoader;' @24  a 'jdk/internal/loader/ClassLoaders$PlatformClassLoader'{0x00000000e0bbaae8} (e0bbaae8)
 - private final 'name' 'Ljava/lang/String;' @28  "app"{0x00000000e0cace18} (e0cace18)
 - private final 'unnamedModule' 'Ljava/lang/Module;' @32  a 'java/lang/Module'{0x00000000e0bfbae8} (e0bfbae8)
 - private final 'nameAndId' 'Ljava/lang/String;' @36  "'app'"{0x00000000e0ca5f70} (e0ca5f70)
 - private final 'parallelLockMap' 'Ljava/util/concurrent/ConcurrentHashMap;' @40  a 'java/util/concurrent/ConcurrentHashMap'{0x00000000e0ca5e70} (e0ca5e70)
 - private final 'package2certs' 'Ljava/util/concurrent/ConcurrentHashMap;' @44  a 'java/util/concurrent/ConcurrentHashMap'{0x00000000e0ca5e30} (e0ca5e30)
 - private final 'classes' 'Ljava/util/ArrayList;' @48  a 'java/util/ArrayList'{0x00000000e0ca5e18} (e0ca5e18)
 - private final 'defaultDomain' 'Ljava/security/ProtectionDomain;' @52  a 'java/security/ProtectionDomain'{0x00000000e0ca5da8} (e0ca5da8)
 - private final 'packages' 'Ljava/util/concurrent/ConcurrentHashMap;' @56  a 'java/util/concurrent/ConcurrentHashMap'{0x00000000e0ca5d68} (e0ca5d68)
 - private final 'libraries' 'Ljdk/internal/loader/NativeLibraries;' @60  a 'jdk/internal/loader/NativeLibraries'{0x00000000e0ca5d08} (e0ca5d08)
 - final 'assertionLock' 'Ljava/lang/Object;' @64  a 'java/lang/Object'{0x00000000e0ca5cf8} (e0ca5cf8)
 - private 'packageAssertionStatus' 'Ljava/util/Map;' @68  NULL (0)
 - 'classAssertionStatus' 'Ljava/util/Map;' @72  NULL (0)
 - private volatile 'classLoaderValueMap' 'Ljava/util/concurrent/ConcurrentHashMap;' @76  a 'java/util/concurrent/ConcurrentHashMap'{0x00000000e0ca5be8} (e0ca5be8)
 - private final 'pdcache' 'Ljava/util/Map;' @80  a 'java/util/concurrent/ConcurrentHashMap'{0x00000000e0ca5ba8} (e0ca5ba8)
 - private final 'parent' 'Ljdk/internal/loader/BuiltinClassLoader;' @84  a 'jdk/internal/loader/ClassLoaders$PlatformClassLoader'{0x00000000e0bbaae8} (e0bbaae8)
 - private synchronized 'ucp' 'Ljdk/internal/loader/URLClassPath;' @88  a 'jdk/internal/loader/URLClassPath'{0x00000000e0ca57b0} (e0ca57b0)
 - private final 'nameToModule' 'Ljava/util/Map;' @92  a 'java/util/concurrent/ConcurrentHashMap'{0x00000000e0b6a140} (e0b6a140)
 - private final 'moduleToReader' 'Ljava/util/Map;' @96  a 'java/util/concurrent/ConcurrentHashMap'{0x00000000e0b6a500} (e0b6a500)
 - private volatile 'resourceCache' 'Ljava/lang/ref/SoftReference;' @100  a 'java/lang/ref/SoftReference'{0x00000000e0b6ea10} (e0b6ea10)
RDI=0x00000000511bc940 points into unknown readable memory: 0x000000001473cae9 | e9 ca 73 14 00 00 00 00
R8 =0x000000004f0e4060 points into unknown readable memory: 0x726f0042cae9000b | 0b 00 e9 ca 42 00 6f 72
R9 =0x000000001473cae9 is an unknown value
R10=0x000000000c9dacb0 points into unknown readable memory: 0x6176616a000003f1 | f1 03 00 00 6a 61 76 61
R11={method} {0x00000000520d4d70} 'driverClassName' '(Ljava/lang/String;)Lorg/springframework/boot/jdbc/DataSourceBuilder;' in 'org/springframework/boot/jdbc/DataSourceBuilder'
R12=0x000000001473cae9 is an unknown value
R13=0x000000004f0e4060 points into unknown readable memory: 0x726f0042cae9000b | 0b 00 e9 ca 42 00 6f 72
R14=0x0000000000360fa8 points into unknown readable memory: 0x00000000e0dadc90 | 90 dc da e0 00 00 00 00
R15=0x000000000039b7a0 is a thread


Registers:
RAX=0x000000400cf5dec8, RBX=0x0000000000360fa8, RCX=0x000000000c9dacb0, RDX=0x0000000000000101
RSP=0x000000000206a940, RBP=0x0000000000000001, RSI=0x00000000e0bafba0, RDI=0x00000000511bc940
R8 =0x000000004f0e4060, R9 =0x000000001473cae9, R10=0x000000000c9dacb0, R11=0x00000000520d4d68
R12=0x000000001473cae9, R13=0x000000004f0e4060, R14=0x0000000000360fa8, R15=0x000000000039b7a0
RIP=0x000007fef3f22970, EFLAGS=0x0000000000010246

Top of Stack: (sp=0x000000000206a940)
0x000000000206a940:   00000000e0bafba0 000000000206b358
0x000000000206a950:   0000000052221414 000000000206aa40
0x000000000206a960:   000000000039a890 000007fef442bea3
0x000000000206a970:   0000000000360fb0 0000000000000001
0x000000000206a980:   0000000000360fa8 000007fef442c538
0x000000000206a990:   000034c705335578 000000000c947f40
0x000000000206a9a0:   0000000052221414 000000000206aa40
0x000000000206a9b0:   000000000c9dacb0 000007fef3ebd841
0x000000000206a9c0:   0000000000000000 0000000000000000
0x000000000206a9d0:   0000000000390000 000007fef41db5f2
0x000000000206a9e0:   000000000206aa40 000007fef3fca9f6
0x000000000206a9f0:   000000000206ac68 000000000cd80258
0x000000000206aa00:   0000000000000000 000000000039b7a0
0x000000000206aa10:   000000000039a890 0000000000360f30
0x000000000206aa20:   0000000000360fb0 0000000000361018
0x000000000206aa30:   00000000000000d8 000000000206b358 

Instructions: (pc=0x000007fef3f22970)
0x000007fef3f22870:   c0 48 83 c1 08 44 89 44 24 20 48 89 4c 24 38 44
0x000007fef3f22880:   3b 02 0f 8c fc fd ff ff 4c 8b bc 24 30 01 00 00
0x000007fef3f22890:   4c 8b ac 24 38 01 00 00 4c 8b a4 24 40 01 00 00
0x000007fef3f228a0:   48 8b bc 24 48 01 00 00 48 8b b4 24 50 01 00 00
0x000007fef3f228b0:   48 8b 9c 24 80 01 00 00 48 8b 4d 20 48 33 cc e8
0x000007fef3f228c0:   3c 98 5e 00 48 81 c4 58 01 00 00 41 5e 5d c3 cc
0x000007fef3f228d0:   48 89 5c 24 08 57 48 83 ec 20 48 8b d9 48 8b fa
0x000007fef3f228e0:   48 8b 49 10 48 8b 01 ff 90 e8 00 00 00 48 3b f8
0x000007fef3f228f0:   74 31 48 8b 5b 18 48 85 db 74 1b 0f 1f 44 00 00
0x000007fef3f22900:   48 8b cb e8 a8 f3 3f 00 48 3b c7 74 16 48 8b 5b
0x000007fef3f22910:   08 48 85 db 75 ea 32 c0 48 8b 5c 24 30 48 83 c4
0x000007fef3f22920:   20 5f c3 48 8b 5c 24 30 b0 01 48 83 c4 20 5f c3
0x000007fef3f22930:   0f b6 05 e1 73 8c 00 c3 cc cc cc cc cc cc cc cc
0x000007fef3f22940:   48 89 5c 24 08 57 48 83 ec 20 49 8b d9 44 8b ca
0x000007fef3f22950:   41 8b c1 33 d2 f7 31 48 8b 41 08 48 63 fa 48 8b
0x000007fef3f22960:   3c f8 48 85 ff 74 18 44 39 0f 75 0a 48 8b 47 10
0x000007fef3f22970:   4c 39 40 18 74 16 48 8b 7f 08 48 85 ff 75 e8 33
0x000007fef3f22980:   c0 48 8b 5c 24 30 48 83 c4 20 5f c3 48 85 db 74
0x000007fef3f22990:   1e 48 83 3b 00 74 18 e8 44 58 0e 00 84 c0 74 0f
0x000007fef3f229a0:   48 8b 13 48 8b cf e8 25 ff ff ff 84 c0 74 d0 48
0x000007fef3f229b0:   8b 47 10 48 8b 5c 24 30 48 83 c4 20 5f c3 cc cc
0x000007fef3f229c0:   44 8b d2 33 d2 41 8b c2 f7 31 48 8b 41 08 4c 63
0x000007fef3f229d0:   ca 4a 8b 04 c8 48 85 c0 74 19 44 39 10 75 0a 48
0x000007fef3f229e0:   8b 48 10 4c 39 41 18 74 06 48 8b 40 08 eb e6 48
0x000007fef3f229f0:   8b c1 c3 c3 cc cc cc cc cc cc cc cc cc cc cc cc
0x000007fef3f22a00:   48 8b 41 08 48 63 d2 48 8b 04 d0 48 85 c0 74 1f
0x000007fef3f22a10:   48 8b 4c 24 28 44 39 00 75 0c 4c 39 48 10 75 06
0x000007fef3f22a20:   48 39 48 18 74 0b 48 8b 40 08 48 85 c0 75 e6 33
0x000007fef3f22a30:   c0 c3 cc cc cc cc cc cc cc cc cc cc cc cc cc cc
0x000007fef3f22a40:   48 8b 49 28 48 85 c9 75 03 33 c0 c3 48 ff 25 cd
0x000007fef3f22a50:   45 85 00 cc cc cc cc cc cc cc cc cc cc cc cc cc
0x000007fef3f22a60:   48 89 6c 24 18 48 89 74 24 20 57 48 83 ec 20 33 


Stack slot to memory mapping:
stack at sp + 0 slots: 0x00000000e0bafba0 is an oop: jdk.internal.loader.ClassLoaders$AppClassLoader 
{0x00000000e0bafba0} - klass: 'jdk/internal/loader/ClassLoaders$AppClassLoader'
 - ---- fields (total size 13 words):
 - private 'defaultAssertionStatus' 'Z' @12  false
 - private final 'parent' 'Ljava/lang/ClassLoader;' @24  a 'jdk/internal/loader/ClassLoaders$PlatformClassLoader'{0x00000000e0bbaae8} (e0bbaae8)
 - private final 'name' 'Ljava/lang/String;' @28  "app"{0x00000000e0cace18} (e0cace18)
 - private final 'unnamedModule' 'Ljava/lang/Module;' @32  a 'java/lang/Module'{0x00000000e0bfbae8} (e0bfbae8)
 - private final 'nameAndId' 'Ljava/lang/String;' @36  "'app'"{0x00000000e0ca5f70} (e0ca5f70)
 - private final 'parallelLockMap' 'Ljava/util/concurrent/ConcurrentHashMap;' @40  a 'java/util/concurrent/ConcurrentHashMap'{0x00000000e0ca5e70} (e0ca5e70)
 - private final 'package2certs' 'Ljava/util/concurrent/ConcurrentHashMap;' @44  a 'java/util/concurrent/ConcurrentHashMap'{0x00000000e0ca5e30} (e0ca5e30)
 - private final 'classes' 'Ljava/util/ArrayList;' @48  a 'java/util/ArrayList'{0x00000000e0ca5e18} (e0ca5e18)
 - private final 'defaultDomain' 'Ljava/security/ProtectionDomain;' @52  a 'java/security/ProtectionDomain'{0x00000000e0ca5da8} (e0ca5da8)
 - private final 'packages' 'Ljava/util/concurrent/ConcurrentHashMap;' @56  a 'java/util/concurrent/ConcurrentHashMap'{0x00000000e0ca5d68} (e0ca5d68)
 - private final 'libraries' 'Ljdk/internal/loader/NativeLibraries;' @60  a 'jdk/internal/loader/NativeLibraries'{0x00000000e0ca5d08} (e0ca5d08)
 - final 'assertionLock' 'Ljava/lang/Object;' @64  a 'java/lang/Object'{0x00000000e0ca5cf8} (e0ca5cf8)
 - private 'packageAssertionStatus' 'Ljava/util/Map;' @68  NULL (0)
 - 'classAssertionStatus' 'Ljava/util/Map;' @72  NULL (0)
 - private volatile 'classLoaderValueMap' 'Ljava/util/concurrent/ConcurrentHashMap;' @76  a 'java/util/concurrent/ConcurrentHashMap'{0x00000000e0ca5be8} (e0ca5be8)
 - private final 'pdcache' 'Ljava/util/Map;' @80  a 'java/util/concurrent/ConcurrentHashMap'{0x00000000e0ca5ba8} (e0ca5ba8)
 - private final 'parent' 'Ljdk/internal/loader/BuiltinClassLoader;' @84  a 'jdk/internal/loader/ClassLoaders$PlatformClassLoader'{0x00000000e0bbaae8} (e0bbaae8)
 - private synchronized 'ucp' 'Ljdk/internal/loader/URLClassPath;' @88  a 'jdk/internal/loader/URLClassPath'{0x00000000e0ca57b0} (e0ca57b0)
 - private final 'nameToModule' 'Ljava/util/Map;' @92  a 'java/util/concurrent/ConcurrentHashMap'{0x00000000e0b6a140} (e0b6a140)
 - private final 'moduleToReader' 'Ljava/util/Map;' @96  a 'java/util/concurrent/ConcurrentHashMap'{0x00000000e0b6a500} (e0b6a500)
 - private volatile 'resourceCache' 'Ljava/lang/ref/SoftReference;' @100  a 'java/lang/ref/SoftReference'{0x00000000e0b6ea10} (e0b6ea10)
stack at sp + 1 slots: 0x000000000206b358 is pointing into the stack for thread: 0x000000000039b7a0
stack at sp + 2 slots: 0x0000000052221414 is pointing into metadata
stack at sp + 3 slots: 0x000000000206aa40 is pointing into the stack for thread: 0x000000000039b7a0
stack at sp + 4 slots: 0x000000000039a890 points into unknown readable memory: 0x0000000000000002 | 02 00 00 00 00 00 00 00
stack at sp + 5 slots: 0x000007fef442bea3 jvm.dll
stack at sp + 6 slots: 0x0000000000360fb0 points into unknown readable memory: 0x00000000e0bafba0 | a0 fb ba e0 00 00 00 00
stack at sp + 7 slots: 0x0000000000000001 is an unknown value


---------------  P R O C E S S  ---------------

Threads class SMR info:
_java_thread_list=0x0000000051271b50, length=15, elements={
0x000000000039b7a0, 0x000000000c9ff510, 0x000000000c9dfb30, 0x000000000c94d1f0,
0x000000000c94dd70, 0x000000000c94e790, 0x000000000ca0da50, 0x000000000ca1f1e0,
0x000000000ca21ae0, 0x000000000cab1300, 0x000000004e3c9990, 0x000000004ec82df0,
0x000000004ec891d0, 0x000000004ec9f500, 0x00000000512950f0
}

Java Threads: ( => current thread )
=>0x000000000039b7a0 JavaThread "main" [_thread_in_vm, id=3168, stack(0x0000000001f70000,0x0000000002070000)]
  0x000000000c9ff510 JavaThread "Reference Handler" daemon [_thread_blocked, id=1796, stack(0x000000004d6f0000,0x000000004d7f0000)]
  0x000000000c9dfb30 JavaThread "Finalizer" daemon [_thread_blocked, id=2276, stack(0x000000004d910000,0x000000004da10000)]
  0x000000000c94d1f0 JavaThread "Signal Dispatcher" daemon [_thread_blocked, id=976, stack(0x000000004d4c0000,0x000000004d5c0000)]
  0x000000000c94dd70 JavaThread "Attach Listener" daemon [_thread_blocked, id=1780, stack(0x000000004d800000,0x000000004d900000)]
  0x000000000c94e790 JavaThread "Service Thread" daemon [_thread_blocked, id=2936, stack(0x000000004dba0000,0x000000004dca0000)]
  0x000000000ca0da50 JavaThread "Monitor Deflation Thread" daemon [_thread_blocked, id=3216, stack(0x000000004dd80000,0x000000004de80000)]
  0x000000000ca1f1e0 JavaThread "C1 CompilerThread0" daemon [_thread_blocked, id=2840, stack(0x000000004dee0000,0x000000004dfe0000)]
  0x000000000ca21ae0 JavaThread "Sweeper thread" daemon [_thread_blocked, id=3456, stack(0x000000004e0a0000,0x000000004e1a0000)]
  0x000000000cab1300 JavaThread "Common-Cleaner" daemon [_thread_blocked, id=4056, stack(0x000000004da50000,0x000000004db50000)]
  0x000000004e3c9990 JavaThread "Notification Thread" daemon [_thread_blocked, id=3788, stack(0x000000004e760000,0x000000004e860000)]
  0x000000004ec82df0 JavaThread "RMI TCP Accept-0" daemon [_thread_in_native, id=812, stack(0x000000004e200000,0x000000004e300000)]
  0x000000004ec891d0 JavaThread "RMI TCP Accept-49163" daemon [_thread_in_native, id=3276, stack(0x0000000050230000,0x0000000050330000)]
  0x000000004ec9f500 JavaThread "RMI TCP Accept-0" daemon [_thread_in_native, id=3472, stack(0x000000004fff0000,0x00000000500f0000)]
  0x00000000512950f0 JavaThread "C1 CompilerThread1" daemon [_thread_blocked, id=656, stack(0x000000004e860000,0x000000004e960000)]

Other Threads:
  0x000000000c93c540 VMThread "VM Thread" [stack: 0x000000004d5c0000,0x000000004d6c0000] [id=4052] _threads_hazard_ptr=0x0000000051271b50
  0x000000004ec9fce0 WatcherThread [stack: 0x0000000050340000,0x0000000050440000] [id=3868]
  0x00000000003cddd0 GCTaskThread "GC Thread#0" [stack: 0x0000000009e00000,0x0000000009f00000] [id=1508]
  0x000000004e7354f0 GCTaskThread "GC Thread#1" [stack: 0x000000004f250000,0x000000004f350000] [id=3596]
  0x00000000003d2b20 ConcurrentGCThread "G1 Main Marker" [stack: 0x0000000009fe0000,0x000000000a0e0000] [id=808]
  0x00000000003d5bc0 ConcurrentGCThread "G1 Conc#0" [stack: 0x000000000a260000,0x000000000a360000] [id=3980]
  0x00000000003fdc50 ConcurrentGCThread "G1 Refine#0" [stack: 0x000000000c560000,0x000000000c660000] [id=3560]
  0x00000000003fe580 ConcurrentGCThread "G1 Service" [stack: 0x000000000c750000,0x000000000c850000] [id=3312]

Threads with active compile tasks:

VM state: synchronizing (normal execution)

VM Mutex/Monitor currently owned by a thread:  ([mutex/lock_event])
[0x0000000000395ea0] Threads_lock - owner thread: 0x000000000c93c540

Heap address: 0x00000000e0800000, size: 504 MB, Compressed Oops mode: 32-bit

CDS archive(s) not mapped
Compressed class space mapped at: 0x000000000cc00000-0x000000004cc00000, reserved size: 1073741824
Narrow klass base: 0x0000000000000000, Narrow klass shift: 0, Narrow klass range: 0x4cc00000

GC Precious Log:
 CPUs: 2 total, 2 available
 Memory: 2013M
 Large Page Support: Disabled
 NUMA Support: Disabled
 Compressed Oops: Enabled (32-bit)
 Heap Region Size: 1M
 Heap Min Capacity: 8M
 Heap Initial Capacity: 32M
 Heap Max Capacity: 504M
 Pre-touch: Disabled
 Parallel Workers: 2
 Concurrent Workers: 1
 Concurrent Refinement Workers: 2
 Periodic GC: Disabled

Heap:
 garbage-first heap   total 32768K, used 19047K [0x00000000e0800000, 0x0000000100000000)
  region size 1024K, 6 young (6144K), 2 survivors (2048K)
 Metaspace       used 35816K, committed 36224K, reserved 1081344K
  class space    used 4523K, committed 4736K, reserved 1048576K

Heap Regions: E=young(eden), S=young(survivor), O=old, HS=humongous(starts), HC=humongous(continues), CS=collection set, F=free, OA=open archive, CA=closed archive, TAMS=top-at-mark-start (previous, next)
|   0|0x00000000e0800000, 0x00000000e0900000, 0x00000000e0900000|100%|HS|  |TAMS 0x00000000e0900000, 0x00000000e0800000| Complete 
|   1|0x00000000e0900000, 0x00000000e0a00000, 0x00000000e0a00000|100%| O|  |TAMS 0x00000000e0a00000, 0x00000000e0900000| Untracked 
|   2|0x00000000e0a00000, 0x00000000e0b00000, 0x00000000e0b00000|100%| O|  |TAMS 0x00000000e0b00000, 0x00000000e0a00000| Untracked 
|   3|0x00000000e0b00000, 0x00000000e0c00000, 0x00000000e0c00000|100%| O|  |TAMS 0x00000000e0c00000, 0x00000000e0b00000| Untracked 
|   4|0x00000000e0c00000, 0x00000000e0d00000, 0x00000000e0d00000|100%| O|  |TAMS 0x00000000e0d00000, 0x00000000e0c00000| Untracked 
|   5|0x00000000e0d00000, 0x00000000e0e00000, 0x00000000e0e00000|100%| O|  |TAMS 0x00000000e0e00000, 0x00000000e0d00000| Untracked 
|   6|0x00000000e0e00000, 0x00000000e0f00000, 0x00000000e0f00000|100%| O|  |TAMS 0x00000000e0f00000, 0x00000000e0e00000| Untracked 
|   7|0x00000000e0f00000, 0x00000000e1000000, 0x00000000e1000000|100%| O|  |TAMS 0x00000000e1000000, 0x00000000e0f00000| Untracked 
|   8|0x00000000e1000000, 0x00000000e1100000, 0x00000000e1100000|100%| O|  |TAMS 0x00000000e1100000, 0x00000000e1000000| Untracked 
|   9|0x00000000e1100000, 0x00000000e1200000, 0x00000000e1200000|100%| O|  |TAMS 0x00000000e1200000, 0x00000000e1100000| Untracked 
|  10|0x00000000e1200000, 0x00000000e1300000, 0x00000000e1300000|100%| O|  |TAMS 0x00000000e1300000, 0x00000000e1200000| Untracked 
|  11|0x00000000e1300000, 0x00000000e1400000, 0x00000000e1400000|100%| O|  |TAMS 0x00000000e1400000, 0x00000000e1300000| Complete 
|  12|0x00000000e1400000, 0x00000000e1500000, 0x00000000e1500000|100%| O|  |TAMS 0x00000000e1500000, 0x00000000e1400000| Untracked 
|  13|0x00000000e1500000, 0x00000000e1600000, 0x00000000e1600000|100%| O|  |TAMS 0x00000000e1600000, 0x00000000e1500000| Untracked 
|  14|0x00000000e1600000, 0x00000000e1700000, 0x00000000e1700000|100%| O|  |TAMS 0x00000000e1700000, 0x00000000e1600000| Untracked 
|  15|0x00000000e1700000, 0x00000000e1744c00, 0x00000000e1800000| 26%| O|  |TAMS 0x00000000e1744c00, 0x00000000e1700000| Untracked 
|  16|0x00000000e1800000, 0x00000000e1800000, 0x00000000e1900000|  0%| F|  |TAMS 0x00000000e1800000, 0x00000000e1800000| Untracked 
|  17|0x00000000e1900000, 0x00000000e1900000, 0x00000000e1a00000|  0%| F|  |TAMS 0x00000000e1900000, 0x00000000e1900000| Untracked 
|  18|0x00000000e1a00000, 0x00000000e1a00000, 0x00000000e1b00000|  0%| F|  |TAMS 0x00000000e1a00000, 0x00000000e1a00000| Untracked 
|  19|0x00000000e1b00000, 0x00000000e1b00000, 0x00000000e1c00000|  0%| F|  |TAMS 0x00000000e1b00000, 0x00000000e1b00000| Untracked 
|  20|0x00000000e1c00000, 0x00000000e1c00000, 0x00000000e1d00000|  0%| F|  |TAMS 0x00000000e1c00000, 0x00000000e1c00000| Untracked 
|  21|0x00000000e1d00000, 0x00000000e1d00000, 0x00000000e1e00000|  0%| F|  |TAMS 0x00000000e1d00000, 0x00000000e1d00000| Untracked 
|  22|0x00000000e1e00000, 0x00000000e1e00000, 0x00000000e1f00000|  0%| F|  |TAMS 0x00000000e1e00000, 0x00000000e1e00000| Untracked 
|  23|0x00000000e1f00000, 0x00000000e1f00000, 0x00000000e2000000|  0%| F|  |TAMS 0x00000000e1f00000, 0x00000000e1f00000| Untracked 
|  24|0x00000000e2000000, 0x00000000e2000000, 0x00000000e2100000|  0%| F|  |TAMS 0x00000000e2000000, 0x00000000e2000000| Untracked 
|  25|0x00000000e2100000, 0x00000000e2155308, 0x00000000e2200000| 33%| S|CS|TAMS 0x00000000e2100000, 0x00000000e2100000| Complete 
|  26|0x00000000e2200000, 0x00000000e2300000, 0x00000000e2300000|100%| S|CS|TAMS 0x00000000e2200000, 0x00000000e2200000| Complete 
|  27|0x00000000e2300000, 0x00000000e2300000, 0x00000000e2400000|  0%| F|  |TAMS 0x00000000e2300000, 0x00000000e2300000| Untracked 
|  28|0x00000000e2400000, 0x00000000e24c1958, 0x00000000e2500000| 75%| E|  |TAMS 0x00000000e2400000, 0x00000000e2400000| Complete 
|  29|0x00000000e2500000, 0x00000000e2600000, 0x00000000e2600000|100%| E|CS|TAMS 0x00000000e2500000, 0x00000000e2500000| Complete 
|  30|0x00000000e2600000, 0x00000000e2700000, 0x00000000e2700000|100%| E|CS|TAMS 0x00000000e2600000, 0x00000000e2600000| Complete 
|  31|0x00000000e2700000, 0x00000000e2800000, 0x00000000e2800000|100%| E|  |TAMS 0x00000000e2700000, 0x00000000e2700000| Complete 

Card table byte_map: [0x0000000008c40000,0x0000000008d40000] _byte_map_base: 0x000000000853c000

Marking Bits (Prev, Next): (CMBitMap*) 0x00000000003ce2f0, (CMBitMap*) 0x00000000003ce330
 Prev Bits: [0x0000000008e40000, 0x0000000009620000)
 Next Bits: [0x0000000009620000, 0x0000000009e00000)

Polling page: 0x0000000000320000

Metaspace:

Usage:
  Non-class:     30.56 MB used.
      Class:      4.42 MB used.
       Both:     34.98 MB used.

Virtual space:
  Non-class space:       32.00 MB reserved,      30.75 MB ( 96%) committed,  4 nodes.
      Class space:        1.00 GB reserved,       4.63 MB ( <1%) committed,  1 nodes.
             Both:        1.03 GB reserved,      35.38 MB (  3%) committed. 

Chunk freelists:
   Non-Class:  832.00 KB
       Class:  3.36 MB
        Both:  4.17 MB

MaxMetaspaceSize: unlimited
CompressedClassSpaceSize: 1.00 GB
Initial GC threshold: 21.00 MB
Current GC threshold: 58.69 MB
CDS: off
MetaspaceReclaimPolicy: balanced
 - commit_granule_bytes: 65536.
 - commit_granule_words: 8192.
 - virtual_space_node_default_size: 1048576.
 - enlarge_chunks_in_place: 1.
 - new_chunks_are_fully_committed: 0.
 - uncommit_free_chunks: 1.
 - use_allocation_guard: 0.
 - handle_deallocations: 1.


Internal statistics:

num_allocs_failed_limit: 8.
num_arena_births: 538.
num_arena_deaths: 46.
num_vsnodes_births: 5.
num_vsnodes_deaths: 0.
num_space_committed: 566.
num_space_uncommitted: 0.
num_chunks_returned_to_freelist: 62.
num_chunks_taken_from_freelist: 1541.
num_chunk_merges: 24.
num_chunk_splits: 1020.
num_chunks_enlarged: 724.
num_purges: 4.
num_inconsistent_stats: 0.

CodeCache: size=49152Kb used=7160Kb max_used=7160Kb free=41992Kb
 bounds [0x0000000005920000, 0x0000000006020000, 0x0000000008920000]
 total_blobs=4032 nmethods=3517 adapters=441
 compilation: enabled
              stopped_count=0, restarted_count=0
 full_count=0

Compilation events (20 events):
Event: 79.636 Thread 0x00000000512950f0 3508       1       org.springframework.boot.context.properties.bind.Bindable::<init> (38 bytes)
Event: 79.637 Thread 0x00000000512950f0 nmethod 3508 0x000000000601ab10 code [0x000000000601acc0, 0x000000000601afb8]
Event: 79.638 Thread 0x00000000512950f0 3509       1       org.springframework.core.convert.TypeDescriptor::hashCode (8 bytes)
Event: 79.638 Thread 0x00000000512950f0 nmethod 3509 0x000000000601b010 code [0x000000000601b1a0, 0x000000000601b288]
Event: 79.772 Thread 0x00000000512950f0 3510       1       jdk.internal.misc.Unsafe::checkSize (32 bytes)
Event: 79.772 Thread 0x00000000512950f0 nmethod 3510 0x000000000601b390 code [0x000000000601b520, 0x000000000601b668]
Event: 79.773 Thread 0x00000000512950f0 3511       1       java.nio.HeapByteBuffer::getInt (29 bytes)
Event: 79.774 Thread 0x00000000512950f0 nmethod 3511 0x000000000601b710 code [0x000000000601b900, 0x000000000601bc68]
Event: 79.774 Thread 0x00000000512950f0 3512   !   1       jdk.internal.misc.ScopedMemoryAccess::getIntUnaligned (22 bytes)
Event: 79.774 Thread 0x00000000512950f0 nmethod 3512 0x000000000601bf10 code [0x000000000601c0c0, 0x000000000601c2e8]
Event: 79.774 Thread 0x00000000512950f0 3513   !   1       jdk.internal.misc.ScopedMemoryAccess::getIntUnalignedInternal (38 bytes)
Event: 79.775 Thread 0x00000000512950f0 nmethod 3513 0x000000000601c490 code [0x000000000601c640, 0x000000000601c7b8]
Event: 79.778 Thread 0x00000000512950f0 3514   !   1       jdk.proxy2.$Proxy19::annotationType (29 bytes)
Event: 79.779 Thread 0x00000000512950f0 nmethod 3514 0x000000000601c910 code [0x000000000601cac0, 0x000000000601ccb8]
Event: 79.780 Thread 0x00000000512950f0 3515   !   1       jdk.proxy2.$Proxy22::annotationType (29 bytes)
Event: 79.780 Thread 0x00000000512950f0 nmethod 3515 0x000000000601ce10 code [0x000000000601cfc0, 0x000000000601d1b8]
Event: 79.781 Thread 0x00000000512950f0 3516       1       org.springframework.core.annotation.TypeMappedAnnotations::isPresent (39 bytes)
Event: 79.781 Thread 0x00000000512950f0 nmethod 3516 0x000000000601d310 code [0x000000000601d4e0, 0x000000000601d708]
Event: 79.782 Thread 0x00000000512950f0 3517       1       org.springframework.core.MethodParameter::<init> (8 bytes)
Event: 79.783 Thread 0x00000000512950f0 nmethod 3517 0x000000000601d810 code [0x000000000601d9e0, 0x000000000601dd78]

GC Heap History (20 events):
Event: 38.500 GC heap before
{Heap before GC invocations=5 (full 0):
 garbage-first heap   total 32768K, used 16599K [0x00000000e0800000, 0x0000000100000000)
  region size 1024K, 12 young (12288K), 2 survivors (2048K)
 Metaspace       used 21276K, committed 21504K, reserved 1073152K
  class space    used 2428K, committed 2560K, reserved 1048576K
}
Event: 38.512 GC heap after
{Heap after GC invocations=6 (full 0):
 garbage-first heap   total 32768K, used 8866K [0x00000000e0800000, 0x0000000100000000)
  region size 1024K, 2 young (2048K), 2 survivors (2048K)
 Metaspace       used 21276K, committed 21504K, reserved 1073152K
  class space    used 2428K, committed 2560K, reserved 1048576K
}
Event: 40.515 GC heap before
{Heap before GC invocations=7 (full 0):
 garbage-first heap   total 32768K, used 21154K [0x00000000e0800000, 0x0000000100000000)
  region size 1024K, 14 young (14336K), 2 survivors (2048K)
 Metaspace       used 24253K, committed 24512K, reserved 1073152K
  class space    used 2813K, committed 2944K, reserved 1048576K
}
Event: 40.532 GC heap after
{Heap after GC invocations=8 (full 0):
 garbage-first heap   total 32768K, used 9859K [0x00000000e0800000, 0x0000000100000000)
  region size 1024K, 2 young (2048K), 2 survivors (2048K)
 Metaspace       used 24253K, committed 24512K, reserved 1073152K
  class space    used 2813K, committed 2944K, reserved 1048576K
}
Event: 42.864 GC heap before
{Heap before GC invocations=8 (full 0):
 garbage-first heap   total 32768K, used 20099K [0x00000000e0800000, 0x0000000100000000)
  region size 1024K, 13 young (13312K), 2 survivors (2048K)
 Metaspace       used 26473K, committed 26816K, reserved 1073152K
  class space    used 3148K, committed 3328K, reserved 1048576K
}
Event: 42.874 GC heap after
{Heap after GC invocations=9 (full 0):
 garbage-first heap   total 32768K, used 10897K [0x00000000e0800000, 0x0000000100000000)
  region size 1024K, 2 young (2048K), 2 survivors (2048K)
 Metaspace       used 26473K, committed 26816K, reserved 1073152K
  class space    used 3148K, committed 3328K, reserved 1048576K
}
Event: 55.816 GC heap before
{Heap before GC invocations=9 (full 0):
 garbage-first heap   total 32768K, used 22161K [0x00000000e0800000, 0x0000000100000000)
  region size 1024K, 14 young (14336K), 2 survivors (2048K)
 Metaspace       used 27672K, committed 27968K, reserved 1081344K
  class space    used 3302K, committed 3456K, reserved 1048576K
}
Event: 55.838 GC heap after
{Heap after GC invocations=10 (full 0):
 garbage-first heap   total 32768K, used 12617K [0x00000000e0800000, 0x0000000100000000)
  region size 1024K, 2 young (2048K), 2 survivors (2048K)
 Metaspace       used 27672K, committed 27968K, reserved 1081344K
  class space    used 3302K, committed 3456K, reserved 1048576K
}
Event: 60.376 GC heap before
{Heap before GC invocations=10 (full 0):
 garbage-first heap   total 32768K, used 22857K [0x00000000e0800000, 0x0000000100000000)
  region size 1024K, 12 young (12288K), 2 survivors (2048K)
 Metaspace       used 28369K, committed 28736K, reserved 1081344K
  class space    used 3413K, committed 3584K, reserved 1048576K
}
Event: 60.389 GC heap after
{Heap after GC invocations=11 (full 0):
 garbage-first heap   total 32768K, used 12938K [0x00000000e0800000, 0x0000000100000000)
  region size 1024K, 1 young (1024K), 1 survivors (1024K)
 Metaspace       used 28369K, committed 28736K, reserved 1081344K
  class space    used 3413K, committed 3584K, reserved 1048576K
}
Event: 66.986 GC heap before
{Heap before GC invocations=11 (full 0):
 garbage-first heap   total 32768K, used 24202K [0x00000000e0800000, 0x0000000100000000)
  region size 1024K, 12 young (12288K), 1 survivors (1024K)
 Metaspace       used 30113K, committed 30400K, reserved 1081344K
  class space    used 3659K, committed 3776K, reserved 1048576K
}
Event: 66.998 GC heap after
{Heap after GC invocations=12 (full 0):
 garbage-first heap   total 32768K, used 13557K [0x00000000e0800000, 0x0000000100000000)
  region size 1024K, 2 young (2048K), 2 survivors (2048K)
 Metaspace       used 30113K, committed 30400K, reserved 1081344K
  class space    used 3659K, committed 3776K, reserved 1048576K
}
Event: 70.729 GC heap before
{Heap before GC invocations=12 (full 0):
 garbage-first heap   total 32768K, used 23797K [0x00000000e0800000, 0x0000000100000000)
  region size 1024K, 12 young (12288K), 2 survivors (2048K)
 Metaspace       used 31708K, committed 32064K, reserved 1081344K
  class space    used 3914K, committed 4096K, reserved 1048576K
}
Event: 70.745 GC heap after
{Heap after GC invocations=13 (full 0):
 garbage-first heap   total 32768K, used 14497K [0x00000000e0800000, 0x0000000100000000)
  region size 1024K, 2 young (2048K), 2 survivors (2048K)
 Metaspace       used 31708K, committed 32064K, reserved 1081344K
  class space    used 3914K, committed 4096K, reserved 1048576K
}
Event: 76.906 GC heap before
{Heap before GC invocations=13 (full 0):
 garbage-first heap   total 32768K, used 24737K [0x00000000e0800000, 0x0000000100000000)
  region size 1024K, 12 young (12288K), 2 survivors (2048K)
 Metaspace       used 33379K, committed 33792K, reserved 1081344K
  class space    used 4176K, committed 4352K, reserved 1048576K
}
Event: 76.918 GC heap after
{Heap after GC invocations=14 (full 0):
 garbage-first heap   total 32768K, used 15606K [0x00000000e0800000, 0x0000000100000000)
  region size 1024K, 2 young (2048K), 2 survivors (2048K)
 Metaspace       used 33379K, committed 33792K, reserved 1081344K
  class space    used 4176K, committed 4352K, reserved 1048576K
}
Event: 78.181 GC heap before
{Heap before GC invocations=14 (full 0):
 garbage-first heap   total 32768K, used 24822K [0x00000000e0800000, 0x0000000100000000)
  region size 1024K, 11 young (11264K), 2 survivors (2048K)
 Metaspace       used 34643K, committed 35072K, reserved 1081344K
  class space    used 4382K, committed 4608K, reserved 1048576K
}
Event: 78.200 GC heap after
{Heap after GC invocations=15 (full 0):
 garbage-first heap   total 32768K, used 16659K [0x00000000e0800000, 0x0000000100000000)
  region size 1024K, 1 young (1024K), 1 survivors (1024K)
 Metaspace       used 34643K, committed 35072K, reserved 1081344K
  class space    used 4382K, committed 4608K, reserved 1048576K
}
Event: 78.935 GC heap before
{Heap before GC invocations=15 (full 0):
 garbage-first heap   total 32768K, used 20755K [0x00000000e0800000, 0x0000000100000000)
  region size 1024K, 6 young (6144K), 1 survivors (1024K)
 Metaspace       used 35566K, committed 35968K, reserved 1081344K
  class space    used 4475K, committed 4672K, reserved 1048576K
}
Event: 78.941 GC heap after
{Heap after GC invocations=16 (full 0):
 garbage-first heap   total 32768K, used 16999K [0x00000000e0800000, 0x0000000100000000)
  region size 1024K, 2 young (2048K), 2 survivors (2048K)
 Metaspace       used 35566K, committed 35968K, reserved 1081344K
  class space    used 4475K, committed 4672K, reserved 1048576K
}

Deoptimization events (12 events):
Event: 32.188 Thread 0x000000000039b7a0 DEOPT PACKING pc=0x0000000005a9b7f5 sp=0x000000000206d720
Event: 32.189 Thread 0x000000000039b7a0 DEOPT UNPACKING pc=0x0000000005972b24 sp=0x000000000206cb78 mode 3
Event: 39.020 Thread 0x000000000039b7a0 DEOPT PACKING pc=0x0000000005d59199 sp=0x000000000206d2c0
Event: 39.020 Thread 0x000000000039b7a0 DEOPT UNPACKING pc=0x0000000005972b24 sp=0x000000000206c7a0 mode 3
Event: 42.915 Thread 0x000000000039b7a0 DEOPT PACKING pc=0x0000000005c5d255 sp=0x000000000206d9e0
Event: 42.915 Thread 0x000000000039b7a0 DEOPT UNPACKING pc=0x0000000005972b24 sp=0x000000000206ce88 mode 3
Event: 42.966 Thread 0x000000000039b7a0 DEOPT PACKING pc=0x0000000005c843ed sp=0x000000000206e660
Event: 42.966 Thread 0x000000000039b7a0 DEOPT UNPACKING pc=0x0000000005972b24 sp=0x000000000206dba8 mode 3
Event: 75.825 Thread 0x000000000039b7a0 DEOPT PACKING pc=0x0000000005dfda44 sp=0x000000000206d080
Event: 75.825 Thread 0x000000000039b7a0 DEOPT UNPACKING pc=0x0000000005972b24 sp=0x000000000206c538 mode 0
Event: 76.606 Thread 0x000000000039b7a0 DEOPT PACKING pc=0x0000000005e2515d sp=0x000000000206c110
Event: 76.606 Thread 0x000000000039b7a0 DEOPT UNPACKING pc=0x0000000005972b24 sp=0x000000000206b678 mode 3

Classes unloaded (20 events):
Event: 79.008 Thread 0x000000000c93c540 Unloading class 0x000000000ce41000 'java/lang/invoke/LambdaForm$DMH+0x000000000ce41000'
Event: 79.008 Thread 0x000000000c93c540 Unloading class 0x000000000cd56000 'java/lang/invoke/LambdaForm$MH+0x000000000cd56000'
Event: 79.008 Thread 0x000000000c93c540 Unloading class 0x000000000cd55c00 'java/lang/invoke/LambdaForm$MH+0x000000000cd55c00'
Event: 79.008 Thread 0x000000000c93c540 Unloading class 0x000000000cd55800 'java/lang/invoke/LambdaForm$MH+0x000000000cd55800'
Event: 79.008 Thread 0x000000000c93c540 Unloading class 0x000000000cd55400 'java/lang/invoke/LambdaForm$MH+0x000000000cd55400'
Event: 79.008 Thread 0x000000000c93c540 Unloading class 0x000000000cd55000 'java/lang/invoke/LambdaForm$MH+0x000000000cd55000'
Event: 79.008 Thread 0x000000000c93c540 Unloading class 0x000000000cd54c00 'java/lang/invoke/LambdaForm$MH+0x000000000cd54c00'
Event: 79.008 Thread 0x000000000c93c540 Unloading class 0x000000000cd54400 'java/lang/invoke/LambdaForm$MH+0x000000000cd54400'
Event: 79.008 Thread 0x000000000c93c540 Unloading class 0x000000000cd54000 'java/lang/invoke/LambdaForm$MH+0x000000000cd54000'
Event: 79.008 Thread 0x000000000c93c540 Unloading class 0x000000000cd43c00 'java/lang/invoke/LambdaForm$MH+0x000000000cd43c00'
Event: 79.008 Thread 0x000000000c93c540 Unloading class 0x000000000cd43800 'java/lang/invoke/LambdaForm$MH+0x000000000cd43800'
Event: 79.008 Thread 0x000000000c93c540 Unloading class 0x000000000cd43400 'java/lang/invoke/LambdaForm$MH+0x000000000cd43400'
Event: 79.008 Thread 0x000000000c93c540 Unloading class 0x000000000cd43000 'java/lang/invoke/LambdaForm$MH+0x000000000cd43000'
Event: 79.008 Thread 0x000000000c93c540 Unloading class 0x000000000cd42c00 'java/lang/invoke/LambdaForm$MH+0x000000000cd42c00'
Event: 79.008 Thread 0x000000000c93c540 Unloading class 0x000000000cd42800 'java/lang/invoke/LambdaForm$MH+0x000000000cd42800'
Event: 79.008 Thread 0x000000000c93c540 Unloading class 0x000000000cd41800 'jdk/internal/reflect/GeneratedSerializationConstructorAccessor3'
Event: 79.008 Thread 0x000000000c93c540 Unloading class 0x000000000cd41400 'jdk/internal/reflect/GeneratedSerializationConstructorAccessor2'
Event: 79.008 Thread 0x000000000c93c540 Unloading class 0x000000000cd41000 'jdk/internal/reflect/GeneratedSerializationConstructorAccessor1'
Event: 79.008 Thread 0x000000000c93c540 Unloading class 0x000000000cd40800 'java/lang/invoke/LambdaForm$DMH+0x000000000cd40800'
Event: 79.008 Thread 0x000000000c93c540 Unloading class 0x000000000cd40000 'java/lang/invoke/LambdaForm$DMH+0x000000000cd40000'

Classes redefined (0 events):
No events

Internal exceptions (20 events):
Event: 71.386 Thread 0x000000000039b7a0 Exception <a 'java/lang/NoClassDefFoundError'{0x00000000e277fe48}: org/flywaydb/core/Flyway> (0x00000000e277fe48) 
thrown [e:\jenkins\tmp\workspace\build\src\src\hotspot\share\classfile\systemDictionary.cpp, line 245]
Event: 71.386 Thread 0x000000000039b7a0 Exception <a 'java/lang/NoClassDefFoundError'{0x00000000e2782080}: liquibase/integration/spring/SpringLiquibase> (0x00000000e2782080) 
thrown [e:\jenkins\tmp\workspace\build\src\src\hotspot\share\classfile\systemDictionary.cpp, line 245]
Event: 72.703 Thread 0x000000000039b7a0 Exception <a 'java/lang/NoClassDefFoundError'{0x00000000e258f2e0}: org/jooq/DSLContext> (0x00000000e258f2e0) 
thrown [e:\jenkins\tmp\workspace\build\src\src\hotspot\share\classfile\systemDictionary.cpp, line 245]
Event: 72.704 Thread 0x000000000039b7a0 Exception <a 'java/lang/NoClassDefFoundError'{0x00000000e2592698}: org/springframework/batch/core/repository/JobRepository> (0x00000000e2592698) 
thrown [e:\jenkins\tmp\workspace\build\src\src\hotspot\share\classfile\systemDictionary.cpp, line 245]
Event: 72.704 Thread 0x000000000039b7a0 Exception <a 'java/lang/NoClassDefFoundError'{0x00000000e2594610}: org/quartz/Scheduler> (0x00000000e2594610) 
thrown [e:\jenkins\tmp\workspace\build\src\src\hotspot\share\classfile\systemDictionary.cpp, line 245]
Event: 72.705 Thread 0x000000000039b7a0 Exception <a 'java/lang/NoClassDefFoundError'{0x00000000e2596ad0}: org/springframework/session/jdbc/JdbcIndexedSessionRepository> (0x00000000e2596ad0) 
thrown [e:\jenkins\tmp\workspace\build\src\src\hotspot\share\classfile\systemDictionary.cpp, line 245]
Event: 75.153 Thread 0x000000000039b7a0 Exception <a 'java/lang/NoSuchMethodError'{0x00000000e24b3bd8}: 'void java.lang.invoke.DirectMethodHandle$Holder.invokeSpecial(java.lang.Object, java.lang.Object, java.lang.Object, java.lang.Object, java.lang.Object, java.lang.Object)'> (0x00000000e24b3bd8) 
thrown [e:\jenkins\tmp\workspace\build\src\src\hotspot\share\interpreter\linkResolver.cpp, line 766]
Event: 76.220 Thread 0x000000000039b7a0 Exception <a 'java/lang/NoSuchMethodError'{0x00000000e200a9c8}: 'java.lang.Object java.lang.invoke.DirectMethodHandle$Holder.invokeSpecialIFC(java.lang.Object, java.lang.Object, java.lang.Object)'> (0x00000000e200a9c8) 
thrown [e:\jenkins\tmp\workspace\build\src\src\hotspot\share\interpreter\linkResolver.cpp, line 766]
Event: 77.028 Thread 0x000000000039b7a0 Exception <a 'java/lang/NoSuchMethodError'{0x00000000e26af7e0}: 'void java.lang.invoke.DirectMethodHandle$Holder.invokeInterface(java.lang.Object, java.lang.Object, int)'> (0x00000000e26af7e0) 
thrown [e:\jenkins\tmp\workspace\build\src\src\hotspot\share\interpreter\linkResolver.cpp, line 766]
Event: 77.045 Thread 0x000000000039b7a0 Exception <a 'java/lang/IncompatibleClassChangeError'{0x00000000e26ff740}: Found class java.lang.Object, but interface was expected> (0x00000000e26ff740) 
thrown [e:\jenkins\tmp\workspace\build\src\src\hotspot\share\interpreter\linkResolver.cpp, line 833]
Event: 77.049 Thread 0x000000000039b7a0 Exception <a 'java/lang/NoSuchMethodError'{0x00000000e25185a0}: 'void java.lang.invoke.DirectMethodHandle$Holder.invokeStatic(java.lang.Object, int, java.lang.Object)'> (0x00000000e25185a0) 
thrown [e:\jenkins\tmp\workspace\build\src\src\hotspot\share\interpreter\linkResolver.cpp, line 766]
Event: 77.103 Thread 0x000000000039b7a0 Exception <a 'java/lang/NoSuchMethodError'{0x00000000e2555058}: 'void java.lang.invoke.DirectMethodHandle$Holder.invokeVirtual(java.lang.Object, java.lang.Object, int)'> (0x00000000e2555058) 
thrown [e:\jenkins\tmp\workspace\build\src\src\hotspot\share\interpreter\linkResolver.cpp, line 766]
Event: 77.105 Thread 0x000000000039b7a0 Exception <a 'java/lang/NoSuchMethodError'{0x00000000e2572388}: 'void java.lang.invoke.DirectMethodHandle$Holder.invokeStatic(java.lang.Object, java.lang.Object, java.lang.Object, int, java.lang.Object)'> (0x00000000e2572388) 
thrown [e:\jenkins\tmp\workspace\build\src\src\hotspot\share\interpreter\linkResolver.cpp, line 766]
Event: 77.106 Thread 0x000000000039b7a0 Exception <a 'java/lang/NoSuchMethodError'{0x00000000e2579890}: 'java.lang.Object java.lang.invoke.DirectMethodHandle$Holder.newInvokeSpecial(java.lang.Object, java.lang.Object, java.lang.Object, int)'> (0x00000000e2579890) 
thrown [e:\jenkins\tmp\workspace\build\src\src\hotspot\share\interpreter\linkResolver.cpp, line 766]
Event: 77.107 Thread 0x000000000039b7a0 Exception <a 'java/lang/NoSuchMethodError'{0x00000000e257db78}: 'java.lang.Object java.lang.invoke.DirectMethodHandle$Holder.invokeSpecial(java.lang.Object, java.lang.Object, java.lang.Object, java.lang.Object, int)'> (0x00000000e257db78) 
thrown [e:\jenkins\tmp\workspace\build\src\src\hotspot\share\interpreter\linkResolver.cpp, line 766]
Event: 77.108 Thread 0x000000000039b7a0 Exception <a 'java/lang/NoSuchMethodError'{0x00000000e2581740}: 'java.lang.Object java.lang.invoke.Invokers$Holder.linkToTargetMethod(java.lang.Object, java.lang.Object, int, java.lang.Object)'> (0x00000000e2581740) 
thrown [e:\jenkins\tmp\workspace\build\src\src\hotspot\share\interpreter\linkResolver.cpp, line 766]
Event: 78.778 Thread 0x000000000039b7a0 Exception <a 'java/lang/NoSuchMethodError'{0x00000000e2447138}: 'java.lang.Object java.lang.invoke.DirectMethodHandle$Holder.invokeSpecial(java.lang.Object, java.lang.Object, long, java.lang.Object, java.lang.Object, java.lang.Object, java.lang.Object, java.lang.Object, java.lang.Object)'> (0x00000000e2447138) 
thrown [e:\jenkins\tmp\workspace\build\src\src\hotspot\share\interpreter\linkResolver.cpp, line 766]
Event: 78.779 Thread 0x000000000039b7a0 Exception <a 'java/lang/NoSuchMethodError'{0x00000000e244bc60}: 'java.lang.Object java.lang.invoke.DelegatingMethodHandle$Holder.reinvoke_L(java.lang.Object, long, java.lang.Object, java.lang.Object, java.lang.Object, java.lang.Object, java.lang.Object, java.lang.Object)'> (0x00000000e244bc60) 
thrown [e:\jenkins\tmp\workspace\build\src\src\hotspot\share\interpreter\linkResolver.cpp, line 766]
Event: 79.193 Thread 0x000000000039b7a0 Exception <a 'java/io/FileNotFoundException'{0x00000000e27c0f58}> (0x00000000e27c0f58) 
thrown [e:\jenkins\tmp\workspace\build\src\src\hotspot\share\prims\jni.cpp, line 516]
Event: 79.555 Thread 0x000000000039b7a0 Exception <a 'java/lang/NoSuchMethodError'{0x00000000e257fc30}: 'int java.lang.invoke.DirectMethodHandle$Holder.invokeInterface(java.lang.Object, java.lang.Object, java.lang.Object, java.lang.Object)'> (0x00000000e257fc30) 
thrown [e:\jenkins\tmp\workspace\build\src\src\hotspot\share\interpreter\linkResolver.cpp, line 766]

VM Operations (20 events):
Event: 75.824 Executing VM operation: HandshakeAllThreads
Event: 75.824 Executing VM operation: HandshakeAllThreads done
Event: 76.824 Executing VM operation: Cleanup
Event: 76.824 Executing VM operation: Cleanup done
Event: 76.906 Executing VM operation: G1CollectForAllocation
Event: 76.918 Executing VM operation: G1CollectForAllocation done
Event: 78.181 Executing VM operation: G1CollectForAllocation
Event: 78.200 Executing VM operation: G1CollectForAllocation done
Event: 78.468 Executing VM operation: HandshakeAllThreads
Event: 78.468 Executing VM operation: HandshakeAllThreads done
Event: 78.885 Executing VM operation: HandshakeAllThreads
Event: 78.885 Executing VM operation: HandshakeAllThreads done
Event: 78.935 Executing VM operation: CollectForMetadataAllocation
Event: 78.941 Executing VM operation: CollectForMetadataAllocation done
Event: 79.006 Executing VM operation: G1Concurrent
Event: 79.016 Executing VM operation: G1Concurrent done
Event: 79.037 Executing VM operation: G1Concurrent
Event: 79.044 Executing VM operation: G1Concurrent done
Event: 79.167 Executing VM operation: HandshakeAllThreads
Event: 79.167 Executing VM operation: HandshakeAllThreads done

Events (20 events):
Event: 78.212 loading class java/nio/BufferUnderflowException
Event: 78.213 loading class java/nio/BufferUnderflowException done
Event: 78.428 loading class java/lang/instrument/IllegalClassFormatException
Event: 78.463 loading class java/lang/instrument/IllegalClassFormatException done
Event: 78.544 loading class java/io/PrintWriter
Event: 78.545 loading class java/io/PrintWriter done
Event: 78.742 loading class java/util/logging/LogRecord
Event: 78.743 loading class java/util/logging/LogRecord done
Event: 78.769 loading class java/lang/invoke/BoundMethodHandle$Species_LLLLLLLLLL
Event: 78.770 loading class java/lang/invoke/BoundMethodHandle$Species_LLLLLLLLLL done
Event: 78.771 loading class java/lang/invoke/BoundMethodHandle$Species_LLLLLLLLLLL
Event: 78.772 loading class java/lang/invoke/BoundMethodHandle$Species_LLLLLLLLLLL done
Event: 78.774 loading class java/lang/invoke/BoundMethodHandle$Species_LLLLLLLLLLLL
Event: 78.774 loading class java/lang/invoke/BoundMethodHandle$Species_LLLLLLLLLLLL done
Event: 78.776 loading class java/lang/invoke/BoundMethodHandle$Species_LLLLLLLLLLLLL
Event: 78.776 loading class java/lang/invoke/BoundMethodHandle$Species_LLLLLLLLLLLLL done
Event: 79.165 loading class java/util/stream/ReduceOps$2
Event: 79.165 loading class java/util/stream/ReduceOps$2 done
Event: 79.167 loading class java/util/stream/ReduceOps$2ReducingSink
Event: 79.167 loading class java/util/stream/ReduceOps$2ReducingSink done


Dynamic libraries:
0x000000013f690000 - 0x000000013f69e000 	C:\eclipse\plugins\org.eclipse.justj.openjdk.hotspot.jre.full.win32.x86_64_17.0.3.v20220515-1416\jre\bin\javaw.exe
0x0000000077c90000 - 0x0000000077e2f000 	C:\Windows\SYSTEM32\ntdll.dll
0x0000000077b70000 - 0x0000000077c90000 	C:\Windows\system32\kernel32.dll
0x000007fefdad0000 - 0x000007fefdb37000 	C:\Windows\system32\KERNELBASE.dll
0x000007fef7750000 - 0x000007fef7768000 	C:\eclipse\plugins\org.eclipse.justj.openjdk.hotspot.jre.full.win32.x86_64_17.0.3.v20220515-1416\jre\bin\jli.dll
0x000007fefc170000 - 0x000007fefc365000 	C:\Windows\WinSxS\amd64_microsoft.windows.common-controls_6595b64144ccf1df_6.0.7601.24483_none_e372d88f30fbb845\COMCTL32.dll
0x000007feffe00000 - 0x000007feffe9f000 	C:\Windows\system32\msvcrt.dll
0x000007fefec30000 - 0x000007fefec98000 	C:\Windows\system32\GDI32.dll
0x0000000077a70000 - 0x0000000077b6b000 	C:\Windows\system32\USER32.dll
0x000007fefe4b0000 - 0x000007fefe4be000 	C:\Windows\system32\LPK.dll
0x000007fefdc20000 - 0x000007fefdceb000 	C:\Windows\system32\USP10.dll
0x000007fefdba0000 - 0x000007fefdc11000 	C:\Windows\system32\SHLWAPI.dll
0x000007fefb320000 - 0x000007fefb339000 	C:\eclipse\plugins\org.eclipse.justj.openjdk.hotspot.jre.full.win32.x86_64_17.0.3.v20220515-1416\jre\bin\VCRUNTIME140.dll
0x000007fefb160000 - 0x000007fefb164000 	C:\eclipse\plugins\org.eclipse.justj.openjdk.hotspot.jre.full.win32.x86_64_17.0.3.v20220515-1416\jre\bin\api-ms-win-crt-runtime-l1-1-0.dll
0x000007fef24a0000 - 0x000007fef259a000 	C:\eclipse\plugins\org.eclipse.justj.openjdk.hotspot.jre.full.win32.x86_64_17.0.3.v20220515-1416\jre\bin\ucrtbase.DLL
0x000007fefb310000 - 0x000007fefb313000 	C:\eclipse\plugins\org.eclipse.justj.openjdk.hotspot.jre.full.win32.x86_64_17.0.3.v20220515-1416\jre\bin\api-ms-win-core-localization-l1-2-0.dll
0x000007fef69a0000 - 0x000007fef69a3000 	C:\eclipse\plugins\org.eclipse.justj.openjdk.hotspot.jre.full.win32.x86_64_17.0.3.v20220515-1416\jre\bin\api-ms-win-core-processthreads-l1-1-1.dll
0x000007fef7740000 - 0x000007fef7743000 	C:\eclipse\plugins\org.eclipse.justj.openjdk.hotspot.jre.full.win32.x86_64_17.0.3.v20220515-1416\jre\bin\api-ms-win-core-file-l1-2-0.dll
0x000007fef6980000 - 0x000007fef6983000 	C:\eclipse\plugins\org.eclipse.justj.openjdk.hotspot.jre.full.win32.x86_64_17.0.3.v20220515-1416\jre\bin\api-ms-win-core-timezone-l1-1-0.dll
0x000007fef6990000 - 0x000007fef6993000 	C:\eclipse\plugins\org.eclipse.justj.openjdk.hotspot.jre.full.win32.x86_64_17.0.3.v20220515-1416\jre\bin\api-ms-win-core-file-l2-1-0.dll
0x000007fef6960000 - 0x000007fef6963000 	C:\eclipse\plugins\org.eclipse.justj.openjdk.hotspot.jre.full.win32.x86_64_17.0.3.v20220515-1416\jre\bin\api-ms-win-core-synch-l1-2-0.dll
0x000007fef6970000 - 0x000007fef6973000 	C:\eclipse\plugins\org.eclipse.justj.openjdk.hotspot.jre.full.win32.x86_64_17.0.3.v20220515-1416\jre\bin\api-ms-win-crt-heap-l1-1-0.dll
0x000007fef3b30000 - 0x000007fef3b34000 	C:\eclipse\plugins\org.eclipse.justj.openjdk.hotspot.jre.full.win32.x86_64_17.0.3.v20220515-1416\jre\bin\api-ms-win-crt-string-l1-1-0.dll
0x000007fef3b40000 - 0x000007fef3b44000 	C:\eclipse\plugins\org.eclipse.justj.openjdk.hotspot.jre.full.win32.x86_64_17.0.3.v20220515-1416\jre\bin\api-ms-win-crt-stdio-l1-1-0.dll
0x000007fef3b10000 - 0x000007fef3b14000 	C:\eclipse\plugins\org.eclipse.justj.openjdk.hotspot.jre.full.win32.x86_64_17.0.3.v20220515-1416\jre\bin\api-ms-win-crt-convert-l1-1-0.dll
0x000007fef3b20000 - 0x000007fef3b23000 	C:\eclipse\plugins\org.eclipse.justj.openjdk.hotspot.jre.full.win32.x86_64_17.0.3.v20220515-1416\jre\bin\api-ms-win-crt-environment-l1-1-0.dll
0x000007fef3510000 - 0x000007fef3513000 	C:\eclipse\plugins\org.eclipse.justj.openjdk.hotspot.jre.full.win32.x86_64_17.0.3.v20220515-1416\jre\bin\api-ms-win-crt-filesystem-l1-1-0.dll
0x000007fef3b00000 - 0x000007fef3b05000 	C:\eclipse\plugins\org.eclipse.justj.openjdk.hotspot.jre.full.win32.x86_64_17.0.3.v20220515-1416\jre\bin\api-ms-win-crt-math-l1-1-0.dll
0x000007fef34f0000 - 0x000007fef34f3000 	C:\eclipse\plugins\org.eclipse.justj.openjdk.hotspot.jre.full.win32.x86_64_17.0.3.v20220515-1416\jre\bin\api-ms-win-crt-locale-l1-1-0.dll
0x000007fefdf40000 - 0x000007fefdf6e000 	C:\Windows\system32\IMM32.DLL
0x000007fefecd0000 - 0x000007fefeddb000 	C:\Windows\system32\MSCTF.dll
0x000007fef3500000 - 0x000007fef350c000 	C:\eclipse\plugins\org.eclipse.justj.openjdk.hotspot.jre.full.win32.x86_64_17.0.3.v20220515-1416\jre\bin\vcruntime140_1.dll
0x000007fef3440000 - 0x000007fef34d1000 	C:\eclipse\plugins\org.eclipse.justj.openjdk.hotspot.jre.full.win32.x86_64_17.0.3.v20220515-1416\jre\bin\msvcp140.dll
0x000007fef3430000 - 0x000007fef3433000 	C:\eclipse\plugins\org.eclipse.justj.openjdk.hotspot.jre.full.win32.x86_64_17.0.3.v20220515-1416\jre\bin\api-ms-win-crt-time-l1-1-0.dll
0x000007fef3420000 - 0x000007fef3423000 	C:\eclipse\plugins\org.eclipse.justj.openjdk.hotspot.jre.full.win32.x86_64_17.0.3.v20220515-1416\jre\bin\api-ms-win-crt-utility-l1-1-0.dll
0x000007fef3c80000 - 0x000007fef48c8000 	C:\eclipse\plugins\org.eclipse.justj.openjdk.hotspot.jre.full.win32.x86_64_17.0.3.v20220515-1416\jre\bin\server\jvm.dll
0x000007feffea0000 - 0x000007fefff7b000 	C:\Windows\system32\ADVAPI32.dll
0x000007fefe4c0000 - 0x000007fefe4df000 	C:\Windows\SYSTEM32\sechost.dll
0x000007fefdd90000 - 0x000007fefdeba000 	C:\Windows\system32\RPCRT4.dll
0x000007fef3c70000 - 0x000007fef3c79000 	C:\Windows\system32\WSOCK32.dll
0x000007feffd50000 - 0x000007feffd9d000 	C:\Windows\system32\WS2_32.dll
0x000007fefecc0000 - 0x000007fefecc8000 	C:\Windows\system32\NSI.dll
0x000007fef9180000 - 0x000007fef91bb000 	C:\Windows\system32\WINMM.dll
0x000007fefc830000 - 0x000007fefc83c000 	C:\Windows\system32\VERSION.dll
0x0000000077e30000 - 0x0000000077e37000 	C:\Windows\system32\PSAPI.DLL
0x000007fef3c60000 - 0x000007fef3c6a000 	C:\eclipse\plugins\org.eclipse.justj.openjdk.hotspot.jre.full.win32.x86_64_17.0.3.v20220515-1416\jre\bin\jimage.dll
0x000007fef7aa0000 - 0x000007fef7bc5000 	C:\Windows\system32\DBGHELP.DLL
0x000007fef3c30000 - 0x000007fef3c55000 	C:\eclipse\plugins\org.eclipse.justj.openjdk.hotspot.jre.full.win32.x86_64_17.0.3.v20220515-1416\jre\bin\java.dll
0x000007fef3c10000 - 0x000007fef3c28000 	C:\eclipse\plugins\org.eclipse.justj.openjdk.hotspot.jre.full.win32.x86_64_17.0.3.v20220515-1416\jre\bin\zip.dll
0x000007fefede0000 - 0x000007feffb6b000 	C:\Windows\system32\SHELL32.dll
0x000007fefea30000 - 0x000007fefec30000 	C:\Windows\system32\ole32.dll
0x000007fefd7a0000 - 0x000007fefd7af000 	C:\Windows\system32\profapi.dll
0x000007fef3bf0000 - 0x000007fef3c09000 	C:\eclipse\plugins\org.eclipse.justj.openjdk.hotspot.jre.full.win32.x86_64_17.0.3.v20220515-1416\jre\bin\net.dll
0x000007fef9f00000 - 0x000007fef9f71000 	C:\Windows\system32\WINHTTP.dll
0x000007fef9e90000 - 0x000007fef9ef5000 	C:\Windows\system32\webio.dll
0x000007fefceb0000 - 0x000007fefcf05000 	C:\Windows\system32\mswsock.dll
0x000007fefcea0000 - 0x000007fefcea7000 	C:\Windows\System32\wship6.dll
0x000007fef3bd0000 - 0x000007fef3be5000 	C:\eclipse\plugins\org.eclipse.justj.openjdk.hotspot.jre.full.win32.x86_64_17.0.3.v20220515-1416\jre\bin\nio.dll
0x000007fef3410000 - 0x000007fef3419000 	C:\eclipse\plugins\org.eclipse.justj.openjdk.hotspot.jre.full.win32.x86_64_17.0.3.v20220515-1416\jre\bin\management.dll
0x000007fef3400000 - 0x000007fef340b000 	C:\eclipse\plugins\org.eclipse.justj.openjdk.hotspot.jre.full.win32.x86_64_17.0.3.v20220515-1416\jre\bin\management_ext.dll
0x000007fefb700000 - 0x000007fefb715000 	C:\Windows\system32\NLAapi.dll
0x000007fef4fc0000 - 0x000007fef4fd5000 	C:\Windows\system32\napinsp.dll
0x000007fef4fa0000 - 0x000007fef4fb9000 	C:\Windows\system32\pnrpnsp.dll
0x000007fefcd20000 - 0x000007fefcd7b000 	C:\Windows\system32\DNSAPI.dll
0x000007fef6600000 - 0x000007fef660b000 	C:\Windows\System32\winrnr.dll
0x000007fefc900000 - 0x000007fefc907000 	C:\Windows\System32\wshtcpip.dll
0x000007fefb340000 - 0x000007fefb367000 	C:\Windows\system32\IPHLPAPI.DLL
0x000007fefb300000 - 0x000007fefb30b000 	C:\Windows\system32\WINNSI.DLL
0x000007fef9d50000 - 0x000007fef9d58000 	C:\Windows\system32\rasadhlp.dll
0x000007fefb1f0000 - 0x000007fefb243000 	C:\Windows\System32\fwpuclnt.dll
0x000007fefcf10000 - 0x000007fefcf28000 	C:\Windows\system32\CRYPTSP.dll
0x000007fefcbf0000 - 0x000007fefcc37000 	C:\Windows\system32\rsaenh.dll
0x000007fefd9a0000 - 0x000007fefd9bf000 	C:\Windows\system32\USERENV.dll
0x000007fefd5c0000 - 0x000007fefd5cf000 	C:\Windows\system32\CRYPTBASE.dll
0x000007fefb140000 - 0x000007fefb158000 	C:\Windows\system32\dhcpcsvc.DLL
0x000007fefb120000 - 0x000007fefb131000 	C:\Windows\system32\dhcpcsvc6.DLL
0x000007feea460000 - 0x000007feea46e000 	C:\eclipse\plugins\org.eclipse.justj.openjdk.hotspot.jre.full.win32.x86_64_17.0.3.v20220515-1416\jre\bin\sunmscapi.dll
0x000007fefd7f0000 - 0x000007fefd95e000 	C:\Windows\system32\CRYPT32.dll
0x000007fefd770000 - 0x000007fefd77f000 	C:\Windows\system32\MSASN1.dll
0x000007fefd0b0000 - 0x000007fefd100000 	C:\Windows\system32\ncrypt.dll
0x000007fefd1d0000 - 0x000007fefd1f2000 	C:\Windows\system32\bcrypt.dll

dbghelp: loaded successfully - version: 4.0.5 - missing functions: none
symbol engine: initialized successfully - sym options: 0x614 - pdb path: .;C:\eclipse\plugins\org.eclipse.justj.openjdk.hotspot.jre.full.win32.x86_64_17.0.3.v20220515-1416\jre\bin;C:\Windows\SYSTEM32;C:\Windows\WinSxS\amd64_microsoft.windows.common-controls_6595b64144ccf1df_6.0.7601.24483_none_e372d88f30fbb845;C:\eclipse\plugins\org.eclipse.justj.openjdk.hotspot.jre.full.win32.x86_64_17.0.3.v20220515-1416\jre\bin\server

VM Arguments:
jvm_args: -Dcom.sun.management.jmxremote -Dcom.sun.management.jmxremote.port=49163 -Dcom.sun.management.jmxremote.authenticate=false -Dcom.sun.management.jmxremote.ssl=false -Djava.rmi.server.hostname=localhost -Dspring.jmx.enabled=true -Dmanagement.endpoints.jmx.exposure.include=* -Dspring.application.admin.enabled=true -XX:TieredStopAtLevel=1 -Dspring.boot.project.name=springboot -Dfile.encoding=UTF-8 -XX:+ShowCodeDetailsInExceptionMessages 
java_command: com.carlosborges.SpringbootApplication --spring.output.ansi.enabled=always
java_class_path (initial): C:\Projetos\EclipceSpringBoot\springboot\target\classes;C:\Users\Carlos Borges\.m2\repository\org\springframework\boot\spring-boot-starter-data-jpa\3.2.4\spring-boot-starter-data-jpa-3.2.4.jar;C:\Users\Carlos Borges\.m2\repository\org\springframework\boot\spring-boot-starter-aop\3.2.4\spring-boot-starter-aop-3.2.4.jar;C:\Users\Carlos Borges\.m2\repository\org\springframework\spring-aop\6.1.5\spring-aop-6.1.5.jar;C:\Users\Carlos Borges\.m2\repository\org\aspectj\aspectjweaver\1.9.21\aspectjweaver-1.9.21.jar;C:\Users\Carlos Borges\.m2\repository\org\springframework\boot\spring-boot-starter-jdbc\3.2.4\spring-boot-starter-jdbc-3.2.4.jar;C:\Users\Carlos Borges\.m2\repository\com\zaxxer\HikariCP\5.0.1\HikariCP-5.0.1.jar;C:\Users\Carlos Borges\.m2\repository\org\springframework\spring-jdbc\6.1.5\spring-jdbc-6.1.5.jar;C:\Users\Carlos Borges\.m2\repository\org\hibernate\orm\hibernate-core\6.4.4.Final\hibernate-core-6.4.4.Final.jar;C:\Users\Carlos Borges\.m2\repository\jakarta\persistence\jakarta.persistence-api\3.1.0\jakarta.persistence-api-3.1.0.jar;C:\Users\Carlos Borges\.m2\repository\jakarta\transaction\jakarta.transaction-api\2.0.1\jakarta.transaction-api-2.0.1.jar;C:\Users\Carlos Borges\.m2\repository\org\jboss\logging\jboss-logging\3.5.3.Final\jboss-logging-3.5.3.Final.jar;C:\Users\Carlos Borges\.m2\repository\org\hibernate\common\hibernate-commons-annotations\6.0.6.Final\hibernate-commons-annotations-6.0.6.Final.jar;C:\Users\Carlos Borges\.m2\repository\io\smallrye\jandex\3.1.2\jandex-3.1.2.jar;C:\Users\Carlos Borges\.m2\repository\com\fasterxml\classmate\1.6.0\classmate-1.6.0.jar;C:\Users\Carlos Borges\.m2\repository\net\bytebuddy\byte-buddy\1.14.12\byte-buddy-1.14.12.jar;C:\Users\Carlos Borges\.m2\repository\org\glassfish\jaxb\jaxb-runtime\4.0.5\jaxb-runtime-4.0.5.jar;C:\Users\Carlos Borges\.m2\repository\org\glassfish\jaxb\jaxb-core\4.0.5\jaxb-core-4.0.5.jar;C:\Users\Carlos Borges\.m2\repository\org\eclipse\angus\angus-activation\2.0.2
Launcher Type: SUN_STANDARD

[Global flags]
     intx CICompilerCount                          = 2                                         {product} {ergonomic}
     uint ConcGCThreads                            = 1                                         {product} {ergonomic}
     uint G1ConcRefinementThreads                  = 2                                         {product} {ergonomic}
   size_t G1HeapRegionSize                         = 1048576                                   {product} {ergonomic}
    uintx GCDrainStackTargetSize                   = 64                                        {product} {ergonomic}
   size_t InitialHeapSize                          = 33554432                                  {product} {ergonomic}
     bool ManagementServer                         = true                                      {product} {command line}
   size_t MarkStackSize                            = 4194304                                   {product} {ergonomic}
   size_t MaxHeapSize                              = 528482304                                 {product} {ergonomic}
   size_t MaxNewSize                               = 316669952                                 {product} {ergonomic}
   size_t MinHeapDeltaBytes                        = 1048576                                   {product} {ergonomic}
   size_t MinHeapSize                              = 8388608                                   {product} {ergonomic}
    uintx NonProfiledCodeHeapSize                  = 0                                      {pd product} {ergonomic}
     bool ProfileInterpreter                       = false                                  {pd product} {command line}
    uintx ProfiledCodeHeapSize                     = 0                                      {pd product} {ergonomic}
     bool ShowCodeDetailsInExceptionMessages       = true                                   {manageable} {command line}
   size_t SoftMaxHeapSize                          = 528482304                              {manageable} {ergonomic}
     intx TieredStopAtLevel                        = 1                                         {product} {command line}
     bool UseCompressedClassPointers               = true                           {product lp64_product} {ergonomic}
     bool UseCompressedOops                        = true                           {product lp64_product} {ergonomic}
     bool UseG1GC                                  = true                                      {product} {ergonomic}
     bool UseLargePagesIndividualAllocation        = false                                  {pd product} {ergonomic}

Logging:
Log output configuration:
 #0: stdout all=warning uptime,level,tags
 #1: stderr all=off uptime,level,tags

Environment Variables:
JAVA_HOME=C:\Program Files\Java\zulu17.36.13-ca-jdk17.0.4-win_x64
PATH=C:/eclipse//plugins/org.eclipse.justj.openjdk.hotspot.jre.full.win32.x86_64_17.0.3.v20220515-1416/jre/bin/server;C:/eclipse//plugins/org.eclipse.justj.openjdk.hotspot.jre.full.win32.x86_64_17.0.3.v20220515-1416/jre/bin;C:\Program Files\Common Files\Oracle\Java\javapath;C:\Windows\system32;C:\Windows;C:\Windows\System32\Wbem;C:\Windows\System32\WindowsPowerShell\v1.0\;C:\Program Files\Java\zulu17.36.13-ca-jdk17.0.4-win_x64\bin;C:\Program Files\nodejs\;C:\Program Files\dotnet\;C:\Program Files\MongoDB\Server\3.6\bin;C:\Program Files\Git\cmd;C:\Program Files\MySQL\MySQL Shell 8.0\bin\;C:\Users\Carlos Borges\AppData\Local\Programs\Microsoft VS Code\bin;C:\Program Files\heroku\bin;C:\Users\Carlos Borges\AppData\Roaming\npm;C:\Program Files\JetBrains\IntelliJ IDEA 2023.1\bin;;C:\eclipse;
USERNAME=Carlos Borges
OS=Windows_NT
PROCESSOR_IDENTIFIER=Intel64 Family 6 Model 23 Stepping 10, GenuineIntel



---------------  S Y S T E M  ---------------

OS:
 Windows 7 , 64 bit Build 7601 (6.1.7601.25740)
OS uptime: 0 days 0:50 hours

CPU: total 2 (initial active 2) (2 cores per cpu, 1 threads per core) family 6 model 23 stepping 10 microcode 0x0, cx8, cmov, fxsr, mmx, sse, sse2, sse3, ssse3, tsc, clflush

Memory: 4k page, system-wide physical 2013M (343M free)
TotalPageFile size 4026M (AvailPageFile size 1159M)
current process WorkingSet (physical memory assigned to process): 117M, peak: 117M
current process commit charge ("private bytes"): 142M, peak: 142M

vm_info: OpenJDK 64-Bit Server VM (17.0.3+7) for windows-amd64 JRE (17.0.3+7), built on Apr 19 2022 16:55:35 by "" with MS VC++ 16.7 (VS2019)

END.
