#
# A fatal error has been detected by the Java Runtime Environment:
#
#  Internal Error (assembler_x86.cpp:1094), pid=2784, tid=3664
#  Error: ShouldNotReachHere()
#
# JRE version: OpenJDK Runtime Environment Temurin-17.0.3+7 (17.0.3+7) (build 17.0.3+7)
# Java VM: OpenJDK 64-Bit Server VM Temurin-17.0.3+7 (17.0.3+7, mixed mode, emulated-client, tiered, compressed oops, compressed class ptrs, g1 gc, windows-amd64)
# No core dump will be written. Minidumps are not enabled by default on client versions of Windows
#
# If you would like to submit a bug report, please visit:
#   https://github.com/adoptium/adoptium-support/issues
#

---------------  S U M M A R Y ------------

Command Line: -Dcom.sun.management.jmxremote -Dcom.sun.management.jmxremote.port=50097 -Dcom.sun.management.jmxremote.authenticate=false -Dcom.sun.management.jmxremote.ssl=false -Djava.rmi.server.hostname=localhost -Dspring.jmx.enabled=true -Dmanagement.endpoints.jmx.exposure.include=* -Dspring.application.admin.enabled=true -XX:TieredStopAtLevel=1 -Dspring.boot.project.name=spring -Dfile.encoding=UTF-8 -XX:+ShowCodeDetailsInExceptionMessages com.carlosborges.Application --spring.output.ansi.enabled=always

Host: Pentium(R) Dual-Core CPU       T4500  @ 2.30GHz, 2 cores, 1G,  Windows 7 , 64 bit Build 7601 (6.1.7601.25740)
Time: Sat Apr 27 20:20:37 2024 Hora oficial do Brasil elapsed time: 3.122479 seconds (0d 0h 0m 3s)

---------------  T H R E A D  ---------------

Current thread (0x000000004e6194d0):  GCTaskThread "GC Thread#1" [stack: 0x000000004f310000,0x000000004f410000] [id=3664]

Stack: [0x000000004f310000,0x000000004f410000]
Native frames: (J=compiled Java code, j=interpreted, Vv=VM code, C=native code)
V  [jvm.dll+0x675efa]
V  [jvm.dll+0x830a24]
V  [jvm.dll+0x8321ce]
V  [jvm.dll+0x8327e7]
V  [jvm.dll+0x2453ec]
V  [jvm.dll+0x245333]
V  [jvm.dll+0xd1604]
V  [jvm.dll+0x6c5952]
V  [jvm.dll+0x22e196]
V  [jvm.dll+0x22f253]
V  [jvm.dll+0x64c028]
V  [jvm.dll+0x680ab3]
V  [jvm.dll+0x307263]
V  [jvm.dll+0x85de5b]
V  [jvm.dll+0x85dea6]
V  [jvm.dll+0x7e0cfa]
V  [jvm.dll+0x674d85]
C  [ucrtbase.DLL+0x1c1ae]
C  [kernel32.dll+0x155dd]
C  [ntdll.dll+0x5295d]


---------------  P R O C E S S  ---------------

Threads class SMR info:
_java_thread_list=0x000000004f1afd40, length=16, elements={
0x000000000010dfa0, 0x000000000c58f880, 0x000000000c96cf50, 0x000000000c97b3a0,
0x000000000c97bc60, 0x000000000c97c520, 0x000000000c97db20, 0x000000000c990db0,
0x000000000c9936b0, 0x000000000c9b79c0, 0x000000000ca4af90, 0x000000004e29c310,
0x000000004ecebf70, 0x000000004ecf6520, 0x000000004ed35930, 0x000000004f1e5a40
}

Java Threads: ( => current thread )
  0x000000000010dfa0 JavaThread "main" [_thread_blocked, id=4348, stack(0x0000000001d80000,0x0000000001e80000)]
  0x000000000c58f880 JavaThread "Reference Handler" daemon [_thread_blocked, id=1236, stack(0x000000004d680000,0x000000004d780000)]
  0x000000000c96cf50 JavaThread "Finalizer" daemon [_thread_blocked, id=3160, stack(0x000000004d860000,0x000000004d960000)]
  0x000000000c97b3a0 JavaThread "Signal Dispatcher" daemon [_thread_blocked, id=4012, stack(0x000000004daf0000,0x000000004dbf0000)]
  0x000000000c97bc60 JavaThread "Attach Listener" daemon [_thread_blocked, id=3100, stack(0x000000004dc70000,0x000000004dd70000)]
  0x000000000c97c520 JavaThread "Service Thread" daemon [_thread_blocked, id=1160, stack(0x000000004ddb0000,0x000000004deb0000)]
  0x000000000c97db20 JavaThread "Monitor Deflation Thread" daemon [_thread_blocked, id=1620, stack(0x000000004d9a0000,0x000000004daa0000)]
  0x000000000c990db0 JavaThread "C1 CompilerThread0" daemon [_thread_blocked, id=1660, stack(0x000000004dee0000,0x000000004dfe0000)]
  0x000000000c9936b0 JavaThread "Sweeper thread" daemon [_thread_blocked, id=3920, stack(0x000000004e120000,0x000000004e220000)]
  0x000000000c9b79c0 JavaThread "Common-Cleaner" daemon [_thread_blocked, id=2056, stack(0x000000004e770000,0x000000004e870000)]
  0x000000000ca4af90 JavaThread "C1 CompilerThread1" daemon [_thread_blocked, id=3436, stack(0x000000004e670000,0x000000004e770000)]
  0x000000004e29c310 JavaThread "Notification Thread" daemon [_thread_blocked, id=4196, stack(0x000000004e940000,0x000000004ea40000)]
  0x000000004ecebf70 JavaThread "RMI TCP Accept-0" daemon [_thread_in_native, id=3412, stack(0x0000000050000000,0x0000000050100000)]
  0x000000004ecf6520 JavaThread "RMI TCP Accept-50097" daemon [_thread_in_native, id=2688, stack(0x0000000050300000,0x0000000050400000)]
  0x000000004ed35930 JavaThread "RMI TCP Accept-0" daemon [_thread_in_native, id=2692, stack(0x00000000504f0000,0x00000000505f0000)]
  0x000000004f1e5a40 JavaThread "background-preinit" [_thread_blocked, id=4712, stack(0x0000000050970000,0x0000000050a70000)]

Other Threads:
  0x000000000c584980 VMThread "VM Thread" [stack: 0x000000004d500000,0x000000004d600000] [id=4048]
  0x000000000010f070 WatcherThread [stack: 0x0000000050750000,0x0000000050850000] [id=3388]
  0x00000000001407c0 GCTaskThread "GC Thread#0" [stack: 0x0000000009f80000,0x000000000a080000] [id=1616]
=>0x000000004e6194d0 GCTaskThread "GC Thread#1" [stack: 0x000000004f310000,0x000000004f410000] [id=3664]
  0x0000000000145830 ConcurrentGCThread "G1 Main Marker" [stack: 0x000000000a200000,0x000000000a300000] [id=2880]
  0x00000000001468f0 ConcurrentGCThread "G1 Conc#0" [stack: 0x000000000a390000,0x000000000a490000] [id=580]
  0x000000000017a530 ConcurrentGCThread "G1 Refine#0" [stack: 0x000000000c630000,0x000000000c730000] [id=3300]
  0x000000000017cd00 ConcurrentGCThread "G1 Service" [stack: 0x000000000c7c0000,0x000000000c8c0000] [id=4640]

Threads with active compile tasks:

VM state: at safepoint (normal execution)

VM Mutex/Monitor currently owned by a thread:  ([mutex/lock_event])
[0x00000000001071e0] Threads_lock - owner thread: 0x000000000c584980
[0x0000000000107810] Heap_lock - owner thread: 0x0000000000145830

Heap address: 0x00000000e0800000, size: 504 MB, Compressed Oops mode: 32-bit

CDS archive(s) not mapped
Compressed class space mapped at: 0x000000000cc00000-0x000000004cc00000, reserved size: 1073741824
Narrow klass base: 0x0000000000000000, Narrow klass shift: 0, Narrow klass range: 0x4cc00000

GC Precious Log:
 CPUs: 2 total, 2 available
 Memory: 2013M
 Large Page Support: Disabled
 NUMA Support: Disabled
 Compressed Oops: Enabled (32-bit)
 Heap Region Size: 1M
 Heap Min Capacity: 8M
 Heap Initial Capacity: 32M
 Heap Max Capacity: 504M
 Pre-touch: Disabled
 Parallel Workers: 2
 Concurrent Workers: 1
 Concurrent Refinement Workers: 2
 Periodic GC: Disabled

Heap:
 garbage-first heap   total 39936K, used 9358K [0x00000000e0800000, 0x0000000100000000)
  region size 1024K, 3 young (3072K), 2 survivors (2048K)
 Metaspace       used 21429K, committed 21696K, reserved 1073152K
  class space    used 2534K, committed 2624K, reserved 1048576K

Heap Regions: E=young(eden), S=young(survivor), O=old, HS=humongous(starts), HC=humongous(continues), CS=collection set, F=free, OA=open archive, CA=closed archive, TAMS=top-at-mark-start (previous, next)
|   0|0x00000000e0800000, 0x00000000e0900000, 0x00000000e0900000|100%|HS|  |TAMS 0x00000000e0800000, 0x00000000e0900000| Complete 
|   1|0x00000000e0900000, 0x00000000e0a00000, 0x00000000e0a00000|100%| O|  |TAMS 0x00000000e0900000, 0x00000000e0a00000| Untracked 
|   2|0x00000000e0a00000, 0x00000000e0b00000, 0x00000000e0b00000|100%| O|  |TAMS 0x00000000e0a00000, 0x00000000e0b00000| Untracked 
|   3|0x00000000e0b00000, 0x00000000e0c00000, 0x00000000e0c00000|100%| O|  |TAMS 0x00000000e0b00000, 0x00000000e0c00000| Untracked 
|   4|0x00000000e0c00000, 0x00000000e0d00000, 0x00000000e0d00000|100%| O|  |TAMS 0x00000000e0c00000, 0x00000000e0d00000| Untracked 
|   5|0x00000000e0d00000, 0x00000000e0e00000, 0x00000000e0e00000|100%| O|  |TAMS 0x00000000e0d00000, 0x00000000e0e00000| Untracked 
|   6|0x00000000e0e00000, 0x00000000e0f00000, 0x00000000e0f00000|100%| O|  |TAMS 0x00000000e0e00000, 0x00000000e0f00000| Untracked 
|   7|0x00000000e0f00000, 0x00000000e0fb0a00, 0x00000000e1000000| 68%| O|  |TAMS 0x00000000e0f00000, 0x00000000e0f16000| Untracked 
|   8|0x00000000e1000000, 0x00000000e1000000, 0x00000000e1100000|  0%| F|  |TAMS 0x00000000e1000000, 0x00000000e1000000| Untracked 
|   9|0x00000000e1100000, 0x00000000e1100000, 0x00000000e1200000|  0%| F|  |TAMS 0x00000000e1100000, 0x00000000e1100000| Untracked 
|  10|0x00000000e1200000, 0x00000000e1200000, 0x00000000e1300000|  0%| F|  |TAMS 0x00000000e1200000, 0x00000000e1200000| Untracked 
|  11|0x00000000e1300000, 0x00000000e1300000, 0x00000000e1400000|  0%| F|  |TAMS 0x00000000e1300000, 0x00000000e1300000| Untracked 
|  12|0x00000000e1400000, 0x00000000e1400000, 0x00000000e1500000|  0%| F|  |TAMS 0x00000000e1400000, 0x00000000e1400000| Untracked 
|  13|0x00000000e1500000, 0x00000000e1500000, 0x00000000e1600000|  0%| F|  |TAMS 0x00000000e1500000, 0x00000000e1500000| Untracked 
|  14|0x00000000e1600000, 0x00000000e1600000, 0x00000000e1700000|  0%| F|  |TAMS 0x00000000e1600000, 0x00000000e1600000| Untracked 
|  15|0x00000000e1700000, 0x00000000e1700000, 0x00000000e1800000|  0%| F|  |TAMS 0x00000000e1700000, 0x00000000e1700000| Untracked 
|  16|0x00000000e1800000, 0x00000000e1800000, 0x00000000e1900000|  0%| F|  |TAMS 0x00000000e1800000, 0x00000000e1800000| Untracked 
|  17|0x00000000e1900000, 0x00000000e1900000, 0x00000000e1a00000|  0%| F|  |TAMS 0x00000000e1900000, 0x00000000e1900000| Untracked 
|  18|0x00000000e1a00000, 0x00000000e1a00000, 0x00000000e1b00000|  0%| F|  |TAMS 0x00000000e1a00000, 0x00000000e1a00000| Untracked 
|  19|0x00000000e1b00000, 0x00000000e1b00000, 0x00000000e1c00000|  0%| F|  |TAMS 0x00000000e1b00000, 0x00000000e1b00000| Untracked 
|  20|0x00000000e1c00000, 0x00000000e1c00000, 0x00000000e1d00000|  0%| F|  |TAMS 0x00000000e1c00000, 0x00000000e1c00000| Untracked 
|  21|0x00000000e1d00000, 0x00000000e1d00000, 0x00000000e1e00000|  0%| F|  |TAMS 0x00000000e1d00000, 0x00000000e1d00000| Untracked 
|  22|0x00000000e1e00000, 0x00000000e1e00000, 0x00000000e1f00000|  0%| F|  |TAMS 0x00000000e1e00000, 0x00000000e1e00000| Untracked 
|  23|0x00000000e1f00000, 0x00000000e1f00000, 0x00000000e2000000|  0%| F|  |TAMS 0x00000000e1f00000, 0x00000000e1f00000| Untracked 
|  24|0x00000000e2000000, 0x00000000e2000000, 0x00000000e2100000|  0%| F|  |TAMS 0x00000000e2000000, 0x00000000e2000000| Untracked 
|  25|0x00000000e2100000, 0x00000000e2100000, 0x00000000e2200000|  0%| F|  |TAMS 0x00000000e2100000, 0x00000000e2100000| Untracked 
|  26|0x00000000e2200000, 0x00000000e2273020, 0x00000000e2300000| 44%| S|CS|TAMS 0x00000000e2200000, 0x00000000e2200000| Complete 
|  27|0x00000000e2300000, 0x00000000e2400000, 0x00000000e2400000|100%| S|CS|TAMS 0x00000000e2300000, 0x00000000e2300000| Complete 
|  28|0x00000000e2400000, 0x00000000e2400000, 0x00000000e2500000|  0%| F|  |TAMS 0x00000000e2400000, 0x00000000e2400000| Untracked 
|  29|0x00000000e2500000, 0x00000000e2500000, 0x00000000e2600000|  0%| F|  |TAMS 0x00000000e2500000, 0x00000000e2500000| Untracked 
|  30|0x00000000e2600000, 0x00000000e2600000, 0x00000000e2700000|  0%| F|  |TAMS 0x00000000e2600000, 0x00000000e2600000| Untracked 
|  31|0x00000000e2700000, 0x00000000e2700000, 0x00000000e2800000|  0%| F|  |TAMS 0x00000000e2700000, 0x00000000e2700000| Untracked 
|  32|0x00000000e2800000, 0x00000000e2800000, 0x00000000e2900000|  0%| F|  |TAMS 0x00000000e2800000, 0x00000000e2800000| Untracked 
|  33|0x00000000e2900000, 0x00000000e2900000, 0x00000000e2a00000|  0%| F|  |TAMS 0x00000000e2900000, 0x00000000e2900000| Untracked 
|  34|0x00000000e2a00000, 0x00000000e2a00000, 0x00000000e2b00000|  0%| F|  |TAMS 0x00000000e2a00000, 0x00000000e2a00000| Untracked 
|  35|0x00000000e2b00000, 0x00000000e2b00000, 0x00000000e2c00000|  0%| F|  |TAMS 0x00000000e2b00000, 0x00000000e2b00000| Untracked 
|  36|0x00000000e2c00000, 0x00000000e2c00000, 0x00000000e2d00000|  0%| F|  |TAMS 0x00000000e2c00000, 0x00000000e2c00000| Untracked 
|  37|0x00000000e2d00000, 0x00000000e2d00000, 0x00000000e2e00000|  0%| F|  |TAMS 0x00000000e2d00000, 0x00000000e2d00000| Untracked 
|  38|0x00000000e2e00000, 0x00000000e2e914c8, 0x00000000e2f00000| 56%| E|  |TAMS 0x00000000e2e00000, 0x00000000e2e00000| Complete 

Card table byte_map: [0x0000000008c80000,0x0000000008d80000] _byte_map_base: 0x000000000857c000

Marking Bits (Prev, Next): (CMBitMap*) 0x0000000000140be0, (CMBitMap*) 0x0000000000140c20
 Prev Bits: [0x0000000008e80000, 0x0000000009660000)
 Next Bits: [0x0000000009660000, 0x0000000009e40000)

Polling page: 0x00000000001b0000

Metaspace:

Usage:
  Non-class:     18.45 MB used.
      Class:      2.48 MB used.
       Both:     20.93 MB used.

Virtual space:
  Non-class space:       24.00 MB reserved,      18.63 MB ( 78%) committed,  3 nodes.
      Class space:        1.00 GB reserved,       2.56 MB ( <1%) committed,  1 nodes.
             Both:        1.02 GB reserved,      21.19 MB (  2%) committed. 

Chunk freelists:
   Non-Class:  880.00 KB
       Class:  1.32 MB
        Both:  2.17 MB

MaxMetaspaceSize: unlimited
CompressedClassSpaceSize: 1.00 GB
Initial GC threshold: 21.00 MB
Current GC threshold: 21.31 MB
CDS: off
MetaspaceReclaimPolicy: balanced
 - commit_granule_bytes: 65536.
 - commit_granule_words: 8192.
 - virtual_space_node_default_size: 1048576.
 - enlarge_chunks_in_place: 1.
 - new_chunks_are_fully_committed: 0.
 - uncommit_free_chunks: 1.
 - use_allocation_guard: 0.
 - handle_deallocations: 1.


Internal statistics:

num_allocs_failed_limit: 3.
num_arena_births: 230.
num_arena_deaths: 0.
num_vsnodes_births: 4.
num_vsnodes_deaths: 0.
num_space_committed: 339.
num_space_uncommitted: 0.
num_chunks_returned_to_freelist: 3.
num_chunks_taken_from_freelist: 618.
num_chunk_merges: 3.
num_chunk_splits: 397.
num_chunks_enlarged: 277.
num_purges: 0.
num_inconsistent_stats: 0.

CodeCache: size=49152Kb used=4436Kb max_used=4436Kb free=44715Kb
 bounds [0x0000000005a70000, 0x0000000005ed0000, 0x0000000008a70000]
 total_blobs=2366 nmethods=1887 adapters=406
 compilation: enabled
              stopped_count=0, restarted_count=0
 full_count=0

Compilation events (20 events):
Event: 3.029 Thread 0x000000000c990db0 1878       1       sun.reflect.generics.scope.AbstractScope::<init> (10 bytes)
Event: 3.029 Thread 0x000000000ca4af90 1879       1       sun.reflect.generics.factory.CoreReflectionFactory::make (10 bytes)
Event: 3.029 Thread 0x000000000c990db0 nmethod 1878 0x0000000005ec2c10 code [0x0000000005ec2da0, 0x0000000005ec2eb8]
Event: 3.029 Thread 0x000000000ca4af90 nmethod 1879 0x0000000005ec2f10 code [0x0000000005ec30a0, 0x0000000005ec3238]
Event: 3.029 Thread 0x000000000ca4af90 1880       1       sun.reflect.generics.factory.CoreReflectionFactory::<init> (15 bytes)
Event: 3.029 Thread 0x000000000ca4af90 nmethod 1880 0x0000000005ec3310 code [0x0000000005ec34a0, 0x0000000005ec35f8]
Event: 3.040 Thread 0x000000000ca4af90 1881       1       sun.reflect.generics.reflectiveObjects.ParameterizedTypeImpl::getRawType (5 bytes)
Event: 3.040 Thread 0x000000000ca4af90 nmethod 1881 0x0000000005ec3690 code [0x0000000005ec3820, 0x0000000005ec38f8]
Event: 3.041 Thread 0x000000000ca4af90 1882       1       java.lang.Class::getTypeParameters (19 bytes)
Event: 3.041 Thread 0x000000000ca4af90 nmethod 1882 0x0000000005ec3990 code [0x0000000005ec3b60, 0x0000000005ec3e08]
Event: 3.041 Thread 0x000000000ca4af90 1883       1       sun.reflect.generics.repository.GenericDeclRepository::getTypeParameters (27 bytes)
Event: 3.042 Thread 0x000000000ca4af90 nmethod 1883 0x0000000005ec3f10 code [0x0000000005ec40c0, 0x0000000005ec4298]
Event: 3.042 Thread 0x000000000ca4af90 1884       1       sun.reflect.generics.reflectiveObjects.TypeVariableImpl::hashCode (16 bytes)
Event: 3.042 Thread 0x000000000ca4af90 nmethod 1884 0x0000000005ec4390 code [0x0000000005ec4540, 0x0000000005ec4678]
Event: 3.045 Thread 0x000000000ca4af90 1885       1       java.util.Collections$EmptyMap::get (2 bytes)
Event: 3.045 Thread 0x000000000ca4af90 nmethod 1885 0x0000000005ec4790 code [0x0000000005ec4920, 0x0000000005ec49f8]
Event: 3.045 Thread 0x000000000ca4af90 1886   !   1       sun.reflect.annotation.AnnotationParser::parseAnnotations (37 bytes)
Event: 3.046 Thread 0x000000000ca4af90 nmethod 1886 0x0000000005ec4a90 code [0x0000000005ec4c60, 0x0000000005ec4e68]
Event: 3.048 Thread 0x000000000ca4af90 1887       1       java.util.Collections$UnmodifiableCollection::<init> (22 bytes)
Event: 3.048 Thread 0x000000000ca4af90 nmethod 1887 0x0000000005ec4f90 code [0x0000000005ec5120, 0x0000000005ec52c8]

GC Heap History (12 events):
Event: 0.535 GC heap before
{Heap before GC invocations=0 (full 0):
 garbage-first heap   total 32768K, used 6144K [0x00000000e0800000, 0x0000000100000000)
  region size 1024K, 6 young (6144K), 0 survivors (0K)
 Metaspace       used 6373K, committed 6528K, reserved 1056768K
  class space    used 547K, committed 576K, reserved 1048576K
}
Event: 0.543 GC heap after
{Heap after GC invocations=1 (full 0):
 garbage-first heap   total 32768K, used 4774K [0x00000000e0800000, 0x0000000100000000)
  region size 1024K, 1 young (1024K), 1 survivors (1024K)
 Metaspace       used 6373K, committed 6528K, reserved 1056768K
  class space    used 547K, committed 576K, reserved 1048576K
}
Event: 0.955 GC heap before
{Heap before GC invocations=1 (full 0):
 garbage-first heap   total 32768K, used 7846K [0x00000000e0800000, 0x0000000100000000)
  region size 1024K, 4 young (4096K), 1 survivors (1024K)
 Metaspace       used 10430K, committed 10624K, reserved 1064960K
  class space    used 1023K, committed 1088K, reserved 1048576K
}
Event: 0.962 GC heap after
{Heap after GC invocations=2 (full 0):
 garbage-first heap   total 32768K, used 6048K [0x00000000e0800000, 0x0000000100000000)
  region size 1024K, 1 young (1024K), 1 survivors (1024K)
 Metaspace       used 10430K, committed 10624K, reserved 1064960K
  class space    used 1023K, committed 1088K, reserved 1048576K
}
Event: 1.602 GC heap before
{Heap before GC invocations=2 (full 0):
 garbage-first heap   total 32768K, used 13216K [0x00000000e0800000, 0x0000000100000000)
  region size 1024K, 8 young (8192K), 1 survivors (1024K)
 Metaspace       used 14544K, committed 14720K, reserved 1064960K
  class space    used 1493K, committed 1600K, reserved 1048576K
}
Event: 1.610 GC heap after
{Heap after GC invocations=3 (full 0):
 garbage-first heap   total 32768K, used 7252K [0x00000000e0800000, 0x0000000100000000)
  region size 1024K, 1 young (1024K), 1 survivors (1024K)
 Metaspace       used 14544K, committed 14720K, reserved 1064960K
  class space    used 1493K, committed 1600K, reserved 1048576K
}
Event: 2.100 GC heap before
{Heap before GC invocations=3 (full 0):
 garbage-first heap   total 32768K, used 16468K [0x00000000e0800000, 0x0000000100000000)
  region size 1024K, 10 young (10240K), 1 survivors (1024K)
 Metaspace       used 16887K, committed 17088K, reserved 1064960K
  class space    used 1822K, committed 1920K, reserved 1048576K
}
Event: 2.107 GC heap after
{Heap after GC invocations=4 (full 0):
 garbage-first heap   total 32768K, used 7889K [0x00000000e0800000, 0x0000000100000000)
  region size 1024K, 2 young (2048K), 2 survivors (2048K)
 Metaspace       used 16887K, committed 17088K, reserved 1064960K
  class space    used 1822K, committed 1920K, reserved 1048576K
}
Event: 2.697 GC heap before
{Heap before GC invocations=4 (full 0):
 garbage-first heap   total 32768K, used 18129K [0x00000000e0800000, 0x0000000100000000)
  region size 1024K, 13 young (13312K), 2 survivors (2048K)
 Metaspace       used 19015K, committed 19328K, reserved 1073152K
  class space    used 2204K, committed 2368K, reserved 1048576K
}
Event: 2.707 GC heap after
{Heap after GC invocations=5 (full 0):
 garbage-first heap   total 39936K, used 9006K [0x00000000e0800000, 0x0000000100000000)
  region size 1024K, 2 young (2048K), 2 survivors (2048K)
 Metaspace       used 19015K, committed 19328K, reserved 1073152K
  class space    used 2204K, committed 2368K, reserved 1048576K
}
Event: 3.030 GC heap before
{Heap before GC invocations=5 (full 0):
 garbage-first heap   total 39936K, used 18222K [0x00000000e0800000, 0x0000000100000000)
  region size 1024K, 13 young (13312K), 2 survivors (2048K)
 Metaspace       used 21319K, committed 21504K, reserved 1073152K
  class space    used 2519K, committed 2624K, reserved 1048576K
}
Event: 3.039 GC heap after
{Heap after GC invocations=6 (full 0):
 garbage-first heap   total 39936K, used 9358K [0x00000000e0800000, 0x0000000100000000)
  region size 1024K, 2 young (2048K), 2 survivors (2048K)
 Metaspace       used 21319K, committed 21504K, reserved 1073152K
  class space    used 2519K, committed 2624K, reserved 1048576K
}

Deoptimization events (2 events):
Event: 1.713 Thread 0x000000000010dfa0 DEOPT PACKING pc=0x0000000005ce9cf5 sp=0x0000000001e7dae0
Event: 1.713 Thread 0x000000000010dfa0 DEOPT UNPACKING pc=0x0000000005ac2b24 sp=0x0000000001e7cf38 mode 3

Classes unloaded (0 events):
No events

Classes redefined (0 events):
No events

Internal exceptions (20 events):
Event: 2.217 Thread 0x000000000010dfa0 Exception <a 'java/lang/NoSuchMethodError'{0x00000000e25586f8}: 'java.lang.Object java.lang.invoke.Invokers$Holder.invokeExact_MT(java.lang.Object, java.lang.Object, java.lang.Object, java.lang.Object, java.lang.Object, java.lang.Object)'> (0x00000000e25586f8) 
thrown [e:\jenkins\tmp\workspace\build\src\src\hotspot\share\interpreter\linkResolver.cpp, line 766]
Event: 2.239 Thread 0x000000000010dfa0 Exception <a 'java/lang/NoSuchMethodError'{0x00000000e25bdbc8}: 'java.lang.Object java.lang.invoke.DirectMethodHandle$Holder.invokeSpecial(java.lang.Object, java.lang.Object, java.lang.Object, java.lang.Object, java.lang.Object, java.lang.Object, int)'> (0x00000000e25bdbc8) 
thrown [e:\jenkins\tmp\workspace\build\src\src\hotspot\share\interpreter\linkResolver.cpp, line 766]
Event: 2.240 Thread 0x000000000010dfa0 Exception <a 'java/lang/NoSuchMethodError'{0x00000000e25c8130}: 'java.lang.Object java.lang.invoke.DirectMethodHandle$Holder.newInvokeSpecial(java.lang.Object, java.lang.Object, java.lang.Object, java.lang.Object, java.lang.Object, java.lang.Object, int)'> (0x00000000e25c8130) 
thrown [e:\jenkins\tmp\workspace\build\src\src\hotspot\share\interpreter\linkResolver.cpp, line 766]
Event: 2.240 Thread 0x000000000010dfa0 Exception <a 'java/lang/NoSuchMethodError'{0x00000000e25cd170}: 'java.lang.Object java.lang.invoke.DirectMethodHandle$Holder.invokeSpecial(java.lang.Object, java.lang.Object, java.lang.Object, java.lang.Object, java.lang.Object, java.lang.Object, java.lang.Object, int)'> (0x00000000e25cd170) 
thrown [e:\jenkins\tmp\workspace\build\src\src\hotspot\share\interpreter\linkResolver.cpp, line 766]
Event: 2.372 Thread 0x000000000010dfa0 Exception <a 'java/lang/NoSuchMethodError'{0x00000000e220e508}: 'java.lang.Object java.lang.invoke.DirectMethodHandle$Holder.invokeSpecial(java.lang.Object, java.lang.Object, java.lang.Object, int, java.lang.Object)'> (0x00000000e220e508) 
thrown [e:\jenkins\tmp\workspace\build\src\src\hotspot\share\interpreter\linkResolver.cpp, line 766]
Event: 2.373 Thread 0x000000000010dfa0 Exception <a 'java/lang/NoSuchMethodError'{0x00000000e2216b68}: 'java.lang.Object java.lang.invoke.DirectMethodHandle$Holder.newInvokeSpecial(java.lang.Object, java.lang.Object, java.lang.Object, int, java.lang.Object)'> (0x00000000e2216b68) 
thrown [e:\jenkins\tmp\workspace\build\src\src\hotspot\share\interpreter\linkResolver.cpp, line 766]
Event: 2.377 Thread 0x000000000010dfa0 Exception <a 'java/lang/NoSuchMethodError'{0x00000000e222cda0}: 'java.lang.Object java.lang.invoke.DirectMethodHandle$Holder.newInvokeSpecial(java.lang.Object, int, java.lang.Object)'> (0x00000000e222cda0) 
thrown [e:\jenkins\tmp\workspace\build\src\src\hotspot\share\interpreter\linkResolver.cpp, line 766]
Event: 2.377 Thread 0x000000000010dfa0 Exception <a 'java/lang/NoSuchMethodError'{0x00000000e2230d70}: 'int java.lang.invoke.DirectMethodHandle$Holder.invokeSpecialIFC(java.lang.Object, java.lang.Object, java.lang.Object, java.lang.Object)'> (0x00000000e2230d70) 
thrown [e:\jenkins\tmp\workspace\build\src\src\hotspot\share\interpreter\linkResolver.cpp, line 766]
Event: 2.471 Thread 0x000000000010dfa0 Exception <a 'java/lang/NoSuchMethodError'{0x00000000e21f8970}: 'void java.lang.invoke.DirectMethodHandle$Holder.invokeInterface(java.lang.Object, java.lang.Object, java.lang.Object)'> (0x00000000e21f8970) 
thrown [e:\jenkins\tmp\workspace\build\src\src\hotspot\share\interpreter\linkResolver.cpp, line 766]
Event: 2.514 Thread 0x000000000010dfa0 Exception <a 'java/lang/NoSuchMethodError'{0x00000000e208ef20}: 'java.lang.Object java.lang.invoke.DirectMethodHandle$Holder.invokeVirtual(java.lang.Object, java.lang.Object, java.lang.Object)'> (0x00000000e208ef20) 
thrown [e:\jenkins\tmp\workspace\build\src\src\hotspot\share\interpreter\linkResolver.cpp, line 766]
Event: 2.526 Thread 0x000000000010dfa0 Exception <a 'java/lang/NoSuchMethodError'{0x00000000e20c6818}: 'void java.lang.invoke.DirectMethodHandle$Holder.invokeStatic(java.lang.Object, java.lang.Object, int)'> (0x00000000e20c6818) 
thrown [e:\jenkins\tmp\workspace\build\src\src\hotspot\share\interpreter\linkResolver.cpp, line 766]
Event: 2.534 Thread 0x000000000010dfa0 Exception <a 'java/lang/NoSuchMethodError'{0x00000000e20dcf70}: 'void java.lang.invoke.DirectMethodHandle$Holder.invokeStaticInit(java.lang.Object, java.lang.Object, java.lang.Object)'> (0x00000000e20dcf70) 
thrown [e:\jenkins\tmp\workspace\build\src\src\hotspot\share\interpreter\linkResolver.cpp, line 766]
Event: 2.546 Thread 0x000000000010dfa0 Exception <a 'java/lang/NoSuchMethodError'{0x00000000e1f29c90}: 'java.lang.Object java.lang.invoke.DirectMethodHandle$Holder.invokeStatic(java.lang.Object, java.lang.Object, long, java.lang.Object)'> (0x00000000e1f29c90) 
thrown [e:\jenkins\tmp\workspace\build\src\src\hotspot\share\interpreter\linkResolver.cpp, line 766]
Event: 2.546 Thread 0x000000000010dfa0 Exception <a 'java/lang/NoSuchMethodError'{0x00000000e1f2d728}: 'java.lang.Object java.lang.invoke.DirectMethodHandle$Holder.invokeStaticInit(java.lang.Object, java.lang.Object, long, java.lang.Object)'> (0x00000000e1f2d728) 
thrown [e:\jenkins\tmp\workspace\build\src\src\hotspot\share\interpreter\linkResolver.cpp, line 766]
Event: 2.547 Thread 0x000000000010dfa0 Exception <a 'java/lang/NoSuchMethodError'{0x00000000e1f33d38}: 'java.lang.Object java.lang.invoke.DirectMethodHandle$Holder.newInvokeSpecial(java.lang.Object, java.lang.Object, long)'> (0x00000000e1f33d38) 
thrown [e:\jenkins\tmp\workspace\build\src\src\hotspot\share\interpreter\linkResolver.cpp, line 766]
Event: 2.548 Thread 0x000000000010dfa0 Exception <a 'java/lang/NoSuchMethodError'{0x00000000e1f378a8}: 'java.lang.Object java.lang.invoke.Invokers$Holder.linkToTargetMethod(java.lang.Object, long, java.lang.Object)'> (0x00000000e1f378a8) 
thrown [e:\jenkins\tmp\workspace\build\src\src\hotspot\share\interpreter\linkResolver.cpp, line 766]
Event: 2.572 Thread 0x000000000010dfa0 Exception <a 'java/lang/NoSuchMethodError'{0x00000000e1f8f848}: 'void java.lang.invoke.DirectMethodHandle$Holder.invokeSpecial(java.lang.Object, java.lang.Object, java.lang.Object, java.lang.Object, java.lang.Object)'> (0x00000000e1f8f848) 
thrown [e:\jenkins\tmp\workspace\build\src\src\hotspot\share\interpreter\linkResolver.cpp, line 766]
Event: 2.573 Thread 0x000000000010dfa0 Exception <a 'java/lang/NoSuchMethodError'{0x00000000e1f97dd8}: 'void java.lang.invoke.DirectMethodHandle$Holder.invokeVirtual(java.lang.Object, java.lang.Object, java.lang.Object, java.lang.Object)'> (0x00000000e1f97dd8) 
thrown [e:\jenkins\tmp\workspace\build\src\src\hotspot\share\interpreter\linkResolver.cpp, line 766]
Event: 2.649 Thread 0x000000000010dfa0 Exception <a 'java/lang/NoSuchMethodError'{0x00000000e1b08150}: 'void java.lang.invoke.DirectMethodHandle$Holder.invokeSpecial(java.lang.Object, java.lang.Object, java.lang.Object)'> (0x00000000e1b08150) 
thrown [e:\jenkins\tmp\workspace\build\src\src\hotspot\share\interpreter\linkResolver.cpp, line 766]
Event: 2.663 Thread 0x000000000010dfa0 Exception <a 'java/lang/IncompatibleClassChangeError'{0x00000000e1b48550}: Found class java.lang.Object, but interface was expected> (0x00000000e1b48550) 
thrown [e:\jenkins\tmp\workspace\build\src\src\hotspot\share\interpreter\linkResolver.cpp, line 833]

VM Operations (20 events):
Event: 1.124 Executing VM operation: HandshakeAllThreads done
Event: 1.319 Executing VM operation: HandshakeAllThreads
Event: 1.319 Executing VM operation: HandshakeAllThreads done
Event: 1.329 Executing VM operation: HandshakeAllThreads
Event: 1.329 Executing VM operation: HandshakeAllThreads done
Event: 1.602 Executing VM operation: G1CollectForAllocation
Event: 1.610 Executing VM operation: G1CollectForAllocation done
Event: 1.922 Executing VM operation: HandshakeAllThreads
Event: 1.922 Executing VM operation: HandshakeAllThreads done
Event: 2.100 Executing VM operation: G1CollectForAllocation
Event: 2.107 Executing VM operation: G1CollectForAllocation done
Event: 2.330 Executing VM operation: HandshakeAllThreads
Event: 2.330 Executing VM operation: HandshakeAllThreads done
Event: 2.643 Executing VM operation: HandshakeAllThreads
Event: 2.643 Executing VM operation: HandshakeAllThreads done
Event: 2.697 Executing VM operation: G1CollectForAllocation
Event: 2.711 Executing VM operation: G1CollectForAllocation done
Event: 3.030 Executing VM operation: CollectForMetadataAllocation
Event: 3.039 Executing VM operation: CollectForMetadataAllocation done
Event: 3.056 Executing VM operation: G1Concurrent

Events (20 events):
Event: 2.935 loading class java/io/CharConversionException
Event: 2.935 loading class java/io/CharConversionException done
Event: 2.946 loading class java/util/OptionalDouble
Event: 2.946 loading class java/util/OptionalDouble done
Event: 2.947 loading class java/util/OptionalLong
Event: 2.948 loading class java/util/OptionalLong done
Event: 2.967 loading class java/lang/reflect/MalformedParameterizedTypeException
Event: 2.967 loading class java/lang/reflect/MalformedParameterizedTypeException done
Event: 3.024 loading class java/lang/annotation/Repeatable
Event: 3.024 loading class java/lang/annotation/Repeatable done
Event: 3.043 loading class java/time/chrono/HijrahDate
Event: 3.043 loading class java/time/chrono/ChronoLocalDateImpl
Event: 3.044 loading class java/time/chrono/ChronoLocalDateImpl done
Event: 3.044 loading class java/time/chrono/HijrahDate done
Event: 3.044 loading class java/time/chrono/JapaneseDate
Event: 3.045 loading class java/time/chrono/JapaneseDate done
Event: 3.046 loading class java/time/chrono/MinguoDate
Event: 3.047 loading class java/time/chrono/MinguoDate done
Event: 3.047 loading class java/time/chrono/ThaiBuddhistDate
Event: 3.048 loading class java/time/chrono/ThaiBuddhistDate done


Dynamic libraries:
0x000000013f990000 - 0x000000013f99e000 	C:\eclipse\plugins\org.eclipse.justj.openjdk.hotspot.jre.full.win32.x86_64_17.0.3.v20220515-1416\jre\bin\javaw.exe
0x0000000077680000 - 0x000000007781f000 	C:\Windows\SYSTEM32\ntdll.dll
0x0000000077460000 - 0x0000000077580000 	C:\Windows\system32\kernel32.dll
0x000007fefd3e0000 - 0x000007fefd447000 	C:\Windows\system32\KERNELBASE.dll
0x000007fef4c20000 - 0x000007fef4c38000 	C:\eclipse\plugins\org.eclipse.justj.openjdk.hotspot.jre.full.win32.x86_64_17.0.3.v20220515-1416\jre\bin\jli.dll
0x000007fefbb60000 - 0x000007fefbd55000 	C:\Windows\WinSxS\amd64_microsoft.windows.common-controls_6595b64144ccf1df_6.0.7601.24483_none_e372d88f30fbb845\COMCTL32.dll
0x000007feff100000 - 0x000007feff19f000 	C:\Windows\system32\msvcrt.dll
0x000007feff720000 - 0x000007feff788000 	C:\Windows\system32\GDI32.dll
0x0000000077580000 - 0x000000007767b000 	C:\Windows\system32\USER32.dll
0x000007feff8e0000 - 0x000007feff8ee000 	C:\Windows\system32\LPK.dll
0x000007fefe940000 - 0x000007fefea0b000 	C:\Windows\system32\USP10.dll
0x000007feff050000 - 0x000007feff0c1000 	C:\Windows\system32\SHLWAPI.dll
0x000007feeb050000 - 0x000007feeb069000 	C:\eclipse\plugins\org.eclipse.justj.openjdk.hotspot.jre.full.win32.x86_64_17.0.3.v20220515-1416\jre\bin\VCRUNTIME140.dll
0x000007fef2080000 - 0x000007fef2084000 	C:\eclipse\plugins\org.eclipse.justj.openjdk.hotspot.jre.full.win32.x86_64_17.0.3.v20220515-1416\jre\bin\api-ms-win-crt-runtime-l1-1-0.dll
0x000007fed8cc0000 - 0x000007fed8dba000 	C:\eclipse\plugins\org.eclipse.justj.openjdk.hotspot.jre.full.win32.x86_64_17.0.3.v20220515-1416\jre\bin\ucrtbase.DLL
0x000007fef7170000 - 0x000007fef7173000 	C:\eclipse\plugins\org.eclipse.justj.openjdk.hotspot.jre.full.win32.x86_64_17.0.3.v20220515-1416\jre\bin\api-ms-win-core-localization-l1-2-0.dll
0x000007feec2d0000 - 0x000007feec2d3000 	C:\eclipse\plugins\org.eclipse.justj.openjdk.hotspot.jre.full.win32.x86_64_17.0.3.v20220515-1416\jre\bin\api-ms-win-core-processthreads-l1-1-1.dll
0x000007feeafd0000 - 0x000007feeafd3000 	C:\eclipse\plugins\org.eclipse.justj.openjdk.hotspot.jre.full.win32.x86_64_17.0.3.v20220515-1416\jre\bin\api-ms-win-core-file-l1-2-0.dll
0x000007feeac20000 - 0x000007feeac23000 	C:\eclipse\plugins\org.eclipse.justj.openjdk.hotspot.jre.full.win32.x86_64_17.0.3.v20220515-1416\jre\bin\api-ms-win-core-timezone-l1-1-0.dll
0x000007feeac10000 - 0x000007feeac13000 	C:\eclipse\plugins\org.eclipse.justj.openjdk.hotspot.jre.full.win32.x86_64_17.0.3.v20220515-1416\jre\bin\api-ms-win-core-file-l2-1-0.dll
0x000007feeac00000 - 0x000007feeac03000 	C:\eclipse\plugins\org.eclipse.justj.openjdk.hotspot.jre.full.win32.x86_64_17.0.3.v20220515-1416\jre\bin\api-ms-win-core-synch-l1-2-0.dll
0x000007feeabf0000 - 0x000007feeabf3000 	C:\eclipse\plugins\org.eclipse.justj.openjdk.hotspot.jre.full.win32.x86_64_17.0.3.v20220515-1416\jre\bin\api-ms-win-crt-heap-l1-1-0.dll
0x000007feeabe0000 - 0x000007feeabe4000 	C:\eclipse\plugins\org.eclipse.justj.openjdk.hotspot.jre.full.win32.x86_64_17.0.3.v20220515-1416\jre\bin\api-ms-win-crt-string-l1-1-0.dll
0x000007feeabd0000 - 0x000007feeabd4000 	C:\eclipse\plugins\org.eclipse.justj.openjdk.hotspot.jre.full.win32.x86_64_17.0.3.v20220515-1416\jre\bin\api-ms-win-crt-stdio-l1-1-0.dll
0x000007feeabc0000 - 0x000007feeabc4000 	C:\eclipse\plugins\org.eclipse.justj.openjdk.hotspot.jre.full.win32.x86_64_17.0.3.v20220515-1416\jre\bin\api-ms-win-crt-convert-l1-1-0.dll
0x000007feeabb0000 - 0x000007feeabb3000 	C:\eclipse\plugins\org.eclipse.justj.openjdk.hotspot.jre.full.win32.x86_64_17.0.3.v20220515-1416\jre\bin\api-ms-win-crt-environment-l1-1-0.dll
0x000007feea690000 - 0x000007feea693000 	C:\eclipse\plugins\org.eclipse.justj.openjdk.hotspot.jre.full.win32.x86_64_17.0.3.v20220515-1416\jre\bin\api-ms-win-crt-filesystem-l1-1-0.dll
0x000007feea680000 - 0x000007feea685000 	C:\eclipse\plugins\org.eclipse.justj.openjdk.hotspot.jre.full.win32.x86_64_17.0.3.v20220515-1416\jre\bin\api-ms-win-crt-math-l1-1-0.dll
0x000007fed9a90000 - 0x000007fed9a93000 	C:\eclipse\plugins\org.eclipse.justj.openjdk.hotspot.jre.full.win32.x86_64_17.0.3.v20220515-1416\jre\bin\api-ms-win-crt-locale-l1-1-0.dll
0x000007feff0d0000 - 0x000007feff0fe000 	C:\Windows\system32\IMM32.DLL
0x000007fefe810000 - 0x000007fefe91b000 	C:\Windows\system32\MSCTF.dll
0x000007fed9a80000 - 0x000007fed9a8c000 	C:\eclipse\plugins\org.eclipse.justj.openjdk.hotspot.jre.full.win32.x86_64_17.0.3.v20220515-1416\jre\bin\vcruntime140_1.dll
0x000007fed8e20000 - 0x000007fed8eb1000 	C:\eclipse\plugins\org.eclipse.justj.openjdk.hotspot.jre.full.win32.x86_64_17.0.3.v20220515-1416\jre\bin\msvcp140.dll
0x000007fed9a70000 - 0x000007fed9a73000 	C:\eclipse\plugins\org.eclipse.justj.openjdk.hotspot.jre.full.win32.x86_64_17.0.3.v20220515-1416\jre\bin\api-ms-win-crt-time-l1-1-0.dll
0x000007fed9a60000 - 0x000007fed9a63000 	C:\eclipse\plugins\org.eclipse.justj.openjdk.hotspot.jre.full.win32.x86_64_17.0.3.v20220515-1416\jre\bin\api-ms-win-crt-utility-l1-1-0.dll
0x000007fee8c60000 - 0x000007fee98a8000 	C:\eclipse\plugins\org.eclipse.justj.openjdk.hotspot.jre.full.win32.x86_64_17.0.3.v20220515-1416\jre\bin\server\jvm.dll
0x000007feff1a0000 - 0x000007feff27b000 	C:\Windows\system32\ADVAPI32.dll
0x000007feff8c0000 - 0x000007feff8df000 	C:\Windows\SYSTEM32\sechost.dll
0x000007feff790000 - 0x000007feff8ba000 	C:\Windows\system32\RPCRT4.dll
0x000007feec2c0000 - 0x000007feec2c9000 	C:\Windows\system32\WSOCK32.dll
0x000007feff280000 - 0x000007feff2cd000 	C:\Windows\system32\WS2_32.dll
0x000007fefd630000 - 0x000007fefd638000 	C:\Windows\system32\NSI.dll
0x000007fef9530000 - 0x000007fef956b000 	C:\Windows\system32\WINMM.dll
0x000007fefc220000 - 0x000007fefc22c000 	C:\Windows\system32\VERSION.dll
0x0000000077830000 - 0x0000000077837000 	C:\Windows\system32\PSAPI.DLL
0x000007feec270000 - 0x000007feec27a000 	C:\eclipse\plugins\org.eclipse.justj.openjdk.hotspot.jre.full.win32.x86_64_17.0.3.v20220515-1416\jre\bin\jimage.dll
0x000007fef6f70000 - 0x000007fef7095000 	C:\Windows\system32\DBGHELP.DLL
0x000007feeafa0000 - 0x000007feeafc5000 	C:\eclipse\plugins\org.eclipse.justj.openjdk.hotspot.jre.full.win32.x86_64_17.0.3.v20220515-1416\jre\bin\java.dll
0x000007feec250000 - 0x000007feec268000 	C:\eclipse\plugins\org.eclipse.justj.openjdk.hotspot.jre.full.win32.x86_64_17.0.3.v20220515-1416\jre\bin\zip.dll
0x000007fefda80000 - 0x000007fefe80b000 	C:\Windows\system32\SHELL32.dll
0x000007fefd880000 - 0x000007fefda80000 	C:\Windows\system32\ole32.dll
0x000007fefd150000 - 0x000007fefd15f000 	C:\Windows\system32\profapi.dll
0x000007feec210000 - 0x000007feec229000 	C:\eclipse\plugins\org.eclipse.justj.openjdk.hotspot.jre.full.win32.x86_64_17.0.3.v20220515-1416\jre\bin\net.dll
0x000007fef98d0000 - 0x000007fef9941000 	C:\Windows\system32\WINHTTP.dll
0x000007fef9860000 - 0x000007fef98c5000 	C:\Windows\system32\webio.dll
0x000007fefc8a0000 - 0x000007fefc8f5000 	C:\Windows\system32\mswsock.dll
0x000007fefc890000 - 0x000007fefc897000 	C:\Windows\System32\wship6.dll
0x000007feeaf50000 - 0x000007feeaf65000 	C:\eclipse\plugins\org.eclipse.justj.openjdk.hotspot.jre.full.win32.x86_64_17.0.3.v20220515-1416\jre\bin\nio.dll
0x000007fed9a50000 - 0x000007fed9a59000 	C:\eclipse\plugins\org.eclipse.justj.openjdk.hotspot.jre.full.win32.x86_64_17.0.3.v20220515-1416\jre\bin\management.dll
0x000007fed9a40000 - 0x000007fed9a4b000 	C:\eclipse\plugins\org.eclipse.justj.openjdk.hotspot.jre.full.win32.x86_64_17.0.3.v20220515-1416\jre\bin\management_ext.dll
0x000007fefb2d0000 - 0x000007fefb2e5000 	C:\Windows\system32\NLAapi.dll
0x000007fefa4e0000 - 0x000007fefa4f5000 	C:\Windows\system32\napinsp.dll
0x000007fefa480000 - 0x000007fefa499000 	C:\Windows\system32\pnrpnsp.dll
0x000007fefc710000 - 0x000007fefc76b000 	C:\Windows\system32\DNSAPI.dll
0x000007fefa470000 - 0x000007fefa47b000 	C:\Windows\System32\winrnr.dll
0x000007fefc2f0000 - 0x000007fefc2f7000 	C:\Windows\System32\wshtcpip.dll
0x000007fefae10000 - 0x000007fefae37000 	C:\Windows\system32\IPHLPAPI.DLL
0x000007fefae00000 - 0x000007fefae0b000 	C:\Windows\system32\WINNSI.DLL
0x000007fef9740000 - 0x000007fef9748000 	C:\Windows\system32\rasadhlp.dll
0x000007fefad50000 - 0x000007fefada3000 	C:\Windows\System32\fwpuclnt.dll
0x000007fefc900000 - 0x000007fefc918000 	C:\Windows\system32\CRYPTSP.dll
0x000007fefc5e0000 - 0x000007fefc627000 	C:\Windows\system32\rsaenh.dll
0x000007fefd560000 - 0x000007fefd57f000 	C:\Windows\system32\USERENV.dll
0x000007fefcfb0000 - 0x000007fefcfbf000 	C:\Windows\system32\CRYPTBASE.dll
0x000007fefac50000 - 0x000007fefac68000 	C:\Windows\system32\dhcpcsvc.DLL
0x000007fefac30000 - 0x000007fefac41000 	C:\Windows\system32\dhcpcsvc6.DLL

dbghelp: loaded successfully - version: 4.0.5 - missing functions: none
symbol engine: initialized successfully - sym options: 0x614 - pdb path: .;C:\eclipse\plugins\org.eclipse.justj.openjdk.hotspot.jre.full.win32.x86_64_17.0.3.v20220515-1416\jre\bin;C:\Windows\SYSTEM32;C:\Windows\WinSxS\amd64_microsoft.windows.common-controls_6595b64144ccf1df_6.0.7601.24483_none_e372d88f30fbb845;C:\eclipse\plugins\org.eclipse.justj.openjdk.hotspot.jre.full.win32.x86_64_17.0.3.v20220515-1416\jre\bin\server

VM Arguments:
jvm_args: -Dcom.sun.management.jmxremote -Dcom.sun.management.jmxremote.port=50097 -Dcom.sun.management.jmxremote.authenticate=false -Dcom.sun.management.jmxremote.ssl=false -Djava.rmi.server.hostname=localhost -Dspring.jmx.enabled=true -Dmanagement.endpoints.jmx.exposure.include=* -Dspring.application.admin.enabled=true -XX:TieredStopAtLevel=1 -Dspring.boot.project.name=spring -Dfile.encoding=UTF-8 -XX:+ShowCodeDetailsInExceptionMessages 
java_command: com.carlosborges.Application --spring.output.ansi.enabled=always
java_class_path (initial): C:\Projetos\Eclipse-spring\spring\target\classes;C:\Users\Carlos Borges\.m2\repository\org\springframework\boot\spring-boot-starter-data-jpa\3.2.5\spring-boot-starter-data-jpa-3.2.5.jar;C:\Users\Carlos Borges\.m2\repository\org\springframework\boot\spring-boot-starter-aop\3.2.5\spring-boot-starter-aop-3.2.5.jar;C:\Users\Carlos Borges\.m2\repository\org\springframework\spring-aop\6.1.6\spring-aop-6.1.6.jar;C:\Users\Carlos Borges\.m2\repository\org\aspectj\aspectjweaver\1.9.22\aspectjweaver-1.9.22.jar;C:\Users\Carlos Borges\.m2\repository\org\springframework\boot\spring-boot-starter-jdbc\3.2.5\spring-boot-starter-jdbc-3.2.5.jar;C:\Users\Carlos Borges\.m2\repository\com\zaxxer\HikariCP\5.0.1\HikariCP-5.0.1.jar;C:\Users\Carlos Borges\.m2\repository\org\springframework\spring-jdbc\6.1.6\spring-jdbc-6.1.6.jar;C:\Users\Carlos Borges\.m2\repository\org\hibernate\orm\hibernate-core\6.4.4.Final\hibernate-core-6.4.4.Final.jar;C:\Users\Carlos Borges\.m2\repository\jakarta\persistence\jakarta.persistence-api\3.1.0\jakarta.persistence-api-3.1.0.jar;C:\Users\Carlos Borges\.m2\repository\jakarta\transaction\jakarta.transaction-api\2.0.1\jakarta.transaction-api-2.0.1.jar;C:\Users\Carlos Borges\.m2\repository\org\jboss\logging\jboss-logging\3.5.3.Final\jboss-logging-3.5.3.Final.jar;C:\Users\Carlos Borges\.m2\repository\org\hibernate\common\hibernate-commons-annotations\6.0.6.Final\hibernate-commons-annotations-6.0.6.Final.jar;C:\Users\Carlos Borges\.m2\repository\io\smallrye\jandex\3.1.2\jandex-3.1.2.jar;C:\Users\Carlos Borges\.m2\repository\com\fasterxml\classmate\1.6.0\classmate-1.6.0.jar;C:\Users\Carlos Borges\.m2\repository\net\bytebuddy\byte-buddy\1.14.13\byte-buddy-1.14.13.jar;C:\Users\Carlos Borges\.m2\repository\org\glassfish\jaxb\jaxb-runtime\4.0.5\jaxb-runtime-4.0.5.jar;C:\Users\Carlos Borges\.m2\repository\org\glassfish\jaxb\jaxb-core\4.0.5\jaxb-core-4.0.5.jar;C:\Users\Carlos Borges\.m2\repository\org\eclipse\angus\angus-activation\2.0.2\angus-
Launcher Type: SUN_STANDARD

[Global flags]
     intx CICompilerCount                          = 2                                         {product} {ergonomic}
     uint ConcGCThreads                            = 1                                         {product} {ergonomic}
     uint G1ConcRefinementThreads                  = 2                                         {product} {ergonomic}
   size_t G1HeapRegionSize                         = 1048576                                   {product} {ergonomic}
    uintx GCDrainStackTargetSize                   = 64                                        {product} {ergonomic}
   size_t InitialHeapSize                          = 33554432                                  {product} {ergonomic}
     bool ManagementServer                         = true                                      {product} {command line}
   size_t MarkStackSize                            = 4194304                                   {product} {ergonomic}
   size_t MaxHeapSize                              = 528482304                                 {product} {ergonomic}
   size_t MaxNewSize                               = 316669952                                 {product} {ergonomic}
   size_t MinHeapDeltaBytes                        = 1048576                                   {product} {ergonomic}
   size_t MinHeapSize                              = 8388608                                   {product} {ergonomic}
    uintx NonProfiledCodeHeapSize                  = 0                                      {pd product} {ergonomic}
     bool ProfileInterpreter                       = false                                  {pd product} {command line}
    uintx ProfiledCodeHeapSize                     = 0                                      {pd product} {ergonomic}
     bool ShowCodeDetailsInExceptionMessages       = true                                   {manageable} {command line}
   size_t SoftMaxHeapSize                          = 528482304                              {manageable} {ergonomic}
     intx TieredStopAtLevel                        = 1                                         {product} {command line}
     bool UseCompressedClassPointers               = true                           {product lp64_product} {ergonomic}
     bool UseCompressedOops                        = true                           {product lp64_product} {ergonomic}
     bool UseG1GC                                  = true                                      {product} {ergonomic}
     bool UseLargePagesIndividualAllocation        = false                                  {pd product} {ergonomic}

Logging:
Log output configuration:
 #0: stdout all=warning uptime,level,tags
 #1: stderr all=off uptime,level,tags

Environment Variables:
JAVA_HOME=C:\Program Files\Java\zulu17.36.13-ca-jdk17.0.4-win_x64
PATH=C:/eclipse//plugins/org.eclipse.justj.openjdk.hotspot.jre.full.win32.x86_64_17.0.3.v20220515-1416/jre/bin/server;C:/eclipse//plugins/org.eclipse.justj.openjdk.hotspot.jre.full.win32.x86_64_17.0.3.v20220515-1416/jre/bin;C:\Program Files\Common Files\Oracle\Java\javapath;C:\Windows\system32;C:\Windows;C:\Windows\System32\Wbem;C:\Windows\System32\WindowsPowerShell\v1.0\;C:\Program Files\Java\zulu17.36.13-ca-jdk17.0.4-win_x64\bin;C:\Program Files\nodejs\;C:\Program Files\dotnet\;C:\Program Files\MongoDB\Server\3.6\bin;C:\Program Files\Git\cmd;C:\Program Files\MySQL\MySQL Shell 8.0\bin\;C:\Users\Carlos Borges\AppData\Local\Programs\Microsoft VS Code\bin;C:\Program Files\heroku\bin;C:\Users\Carlos Borges\AppData\Roaming\npm;C:\Program Files\JetBrains\IntelliJ IDEA 2023.1\bin;;C:\eclipse;
USERNAME=Carlos Borges
OS=Windows_NT
PROCESSOR_IDENTIFIER=Intel64 Family 6 Model 23 Stepping 10, GenuineIntel



---------------  S Y S T E M  ---------------

OS:
 Windows 7 , 64 bit Build 7601 (6.1.7601.25740)
OS uptime: 0 days 1:31 hours

CPU: total 2 (initial active 2) (2 cores per cpu, 1 threads per core) family 6 model 23 stepping 10 microcode 0x0, cx8, cmov, fxsr, mmx, sse, sse2, sse3, ssse3, tsc, clflush

Memory: 4k page, system-wide physical 2013M (257M free)
TotalPageFile size 5553M (AvailPageFile size 838M)
current process WorkingSet (physical memory assigned to process): 93M, peak: 93M
current process commit charge ("private bytes"): 129M, peak: 129M

vm_info: OpenJDK 64-Bit Server VM (17.0.3+7) for windows-amd64 JRE (17.0.3+7), built on Apr 19 2022 16:55:35 by "" with MS VC++ 16.7 (VS2019)

END.
